[ 2017-08-23T09:16:54+08:00 ] 127.0.0.1 /GreenCMS/
INFO: [ app_init ] --START--
INFO: Run Behavior\BuildLiteBehavior [ RunTime:0.000000s ]
INFO: [ app_init ] --END-- [ RunTime:0.016001s ]
INFO: [ app_begin ] --START--
INFO: Run Behavior\ReadHtmlCacheBehavior [ RunTime:0.020001s ]
INFO: [ app_begin ] --END-- [ RunTime:0.020001s ]
SQL: SHOW COLUMNS FROM `green_article` [ RunTime:0.0790s ]
SQL: SHOW COLUMNS FROM `green_contact` [ RunTime:0.0530s ]
SQL: SHOW COLUMNS FROM `green_product` [ RunTime:0.0260s ]
SQL: SELECT COUNT(*) AS tp_count FROM `green_article` LIMIT 1   [ RunTime:0.0300s ]
SQL: SELECT COUNT(*) AS tp_count FROM `green_product` LIMIT 1   [ RunTime:0.0010s ]
SQL: SELECT * FROM `green_article` ORDER BY article_id LIMIT 1   [ RunTime:0.0120s ]
SQL: SELECT * FROM `green_article` ORDER BY article_id LIMIT 0,6   [ RunTime:0.0000s ]
SQL: SELECT * FROM `green_contact` ORDER BY contact_id LIMIT 1   [ RunTime:0.0000s ]
SQL: SELECT * FROM `green_product` ORDER BY product_id LIMIT 0,6   [ RunTime:0.0090s ]
INFO: [ view_parse ] --START--
INFO: [ template_filter ] --START--
INFO: Run Behavior\ContentReplaceBehavior [ RunTime:0.047003s ]
INFO: [ template_filter ] --END-- [ RunTime:0.047003s ]
INFO: Run Behavior\ParseTemplateBehavior [ RunTime:0.244014s ]
INFO: [ view_parse ] --END-- [ RunTime:0.245014s ]
INFO: [ view_filter ] --START--
INFO: Run Behavior\WriteHtmlCacheBehavior [ RunTime:0.010000s ]
INFO: [ view_filter ] --END-- [ RunTime:0.010000s ]
INFO: [ app_end ] --START--
INFO: Run Behavior\ShowPageTraceBehavior [ RunTime:0.027002s ]
INFO: [ app_end ] --END-- [ RunTime:0.027002s ]

