[ 2017-09-09T00:27:21+08:00 ] 127.0.0.1 /GreenCMS/
INFO: [ app_init ] --START--
INFO: Run Behavior\BuildLiteBehavior [ RunTime:0.000000s ]
INFO: [ app_init ] --END-- [ RunTime:0.017001s ]
INFO: [ app_begin ] --START--
INFO: Run Behavior\ReadHtmlCacheBehavior [ RunTime:0.010000s ]
INFO: Run Behavior\CheckLangBehavior [ RunTime:0.057004s ]
INFO: [ app_begin ] --END-- [ RunTime:0.067004s ]
SQL: SHOW COLUMNS FROM `green_article` [ RunTime:0.0680s ]
SQL: SHOW COLUMNS FROM `green_contact` [ RunTime:0.0870s ]
SQL: SHOW COLUMNS FROM `green_product` [ RunTime:0.1020s ]
SQL: SELECT COUNT(*) AS tp_count FROM `green_article` LIMIT 1   [ RunTime:0.0000s ]
SQL: SELECT COUNT(*) AS tp_count FROM `green_product` LIMIT 1   [ RunTime:0.0000s ]
SQL: SELECT * FROM `green_article` ORDER BY article_id LIMIT 1   [ RunTime:0.0120s ]
SQL: SELECT * FROM `green_article` ORDER BY article_id LIMIT 0,6   [ RunTime:0.0010s ]
SQL: SELECT * FROM `green_contact` ORDER BY contact_id LIMIT 1   [ RunTime:0.0000s ]
SQL: SELECT * FROM `green_product` ORDER BY product_id LIMIT 0,6   [ RunTime:0.0100s ]
INFO: [ view_parse ] --START--
INFO: [ template_filter ] --START--
INFO: Run Behavior\ContentReplaceBehavior [ RunTime:0.019002s ]
INFO: [ template_filter ] --END-- [ RunTime:0.019002s ]
INFO: Run Behavior\ParseTemplateBehavior [ RunTime:0.220013s ]
INFO: [ view_parse ] --END-- [ RunTime:0.220013s ]
INFO: [ view_filter ] --START--
INFO: Run Behavior\WriteHtmlCacheBehavior [ RunTime:0.024001s ]
INFO: [ view_filter ] --END-- [ RunTime:0.024001s ]
INFO: [ app_end ] --START--
INFO: Run Behavior\ShowPageTraceBehavior [ RunTime:0.015001s ]
INFO: [ app_end ] --END-- [ RunTime:0.015001s ]

[ 2017-09-09T00:27:23+08:00 ] 127.0.0.1 /GreenCMS/index.php/Home/Article/index.html
INFO: [ app_init ] --START--
INFO: Run Behavior\BuildLiteBehavior [ RunTime:0.001000s ]
INFO: [ app_init ] --END-- [ RunTime:0.001000s ]
INFO: [ app_begin ] --START--
INFO: Run Behavior\ReadHtmlCacheBehavior [ RunTime:0.002000s ]
INFO: Run Behavior\CheckLangBehavior [ RunTime:0.003000s ]
INFO: [ app_begin ] --END-- [ RunTime:0.005000s ]
SQL: SHOW COLUMNS FROM `green_article` [ RunTime:0.0180s ]
SQL: SELECT * FROM `green_article` ORDER BY article_id LIMIT 1   [ RunTime:0.0010s ]
INFO: [ view_parse ] --START--
INFO: [ template_filter ] --START--
INFO: Run Behavior\ContentReplaceBehavior [ RunTime:0.000000s ]
INFO: [ template_filter ] --END-- [ RunTime:0.000000s ]
INFO: Run Behavior\ParseTemplateBehavior [ RunTime:0.111006s ]
INFO: [ view_parse ] --END-- [ RunTime:0.111006s ]
INFO: [ view_filter ] --START--
INFO: Run Behavior\WriteHtmlCacheBehavior [ RunTime:0.001000s ]
INFO: [ view_filter ] --END-- [ RunTime:0.001000s ]
INFO: [ app_end ] --START--
INFO: Run Behavior\ShowPageTraceBehavior [ RunTime:0.002000s ]
INFO: [ app_end ] --END-- [ RunTime:0.002000s ]

[ 2017-09-09T00:27:23+08:00 ] 127.0.0.1 /GreenCMS/index.php/Home/Article/images/jian1.png
INFO: [ app_init ] --START--
INFO: Run Behavior\BuildLiteBehavior [ RunTime:0.000000s ]
INFO: [ app_init ] --END-- [ RunTime:0.000000s ]

[ 2017-09-09T00:27:23+08:00 ] 127.0.0.1 /GreenCMS/index.php/Home/Article/images/plus.png
INFO: [ app_init ] --START--
INFO: Run Behavior\BuildLiteBehavior [ RunTime:0.000000s ]
INFO: [ app_init ] --END-- [ RunTime:0.001001s ]

[ 2017-09-09T00:27:23+08:00 ] 127.0.0.1 /GreenCMS/index.php/Home/Article/images/jian.png
INFO: [ app_init ] --START--
INFO: Run Behavior\BuildLiteBehavior [ RunTime:0.000000s ]
INFO: [ app_init ] --END-- [ RunTime:0.001000s ]

[ 2017-09-09T00:27:24+08:00 ] 127.0.0.1 /GreenCMS/index.php/Home/Product/index.html
INFO: [ app_init ] --START--
INFO: Run Behavior\BuildLiteBehavior [ RunTime:0.000000s ]
INFO: [ app_init ] --END-- [ RunTime:0.002000s ]
INFO: [ app_begin ] --START--
INFO: Run Behavior\ReadHtmlCacheBehavior [ RunTime:0.002000s ]
INFO: Run Behavior\CheckLangBehavior [ RunTime:0.003000s ]
INFO: [ app_begin ] --END-- [ RunTime:0.005000s ]
SQL: SHOW COLUMNS FROM `green_product` [ RunTime:0.0190s ]
SQL: SHOW COLUMNS FROM `green_product_cate` [ RunTime:0.0730s ]
SQL: SELECT COUNT(*) AS tp_count FROM green_product produ WHERE ( produ.procate_id=0 ) LIMIT 1   [ RunTime:0.0000s ]
SQL: SELECT * FROM green_product pro WHERE ( pro.procate_id=0 ) LIMIT 0,6   [ RunTime:0.0010s ]
SQL: SELECT * FROM `green_product_cate` WHERE ( procate_id >1 ) LIMIT 6   [ RunTime:0.0010s ]
INFO: [ view_parse ] --START--
INFO: [ template_filter ] --START--
INFO: Run Behavior\ContentReplaceBehavior [ RunTime:0.000000s ]
INFO: [ template_filter ] --END-- [ RunTime:0.000000s ]
INFO: Run Behavior\ParseTemplateBehavior [ RunTime:0.054003s ]
INFO: [ view_parse ] --END-- [ RunTime:0.054003s ]
INFO: [ view_filter ] --START--
INFO: Run Behavior\WriteHtmlCacheBehavior [ RunTime:0.001001s ]
INFO: [ view_filter ] --END-- [ RunTime:0.001001s ]
INFO: [ app_end ] --START--
INFO: Run Behavior\ShowPageTraceBehavior [ RunTime:0.002000s ]
INFO: [ app_end ] --END-- [ RunTime:0.002000s ]

[ 2017-09-09T00:27:24+08:00 ] 127.0.0.1 /GreenCMS/index.php/Home/Product/images/jian.png
INFO: [ app_init ] --START--
INFO: Run Behavior\BuildLiteBehavior [ RunTime:0.000000s ]
INFO: [ app_init ] --END-- [ RunTime:0.001000s ]

[ 2017-09-09T00:27:30+08:00 ] 127.0.0.1 /GreenCMS/index.php/Home/Product/images/plus.png
INFO: [ app_init ] --START--
INFO: Run Behavior\BuildLiteBehavior [ RunTime:0.000000s ]
INFO: [ app_init ] --END-- [ RunTime:0.001000s ]

[ 2017-09-09T00:27:30+08:00 ] 127.0.0.1 /GreenCMS/index.php/Home/product/index/procate_id/2.html
INFO: [ app_init ] --START--
INFO: Run Behavior\BuildLiteBehavior [ RunTime:0.000000s ]
INFO: [ app_init ] --END-- [ RunTime:0.001000s ]
INFO: [ app_begin ] --START--
INFO: Run Behavior\ReadHtmlCacheBehavior [ RunTime:0.001000s ]
INFO: Run Behavior\CheckLangBehavior [ RunTime:0.003001s ]
INFO: [ app_begin ] --END-- [ RunTime:0.004001s ]
SQL: SHOW COLUMNS FROM `green_product` [ RunTime:0.0210s ]
SQL: SHOW COLUMNS FROM `green_product_cate` [ RunTime:0.0190s ]
SQL: SELECT COUNT(*) AS tp_count FROM green_product produ WHERE ( produ.procate_id=2 ) LIMIT 1   [ RunTime:0.0010s ]
SQL: SELECT * FROM green_product pro WHERE ( pro.procate_id=2 ) LIMIT 0,6   [ RunTime:0.0010s ]
SQL: SELECT * FROM `green_product_cate` WHERE ( procate_id >1 ) LIMIT 6   [ RunTime:0.0000s ]
INFO: [ view_parse ] --START--
INFO: [ template_filter ] --START--
INFO: Run Behavior\ContentReplaceBehavior [ RunTime:0.000000s ]
INFO: [ template_filter ] --END-- [ RunTime:0.000000s ]
INFO: Run Behavior\ParseTemplateBehavior [ RunTime:0.020001s ]
INFO: [ view_parse ] --END-- [ RunTime:0.020001s ]
INFO: [ view_filter ] --START--
INFO: Run Behavior\WriteHtmlCacheBehavior [ RunTime:0.002000s ]
INFO: [ view_filter ] --END-- [ RunTime:0.002000s ]
INFO: [ app_end ] --START--
INFO: Run Behavior\ShowPageTraceBehavior [ RunTime:0.001000s ]
INFO: [ app_end ] --END-- [ RunTime:0.001000s ]

[ 2017-09-09T00:27:30+08:00 ] 127.0.0.1 /GreenCMS/index.php/Home/Product/images/jian.png
INFO: [ app_init ] --START--
INFO: Run Behavior\BuildLiteBehavior [ RunTime:0.000000s ]
INFO: [ app_init ] --END-- [ RunTime:0.002000s ]

[ 2017-09-09T00:27:30+08:00 ] 127.0.0.1 /GreenCMS/index.php/Home/product/index/procate_id/images/jian.png
INFO: [ app_init ] --START--
INFO: Run Behavior\BuildLiteBehavior [ RunTime:0.000000s ]
INFO: [ app_init ] --END-- [ RunTime:0.001000s ]

[ 2017-09-09T00:27:30+08:00 ] 127.0.0.1 /GreenCMS/index.php/Home/product/index/procate_id/images/plus.png
INFO: [ app_init ] --START--
INFO: Run Behavior\BuildLiteBehavior [ RunTime:0.000000s ]
INFO: [ app_init ] --END-- [ RunTime:0.001000s ]

[ 2017-09-09T00:27:30+08:00 ] 127.0.0.1 /GreenCMS/index.php/Home/product/index/procate_id/images/jian.png
INFO: [ app_init ] --START--
INFO: Run Behavior\BuildLiteBehavior [ RunTime:0.000000s ]
INFO: [ app_init ] --END-- [ RunTime:0.001000s ]

[ 2017-09-09T00:27:30+08:00 ] 127.0.0.1 /GreenCMS/index.php/Home/product/index/procate_id/3.html
INFO: [ app_init ] --START--
INFO: Run Behavior\BuildLiteBehavior [ RunTime:0.000000s ]
INFO: [ app_init ] --END-- [ RunTime:0.001000s ]
INFO: [ app_begin ] --START--
INFO: Run Behavior\ReadHtmlCacheBehavior [ RunTime:0.002000s ]
INFO: Run Behavior\CheckLangBehavior [ RunTime:0.005001s ]
INFO: [ app_begin ] --END-- [ RunTime:0.007001s ]
SQL: SHOW COLUMNS FROM `green_product` [ RunTime:0.0190s ]
SQL: SHOW COLUMNS FROM `green_product_cate` [ RunTime:0.0230s ]
SQL: SELECT COUNT(*) AS tp_count FROM green_product produ WHERE ( produ.procate_id=3 ) LIMIT 1   [ RunTime:0.0010s ]
SQL: SELECT * FROM green_product pro WHERE ( pro.procate_id=3 ) LIMIT 0,6   [ RunTime:0.0000s ]
SQL: SELECT * FROM `green_product_cate` WHERE ( procate_id >1 ) LIMIT 6   [ RunTime:0.0000s ]
INFO: [ view_parse ] --START--
INFO: [ template_filter ] --START--
INFO: Run Behavior\ContentReplaceBehavior [ RunTime:0.001000s ]
INFO: [ template_filter ] --END-- [ RunTime:0.001000s ]
INFO: Run Behavior\ParseTemplateBehavior [ RunTime:0.019001s ]
INFO: [ view_parse ] --END-- [ RunTime:0.019001s ]
INFO: [ view_filter ] --START--
INFO: Run Behavior\WriteHtmlCacheBehavior [ RunTime:0.001000s ]
INFO: [ view_filter ] --END-- [ RunTime:0.001000s ]
INFO: [ app_end ] --START--
INFO: Run Behavior\ShowPageTraceBehavior [ RunTime:0.002000s ]
INFO: [ app_end ] --END-- [ RunTime:0.002000s ]

[ 2017-09-09T00:27:31+08:00 ] 127.0.0.1 /GreenCMS/index.php/Home/product/index/procate_id/images/jian.png
INFO: [ app_init ] --START--
INFO: Run Behavior\BuildLiteBehavior [ RunTime:0.000000s ]
INFO: [ app_init ] --END-- [ RunTime:0.003000s ]

[ 2017-09-09T00:27:31+08:00 ] 127.0.0.1 /GreenCMS/index.php/Home/product/index/procate_id/images/plus.png
INFO: [ app_init ] --START--
INFO: Run Behavior\BuildLiteBehavior [ RunTime:0.001000s ]
INFO: [ app_init ] --END-- [ RunTime:0.001000s ]

[ 2017-09-09T00:27:31+08:00 ] 127.0.0.1 /GreenCMS/index.php/Home/product/index/procate_id/images/jian.png
INFO: [ app_init ] --START--
INFO: Run Behavior\BuildLiteBehavior [ RunTime:0.000000s ]
INFO: [ app_init ] --END-- [ RunTime:0.001000s ]

[ 2017-09-09T00:27:31+08:00 ] 127.0.0.1 /GreenCMS/index.php/Home/product/index/procate_id/4.html
INFO: [ app_init ] --START--
INFO: Run Behavior\BuildLiteBehavior [ RunTime:0.000000s ]
INFO: [ app_init ] --END-- [ RunTime:0.001000s ]
INFO: [ app_begin ] --START--
INFO: Run Behavior\ReadHtmlCacheBehavior [ RunTime:0.002000s ]
INFO: Run Behavior\CheckLangBehavior [ RunTime:0.005001s ]
INFO: [ app_begin ] --END-- [ RunTime:0.007001s ]
SQL: SHOW COLUMNS FROM `green_product` [ RunTime:0.0200s ]
SQL: SHOW COLUMNS FROM `green_product_cate` [ RunTime:0.0170s ]
SQL: SELECT COUNT(*) AS tp_count FROM green_product produ WHERE ( produ.procate_id=4 ) LIMIT 1   [ RunTime:0.0000s ]
SQL: SELECT * FROM green_product pro WHERE ( pro.procate_id=4 ) LIMIT 0,6   [ RunTime:0.0010s ]
SQL: SELECT * FROM `green_product_cate` WHERE ( procate_id >1 ) LIMIT 6   [ RunTime:0.0000s ]
INFO: [ view_parse ] --START--
INFO: [ template_filter ] --START--
INFO: Run Behavior\ContentReplaceBehavior [ RunTime:0.000000s ]
INFO: [ template_filter ] --END-- [ RunTime:0.000000s ]
INFO: Run Behavior\ParseTemplateBehavior [ RunTime:0.026002s ]
INFO: [ view_parse ] --END-- [ RunTime:0.026002s ]
INFO: [ view_filter ] --START--
INFO: Run Behavior\WriteHtmlCacheBehavior [ RunTime:0.001000s ]
INFO: [ view_filter ] --END-- [ RunTime:0.001000s ]
INFO: [ app_end ] --START--
INFO: Run Behavior\ShowPageTraceBehavior [ RunTime:0.002000s ]
INFO: [ app_end ] --END-- [ RunTime:0.002000s ]

[ 2017-09-09T00:27:31+08:00 ] 127.0.0.1 /GreenCMS/index.php/Home/product/index/procate_id/images/jian.png
INFO: [ app_init ] --START--
INFO: Run Behavior\BuildLiteBehavior [ RunTime:0.000000s ]
INFO: [ app_init ] --END-- [ RunTime:0.001000s ]

[ 2017-09-09T00:27:32+08:00 ] 127.0.0.1 /GreenCMS/index.php/Home/product/index/procate_id/images/plus.png
INFO: [ app_init ] --START--
INFO: Run Behavior\BuildLiteBehavior [ RunTime:0.001000s ]
INFO: [ app_init ] --END-- [ RunTime:0.001000s ]

[ 2017-09-09T00:27:32+08:00 ] 127.0.0.1 /GreenCMS/index.php/Home/product/index/procate_id/5.html
INFO: [ app_init ] --START--
INFO: Run Behavior\BuildLiteBehavior [ RunTime:0.000000s ]
INFO: [ app_init ] --END-- [ RunTime:0.001000s ]
INFO: [ app_begin ] --START--
INFO: Run Behavior\ReadHtmlCacheBehavior [ RunTime:0.002000s ]
INFO: Run Behavior\CheckLangBehavior [ RunTime:0.004000s ]
INFO: [ app_begin ] --END-- [ RunTime:0.006000s ]
SQL: SHOW COLUMNS FROM `green_product` [ RunTime:0.0220s ]
SQL: SHOW COLUMNS FROM `green_product_cate` [ RunTime:0.0190s ]
SQL: SELECT COUNT(*) AS tp_count FROM green_product produ WHERE ( produ.procate_id=5 ) LIMIT 1   [ RunTime:0.0000s ]
SQL: SELECT * FROM green_product pro WHERE ( pro.procate_id=5 ) LIMIT 0,6   [ RunTime:0.0010s ]
SQL: SELECT * FROM `green_product_cate` WHERE ( procate_id >1 ) LIMIT 6   [ RunTime:0.0000s ]
INFO: [ view_parse ] --START--
INFO: [ template_filter ] --START--
INFO: Run Behavior\ContentReplaceBehavior [ RunTime:0.000000s ]
INFO: [ template_filter ] --END-- [ RunTime:0.000000s ]
INFO: Run Behavior\ParseTemplateBehavior [ RunTime:0.020001s ]
INFO: [ view_parse ] --END-- [ RunTime:0.020001s ]
INFO: [ view_filter ] --START--
INFO: Run Behavior\WriteHtmlCacheBehavior [ RunTime:0.001000s ]
INFO: [ view_filter ] --END-- [ RunTime:0.001000s ]
INFO: [ app_end ] --START--
INFO: Run Behavior\ShowPageTraceBehavior [ RunTime:0.002001s ]
INFO: [ app_end ] --END-- [ RunTime:0.002001s ]

[ 2017-09-09T00:27:32+08:00 ] 127.0.0.1 /GreenCMS/index.php/Home/product/index/procate_id/images/jian.png
INFO: [ app_init ] --START--
INFO: Run Behavior\BuildLiteBehavior [ RunTime:0.000000s ]
INFO: [ app_init ] --END-- [ RunTime:0.002000s ]

[ 2017-09-09T00:27:32+08:00 ] 127.0.0.1 /GreenCMS/index.php/Home/product/index/procate_id/images/jian.png
INFO: [ app_init ] --START--
INFO: Run Behavior\BuildLiteBehavior [ RunTime:0.000000s ]
INFO: [ app_init ] --END-- [ RunTime:0.001000s ]

