[ 2017-05-04T16:22:05+08:00 ] 127.0.0.1 /GreenCMS/
INFO: [ app_init ] --START--
INFO: Run Behavior\BuildLiteBehavior [ RunTime:0.000000s ]
INFO: [ app_init ] --END-- [ RunTime:0.184010s ]
INFO: [ app_begin ] --START--
INFO: Run Behavior\ReadHtmlCacheBehavior [ RunTime:0.046002s ]
INFO: [ app_begin ] --END-- [ RunTime:0.046002s ]
SQL: SHOW COLUMNS FROM `green_article` [ RunTime:0.4390s ]
SQL: SHOW COLUMNS FROM `green_contact` [ RunTime:0.1710s ]
SQL: SHOW COLUMNS FROM `green_product` [ RunTime:0.1240s ]
SQL: SELECT COUNT(*) AS tp_count FROM `green_article` LIMIT 1   [ RunTime:0.1390s ]
SQL: SELECT COUNT(*) AS tp_count FROM `green_product` LIMIT 1   [ RunTime:0.0010s ]
SQL: SELECT * FROM `green_article` ORDER BY article_id LIMIT 1   [ RunTime:0.0670s ]
SQL: SELECT * FROM `green_article` ORDER BY article_id LIMIT 0,6   [ RunTime:0.0850s ]
SQL: SELECT * FROM `green_contact` ORDER BY contact_id LIMIT 1   [ RunTime:0.0000s ]
SQL: SELECT * FROM `green_product` ORDER BY product_id LIMIT 0,6   [ RunTime:0.0130s ]
INFO: [ view_parse ] --START--
INFO: [ template_filter ] --START--
INFO: Run Behavior\ContentReplaceBehavior [ RunTime:0.154008s ]
INFO: [ template_filter ] --END-- [ RunTime:0.154008s ]
INFO: Run Behavior\ParseTemplateBehavior [ RunTime:1.349077s ]
INFO: [ view_parse ] --END-- [ RunTime:1.349077s ]
INFO: [ view_filter ] --START--
INFO: Run Behavior\WriteHtmlCacheBehavior [ RunTime:0.101006s ]
INFO: [ view_filter ] --END-- [ RunTime:0.101006s ]
INFO: [ app_end ] --START--
INFO: Run Behavior\ShowPageTraceBehavior [ RunTime:0.106006s ]
INFO: [ app_end ] --END-- [ RunTime:0.106006s ]

[ 2017-05-04T16:22:05+08:00 ] 127.0.0.1 /GreenCMS/
INFO: [ app_init ] --START--
INFO: Run Behavior\BuildLiteBehavior [ RunTime:0.000000s ]
INFO: [ app_init ] --END-- [ RunTime:0.001001s ]
INFO: [ app_begin ] --START--
INFO: Run Behavior\ReadHtmlCacheBehavior [ RunTime:0.001000s ]
INFO: [ app_begin ] --END-- [ RunTime:0.001000s ]
SQL: SHOW COLUMNS FROM `green_article` [ RunTime:0.0090s ]
SQL: SHOW COLUMNS FROM `green_contact` [ RunTime:0.0080s ]
SQL: SHOW COLUMNS FROM `green_product` [ RunTime:0.0080s ]
SQL: SELECT COUNT(*) AS tp_count FROM `green_article` LIMIT 1   [ RunTime:0.0000s ]
SQL: SELECT COUNT(*) AS tp_count FROM `green_product` LIMIT 1   [ RunTime:0.0030s ]
SQL: SELECT * FROM `green_article` ORDER BY article_id LIMIT 1   [ RunTime:0.0000s ]
SQL: SELECT * FROM `green_article` ORDER BY article_id LIMIT 0,6   [ RunTime:0.0000s ]
SQL: SELECT * FROM `green_contact` ORDER BY contact_id LIMIT 1   [ RunTime:0.0000s ]
SQL: SELECT * FROM `green_product` ORDER BY product_id LIMIT 0,6   [ RunTime:0.0010s ]
INFO: [ view_parse ] --START--
INFO: [ template_filter ] --START--
INFO: Run Behavior\ContentReplaceBehavior [ RunTime:0.000000s ]
INFO: [ template_filter ] --END-- [ RunTime:0.000000s ]
INFO: Run Behavior\ParseTemplateBehavior [ RunTime:0.017001s ]
INFO: [ view_parse ] --END-- [ RunTime:0.017001s ]
INFO: [ view_filter ] --START--
INFO: Run Behavior\WriteHtmlCacheBehavior [ RunTime:0.000000s ]
INFO: [ view_filter ] --END-- [ RunTime:0.000000s ]
INFO: [ app_end ] --START--
INFO: Run Behavior\ShowPageTraceBehavior [ RunTime:0.002000s ]
INFO: [ app_end ] --END-- [ RunTime:0.002000s ]

[ 2017-05-04T16:22:05+08:00 ] 127.0.0.1 /GreenCMS/
INFO: [ app_init ] --START--
INFO: Run Behavior\BuildLiteBehavior [ RunTime:0.000000s ]
INFO: [ app_init ] --END-- [ RunTime:0.000000s ]
INFO: [ app_begin ] --START--
INFO: Run Behavior\ReadHtmlCacheBehavior [ RunTime:0.002000s ]
INFO: [ app_begin ] --END-- [ RunTime:0.002000s ]
SQL: SHOW COLUMNS FROM `green_article` [ RunTime:0.0070s ]
SQL: SHOW COLUMNS FROM `green_contact` [ RunTime:0.0090s ]
SQL: SHOW COLUMNS FROM `green_product` [ RunTime:0.0080s ]
SQL: SELECT COUNT(*) AS tp_count FROM `green_article` LIMIT 1   [ RunTime:0.0000s ]
SQL: SELECT COUNT(*) AS tp_count FROM `green_product` LIMIT 1   [ RunTime:0.0000s ]
SQL: SELECT * FROM `green_article` ORDER BY article_id LIMIT 1   [ RunTime:0.0010s ]
SQL: SELECT * FROM `green_article` ORDER BY article_id LIMIT 0,6   [ RunTime:0.0010s ]
SQL: SELECT * FROM `green_contact` ORDER BY contact_id LIMIT 1   [ RunTime:0.0010s ]
SQL: SELECT * FROM `green_product` ORDER BY product_id LIMIT 0,6   [ RunTime:0.0010s ]
INFO: [ view_parse ] --START--
INFO: [ template_filter ] --START--
INFO: Run Behavior\ContentReplaceBehavior [ RunTime:0.000000s ]
INFO: [ template_filter ] --END-- [ RunTime:0.001000s ]
INFO: Run Behavior\ParseTemplateBehavior [ RunTime:0.015000s ]
INFO: [ view_parse ] --END-- [ RunTime:0.015000s ]
INFO: [ view_filter ] --START--
INFO: Run Behavior\WriteHtmlCacheBehavior [ RunTime:0.000000s ]
INFO: [ view_filter ] --END-- [ RunTime:0.001000s ]
INFO: [ app_end ] --START--
INFO: Run Behavior\ShowPageTraceBehavior [ RunTime:0.001001s ]
INFO: [ app_end ] --END-- [ RunTime:0.002001s ]

