[ 2017-06-17T11:33:30+08:00 ] 127.0.0.1 /GreenCMS/
INFO: [ app_init ] --START--
INFO: Run Behavior\BuildLiteBehavior [ RunTime:0.000000s ]
INFO: [ app_init ] --END-- [ RunTime:0.032002s ]
INFO: [ app_begin ] --START--
INFO: Run Behavior\ReadHtmlCacheBehavior [ RunTime:0.011000s ]
INFO: [ app_begin ] --END-- [ RunTime:0.011000s ]
SQL: SHOW COLUMNS FROM `green_article` [ RunTime:0.0690s ]
SQL: SHOW COLUMNS FROM `green_contact` [ RunTime:0.0690s ]
SQL: SHOW COLUMNS FROM `green_product` [ RunTime:0.0270s ]
SQL: SELECT COUNT(*) AS tp_count FROM `green_article` LIMIT 1   [ RunTime:0.0010s ]
SQL: SELECT COUNT(*) AS tp_count FROM `green_product` LIMIT 1   [ RunTime:0.0000s ]
SQL: SELECT * FROM `green_article` ORDER BY article_id LIMIT 1   [ RunTime:0.0060s ]
SQL: SELECT * FROM `green_article` ORDER BY article_id LIMIT 0,6   [ RunTime:0.0010s ]
SQL: SELECT * FROM `green_contact` ORDER BY contact_id LIMIT 1   [ RunTime:0.0000s ]
SQL: SELECT * FROM `green_product` ORDER BY product_id LIMIT 0,6   [ RunTime:0.0100s ]
INFO: [ view_parse ] --START--
INFO: [ template_filter ] --START--
INFO: Run Behavior\ContentReplaceBehavior [ RunTime:0.033002s ]
INFO: [ template_filter ] --END-- [ RunTime:0.033002s ]
INFO: Run Behavior\ParseTemplateBehavior [ RunTime:0.327018s ]
INFO: [ view_parse ] --END-- [ RunTime:0.327018s ]
INFO: [ view_filter ] --START--
INFO: Run Behavior\WriteHtmlCacheBehavior [ RunTime:0.023002s ]
INFO: [ view_filter ] --END-- [ RunTime:0.023002s ]
INFO: [ app_end ] --START--
INFO: Run Behavior\ShowPageTraceBehavior [ RunTime:0.004000s ]
INFO: [ app_end ] --END-- [ RunTime:0.004000s ]

