[ 2017-10-05T11:06:01+08:00 ] 127.0.0.1 /GreenCMS/
INFO: [ app_init ] --START--
INFO: Run Behavior\BuildLiteBehavior [ RunTime:0.000000s ]
INFO: [ app_init ] --END-- [ RunTime:0.139801s ]
INFO: [ app_begin ] --START--
INFO: Run Behavior\ReadHtmlCacheBehavior [ RunTime:0.226401s ]
INFO: Run Behavior\CheckLangBehavior [ RunTime:0.318402s ]
INFO: [ app_begin ] --END-- [ RunTime:0.544803s ]
SQL: SHOW COLUMNS FROM `green_article` [ RunTime:0.9924s ]
SQL: SHOW COLUMNS FROM `green_contact` [ RunTime:0.5892s ]
SQL: SHOW COLUMNS FROM `green_product` [ RunTime:0.5892s ]
SQL: SELECT COUNT(*) AS tp_count FROM `green_article` LIMIT 1   [ RunTime:0.4096s ]
SQL: SELECT COUNT(*) AS tp_count FROM `green_product` LIMIT 1   [ RunTime:0.0000s ]
SQL: SELECT * FROM `green_article` ORDER BY article_id LIMIT 1   [ RunTime:0.1494s ]
SQL: SELECT * FROM `green_article` ORDER BY article_id LIMIT 0,6   [ RunTime:0.0000s ]
SQL: SELECT * FROM `green_contact` ORDER BY contact_id LIMIT 1   [ RunTime:0.0156s ]
SQL: SELECT * FROM `green_product` ORDER BY product_id LIMIT 0,6   [ RunTime:0.0624s ]
INFO: [ view_parse ] --START--
INFO: [ template_filter ] --START--
INFO: Run Behavior\ContentReplaceBehavior [ RunTime:0.109200s ]
INFO: [ template_filter ] --END-- [ RunTime:0.109200s ]
INFO: Run Behavior\ParseTemplateBehavior [ RunTime:3.254009s ]
INFO: [ view_parse ] --END-- [ RunTime:3.254009s ]
INFO: [ view_filter ] --START--
INFO: Run Behavior\WriteHtmlCacheBehavior [ RunTime:0.065400s ]
INFO: [ view_filter ] --END-- [ RunTime:0.065400s ]
INFO: [ app_end ] --START--
INFO: Run Behavior\ShowPageTraceBehavior [ RunTime:0.202800s ]
INFO: [ app_end ] --END-- [ RunTime:0.202800s ]

