[ 2017-04-30T11:03:39+08:00 ] ::1 /GreenCMS/index.php/admin/index/index
INFO: [ app_init ] --START--
INFO: Run Behavior\BuildLiteBehavior [ RunTime:0.000000s ]
INFO: [ app_init ] --END-- [ RunTime:0.000000s ]
INFO: [ app_begin ] --START--
INFO: Run Behavior\ReadHtmlCacheBehavior [ RunTime:0.000000s ]
INFO: [ app_begin ] --END-- [ RunTime:0.000000s ]
NOTIC: [8] A session had already been started - ignoring session_start() D:\phpStudy\WWW\GreenCMS\ThinkPHP\Common\functions.php 第 1272 行.
INFO: [ view_parse ] --START--
INFO: [ template_filter ] --START--
INFO: Run Behavior\ContentReplaceBehavior [ RunTime:0.000000s ]
INFO: [ template_filter ] --END-- [ RunTime:0.000000s ]
INFO: Run Behavior\ParseTemplateBehavior [ RunTime:0.090005s ]
INFO: [ view_parse ] --END-- [ RunTime:0.090005s ]
INFO: [ view_filter ] --START--
INFO: Run Behavior\WriteHtmlCacheBehavior [ RunTime:0.000000s ]
INFO: [ view_filter ] --END-- [ RunTime:0.000000s ]

[ 2017-04-30T11:03:43+08:00 ] ::1 /GreenCMS/index.php/Admin/login/index.html
INFO: [ app_init ] --START--
INFO: Run Behavior\BuildLiteBehavior [ RunTime:0.000000s ]
INFO: [ app_init ] --END-- [ RunTime:0.000000s ]
INFO: [ app_begin ] --START--
INFO: Run Behavior\ReadHtmlCacheBehavior [ RunTime:0.001000s ]
INFO: [ app_begin ] --END-- [ RunTime:0.001000s ]
SQL: SHOW COLUMNS FROM `green_admin` [ RunTime:0.2460s ]
NOTIC: [8] A session had already been started - ignoring session_start() D:\phpStudy\WWW\GreenCMS\ThinkPHP\Common\functions.php 第 1272 行.
SQL: SHOW COLUMNS FROM `green_admin` [ RunTime:0.0050s ]
INFO: [ view_parse ] --START--
INFO: [ template_filter ] --START--
INFO: Run Behavior\ContentReplaceBehavior [ RunTime:0.000000s ]
INFO: [ template_filter ] --END-- [ RunTime:0.000000s ]
INFO: Run Behavior\ParseTemplateBehavior [ RunTime:0.017001s ]
INFO: [ view_parse ] --END-- [ RunTime:0.017001s ]
INFO: [ view_filter ] --START--
INFO: Run Behavior\WriteHtmlCacheBehavior [ RunTime:0.000000s ]
INFO: [ view_filter ] --END-- [ RunTime:0.000000s ]
INFO: [ app_end ] --START--
INFO: Run Behavior\ShowPageTraceBehavior [ RunTime:0.001000s ]
INFO: [ app_end ] --END-- [ RunTime:0.001000s ]

[ 2017-04-30T11:03:44+08:00 ] ::1 /GreenCMS/index.php/Admin/login/imgcode.html
INFO: [ app_init ] --START--
INFO: Run Behavior\BuildLiteBehavior [ RunTime:0.000000s ]
INFO: [ app_init ] --END-- [ RunTime:0.001000s ]
INFO: [ app_begin ] --START--
INFO: Run Behavior\ReadHtmlCacheBehavior [ RunTime:0.000000s ]
INFO: [ app_begin ] --END-- [ RunTime:0.000000s ]
SQL: SHOW COLUMNS FROM `green_admin` [ RunTime:0.0070s ]
NOTIC: [8] A session had already been started - ignoring session_start() D:\phpStudy\WWW\GreenCMS\ThinkPHP\Common\functions.php 第 1272 行.
NOTIC: [2] imagettftext(): Could not find/open font D:\phpStudy\WWW\GreenCMS\ThinkPHP\Library\Think\Verify.class.php 第 160 行.
NOTIC: [2] imagettftext(): Could not find/open font D:\phpStudy\WWW\GreenCMS\ThinkPHP\Library\Think\Verify.class.php 第 160 行.
NOTIC: [2] imagettftext(): Could not find/open font D:\phpStudy\WWW\GreenCMS\ThinkPHP\Library\Think\Verify.class.php 第 160 行.
NOTIC: [2] imagettftext(): Could not find/open font D:\phpStudy\WWW\GreenCMS\ThinkPHP\Library\Think\Verify.class.php 第 160 行.
NOTIC: [2] imagettftext(): Could not find/open font D:\phpStudy\WWW\GreenCMS\ThinkPHP\Library\Think\Verify.class.php 第 160 行.
INFO: [ app_end ] --START--
INFO: Run Behavior\ShowPageTraceBehavior [ RunTime:0.002000s ]
INFO: [ app_end ] --END-- [ RunTime:0.002000s ]

[ 2017-04-30T11:03:59+08:00 ] ::1 /GreenCMS/index.php/Admin/login/index.html
INFO: [ app_init ] --START--
INFO: Run Behavior\BuildLiteBehavior [ RunTime:0.000000s ]
INFO: [ app_init ] --END-- [ RunTime:0.001000s ]
INFO: [ app_begin ] --START--
INFO: Run Behavior\ReadHtmlCacheBehavior [ RunTime:0.001000s ]
INFO: [ app_begin ] --END-- [ RunTime:0.001000s ]
SQL: SHOW COLUMNS FROM `green_admin` [ RunTime:0.0070s ]
NOTIC: [8] A session had already been started - ignoring session_start() D:\phpStudy\WWW\GreenCMS\ThinkPHP\Common\functions.php 第 1272 行.
SQL: SHOW COLUMNS FROM `green_admin` [ RunTime:0.0070s ]
NOTIC: [8] Undefined index: validate D:\phpStudy\WWW\GreenCMS\ThinkPHP\Library\Think\Model.class.php 第 1185 行.
NOTIC: [8] Undefined index: auto D:\phpStudy\WWW\GreenCMS\ThinkPHP\Library\Think\Model.class.php 第 1128 行.

[ 2017-04-30T11:04:00+08:00 ] ::1 /GreenCMS/index.php/Admin/login/index
INFO: [ app_init ] --START--
INFO: Run Behavior\BuildLiteBehavior [ RunTime:0.000000s ]
INFO: [ app_init ] --END-- [ RunTime:0.001000s ]
INFO: [ app_begin ] --START--
INFO: Run Behavior\ReadHtmlCacheBehavior [ RunTime:0.001000s ]
INFO: [ app_begin ] --END-- [ RunTime:0.001000s ]
SQL: SHOW COLUMNS FROM `green_admin` [ RunTime:0.0050s ]
NOTIC: [8] A session had already been started - ignoring session_start() D:\phpStudy\WWW\GreenCMS\ThinkPHP\Common\functions.php 第 1272 行.
SQL: SHOW COLUMNS FROM `green_admin` [ RunTime:0.0050s ]
INFO: [ view_parse ] --START--
INFO: [ template_filter ] --START--
INFO: Run Behavior\ContentReplaceBehavior [ RunTime:0.000000s ]
INFO: [ template_filter ] --END-- [ RunTime:0.000000s ]
INFO: Run Behavior\ParseTemplateBehavior [ RunTime:0.006001s ]
INFO: [ view_parse ] --END-- [ RunTime:0.006001s ]
INFO: [ view_filter ] --START--
INFO: Run Behavior\WriteHtmlCacheBehavior [ RunTime:0.000000s ]
INFO: [ view_filter ] --END-- [ RunTime:0.000000s ]
INFO: [ app_end ] --START--
INFO: Run Behavior\ShowPageTraceBehavior [ RunTime:0.001000s ]
INFO: [ app_end ] --END-- [ RunTime:0.001000s ]

[ 2017-04-30T11:04:00+08:00 ] ::1 /GreenCMS/index.php/Admin/login/imgcode.html
INFO: [ app_init ] --START--
INFO: Run Behavior\BuildLiteBehavior [ RunTime:0.000000s ]
INFO: [ app_init ] --END-- [ RunTime:0.001000s ]
INFO: [ app_begin ] --START--
INFO: Run Behavior\ReadHtmlCacheBehavior [ RunTime:0.001000s ]
INFO: [ app_begin ] --END-- [ RunTime:0.001000s ]
SQL: SHOW COLUMNS FROM `green_admin` [ RunTime:0.0090s ]
NOTIC: [8] A session had already been started - ignoring session_start() D:\phpStudy\WWW\GreenCMS\ThinkPHP\Common\functions.php 第 1272 行.
NOTIC: [2] imagettftext(): Could not find/open font D:\phpStudy\WWW\GreenCMS\ThinkPHP\Library\Think\Verify.class.php 第 160 行.
NOTIC: [2] imagettftext(): Could not find/open font D:\phpStudy\WWW\GreenCMS\ThinkPHP\Library\Think\Verify.class.php 第 160 行.
NOTIC: [2] imagettftext(): Could not find/open font D:\phpStudy\WWW\GreenCMS\ThinkPHP\Library\Think\Verify.class.php 第 160 行.
NOTIC: [2] imagettftext(): Could not find/open font D:\phpStudy\WWW\GreenCMS\ThinkPHP\Library\Think\Verify.class.php 第 160 行.
NOTIC: [2] imagettftext(): Could not find/open font D:\phpStudy\WWW\GreenCMS\ThinkPHP\Library\Think\Verify.class.php 第 160 行.
INFO: [ app_end ] --START--
INFO: Run Behavior\ShowPageTraceBehavior [ RunTime:0.001000s ]
INFO: [ app_end ] --END-- [ RunTime:0.001000s ]

[ 2017-04-30T11:04:18+08:00 ] ::1 /GreenCMS/index.php/Admin/Article/index
INFO: [ app_init ] --START--
INFO: Run Behavior\BuildLiteBehavior [ RunTime:0.000000s ]
INFO: [ app_init ] --END-- [ RunTime:0.000000s ]
INFO: [ app_begin ] --START--
INFO: Run Behavior\ReadHtmlCacheBehavior [ RunTime:0.001000s ]
INFO: [ app_begin ] --END-- [ RunTime:0.001000s ]
NOTIC: [8] A session had already been started - ignoring session_start() D:\phpStudy\WWW\GreenCMS\ThinkPHP\Common\functions.php 第 1272 行.
INFO: [ view_parse ] --START--
INFO: [ template_filter ] --START--
INFO: Run Behavior\ContentReplaceBehavior [ RunTime:0.000000s ]
INFO: [ template_filter ] --END-- [ RunTime:0.000000s ]
INFO: Run Behavior\ParseTemplateBehavior [ RunTime:0.009001s ]
INFO: [ view_parse ] --END-- [ RunTime:0.009001s ]
INFO: [ view_filter ] --START--
INFO: Run Behavior\WriteHtmlCacheBehavior [ RunTime:0.001000s ]
INFO: [ view_filter ] --END-- [ RunTime:0.001000s ]

[ 2017-04-30T11:04:21+08:00 ] ::1 /GreenCMS/index.php/Admin/login/index.html
INFO: [ app_init ] --START--
INFO: Run Behavior\BuildLiteBehavior [ RunTime:0.000000s ]
INFO: [ app_init ] --END-- [ RunTime:0.001000s ]
INFO: [ app_begin ] --START--
INFO: Run Behavior\ReadHtmlCacheBehavior [ RunTime:0.000000s ]
INFO: [ app_begin ] --END-- [ RunTime:0.000000s ]
SQL: SHOW COLUMNS FROM `green_admin` [ RunTime:0.0050s ]
NOTIC: [8] A session had already been started - ignoring session_start() D:\phpStudy\WWW\GreenCMS\ThinkPHP\Common\functions.php 第 1272 行.
SQL: SHOW COLUMNS FROM `green_admin` [ RunTime:0.0050s ]
INFO: [ view_parse ] --START--
INFO: [ template_filter ] --START--
INFO: Run Behavior\ContentReplaceBehavior [ RunTime:0.000000s ]
INFO: [ template_filter ] --END-- [ RunTime:0.000000s ]
INFO: Run Behavior\ParseTemplateBehavior [ RunTime:0.006001s ]
INFO: [ view_parse ] --END-- [ RunTime:0.006001s ]
INFO: [ view_filter ] --START--
INFO: Run Behavior\WriteHtmlCacheBehavior [ RunTime:0.001000s ]
INFO: [ view_filter ] --END-- [ RunTime:0.001000s ]
INFO: [ app_end ] --START--
INFO: Run Behavior\ShowPageTraceBehavior [ RunTime:0.001000s ]
INFO: [ app_end ] --END-- [ RunTime:0.001000s ]

[ 2017-04-30T11:04:21+08:00 ] ::1 /GreenCMS/index.php/Admin/login/imgcode.html
INFO: [ app_init ] --START--
INFO: Run Behavior\BuildLiteBehavior [ RunTime:0.000000s ]
INFO: [ app_init ] --END-- [ RunTime:0.001000s ]
INFO: [ app_begin ] --START--
INFO: Run Behavior\ReadHtmlCacheBehavior [ RunTime:0.001000s ]
INFO: [ app_begin ] --END-- [ RunTime:0.001000s ]
SQL: SHOW COLUMNS FROM `green_admin` [ RunTime:0.0080s ]
NOTIC: [8] A session had already been started - ignoring session_start() D:\phpStudy\WWW\GreenCMS\ThinkPHP\Common\functions.php 第 1272 行.
NOTIC: [2] imagettftext(): Could not find/open font D:\phpStudy\WWW\GreenCMS\ThinkPHP\Library\Think\Verify.class.php 第 160 行.
NOTIC: [2] imagettftext(): Could not find/open font D:\phpStudy\WWW\GreenCMS\ThinkPHP\Library\Think\Verify.class.php 第 160 行.
NOTIC: [2] imagettftext(): Could not find/open font D:\phpStudy\WWW\GreenCMS\ThinkPHP\Library\Think\Verify.class.php 第 160 行.
NOTIC: [2] imagettftext(): Could not find/open font D:\phpStudy\WWW\GreenCMS\ThinkPHP\Library\Think\Verify.class.php 第 160 行.
NOTIC: [2] imagettftext(): Could not find/open font D:\phpStudy\WWW\GreenCMS\ThinkPHP\Library\Think\Verify.class.php 第 160 行.
INFO: [ app_end ] --START--
INFO: Run Behavior\ShowPageTraceBehavior [ RunTime:0.001000s ]
INFO: [ app_end ] --END-- [ RunTime:0.001000s ]

