[ 2017-08-23T09:16:58+08:00 ] 127.0.0.1 /GreenCMS/index.php/admin/index/index
INFO: [ app_init ] --START--
INFO: Run Behavior\BuildLiteBehavior [ RunTime:0.000000s ]
INFO: [ app_init ] --END-- [ RunTime:0.001000s ]
INFO: [ app_begin ] --START--
INFO: Run Behavior\ReadHtmlCacheBehavior [ RunTime:0.000000s ]
INFO: [ app_begin ] --END-- [ RunTime:0.000000s ]
NOTIC: [8] A session had already been started - ignoring session_start() D:\phpStudy\WWW\GreenCMS\ThinkPHP\Common\functions.php 第 1272 行.
INFO: [ view_parse ] --START--
INFO: [ template_filter ] --START--
INFO: Run Behavior\ContentReplaceBehavior [ RunTime:0.000000s ]
INFO: [ template_filter ] --END-- [ RunTime:0.000000s ]
INFO: Run Behavior\ParseTemplateBehavior [ RunTime:0.038002s ]
INFO: [ view_parse ] --END-- [ RunTime:0.038002s ]
INFO: [ view_filter ] --START--
INFO: Run Behavior\WriteHtmlCacheBehavior [ RunTime:0.001000s ]
INFO: [ view_filter ] --END-- [ RunTime:0.001000s ]

[ 2017-08-23T09:17:02+08:00 ] 127.0.0.1 /GreenCMS/index.php/Admin/login/index.html
INFO: [ app_init ] --START--
INFO: Run Behavior\BuildLiteBehavior [ RunTime:0.000000s ]
INFO: [ app_init ] --END-- [ RunTime:0.000000s ]
INFO: [ app_begin ] --START--
INFO: Run Behavior\ReadHtmlCacheBehavior [ RunTime:0.000000s ]
INFO: [ app_begin ] --END-- [ RunTime:0.000000s ]
SQL: SHOW COLUMNS FROM `green_admin` [ RunTime:0.0810s ]
NOTIC: [8] A session had already been started - ignoring session_start() D:\phpStudy\WWW\GreenCMS\ThinkPHP\Common\functions.php 第 1272 行.
SQL: SHOW COLUMNS FROM `green_admin` [ RunTime:0.0060s ]
INFO: [ view_parse ] --START--
INFO: [ template_filter ] --START--
INFO: Run Behavior\ContentReplaceBehavior [ RunTime:0.000000s ]
INFO: [ template_filter ] --END-- [ RunTime:0.000000s ]
INFO: Run Behavior\ParseTemplateBehavior [ RunTime:0.029001s ]
INFO: [ view_parse ] --END-- [ RunTime:0.029001s ]
INFO: [ view_filter ] --START--
INFO: Run Behavior\WriteHtmlCacheBehavior [ RunTime:0.000000s ]
INFO: [ view_filter ] --END-- [ RunTime:0.000000s ]
INFO: [ app_end ] --START--
INFO: Run Behavior\ShowPageTraceBehavior [ RunTime:0.000000s ]
INFO: [ app_end ] --END-- [ RunTime:0.000000s ]

[ 2017-08-23T09:17:02+08:00 ] 127.0.0.1 /GreenCMS/index.php/Admin/login/imgcode.html
INFO: [ app_init ] --START--
INFO: Run Behavior\BuildLiteBehavior [ RunTime:0.000000s ]
INFO: [ app_init ] --END-- [ RunTime:0.000000s ]
INFO: [ app_begin ] --START--
INFO: Run Behavior\ReadHtmlCacheBehavior [ RunTime:0.001000s ]
INFO: [ app_begin ] --END-- [ RunTime:0.001000s ]
SQL: SHOW COLUMNS FROM `green_admin` [ RunTime:0.0060s ]
NOTIC: [8] A session had already been started - ignoring session_start() D:\phpStudy\WWW\GreenCMS\ThinkPHP\Common\functions.php 第 1272 行.
INFO: [ app_end ] --START--
INFO: Run Behavior\ShowPageTraceBehavior [ RunTime:0.001000s ]
INFO: [ app_end ] --END-- [ RunTime:0.001000s ]

[ 2017-08-23T09:17:08+08:00 ] 127.0.0.1 /GreenCMS/index.php/Admin/login/index.html
INFO: [ app_init ] --START--
INFO: Run Behavior\BuildLiteBehavior [ RunTime:0.000000s ]
INFO: [ app_init ] --END-- [ RunTime:0.001000s ]
INFO: [ app_begin ] --START--
INFO: Run Behavior\ReadHtmlCacheBehavior [ RunTime:0.000000s ]
INFO: [ app_begin ] --END-- [ RunTime:0.000000s ]
SQL: SHOW COLUMNS FROM `green_admin` [ RunTime:0.0050s ]
NOTIC: [8] A session had already been started - ignoring session_start() D:\phpStudy\WWW\GreenCMS\ThinkPHP\Common\functions.php 第 1272 行.
SQL: SHOW COLUMNS FROM `green_admin` [ RunTime:0.0060s ]
NOTIC: [8] Undefined index: validate D:\phpStudy\WWW\GreenCMS\ThinkPHP\Library\Think\Model.class.php 第 1185 行.
NOTIC: [8] Undefined index: auto D:\phpStudy\WWW\GreenCMS\ThinkPHP\Library\Think\Model.class.php 第 1128 行.
SQL: SELECT * FROM `green_admin` WHERE `admin_name` = 'admin' AND `admin_pwd` = 'e10adc3949ba59abbe56e057f20f883e' LIMIT 1   [ RunTime:0.1220s ]
INFO: [ view_parse ] --START--
INFO: [ template_filter ] --START--
INFO: Run Behavior\ContentReplaceBehavior [ RunTime:0.000000s ]
INFO: [ template_filter ] --END-- [ RunTime:0.000000s ]
INFO: Run Behavior\ParseTemplateBehavior [ RunTime:0.005000s ]
INFO: [ view_parse ] --END-- [ RunTime:0.005000s ]
INFO: [ view_filter ] --START--
INFO: Run Behavior\WriteHtmlCacheBehavior [ RunTime:0.001001s ]
INFO: [ view_filter ] --END-- [ RunTime:0.001001s ]

[ 2017-08-23T09:17:09+08:00 ] 127.0.0.1 /GreenCMS/index.php/Admin/index/index.html
INFO: [ app_init ] --START--
INFO: Run Behavior\BuildLiteBehavior [ RunTime:0.000000s ]
INFO: [ app_init ] --END-- [ RunTime:0.000000s ]
INFO: [ app_begin ] --START--
INFO: Run Behavior\ReadHtmlCacheBehavior [ RunTime:0.001001s ]
INFO: [ app_begin ] --END-- [ RunTime:0.001001s ]
NOTIC: [8] A session had already been started - ignoring session_start() D:\phpStudy\WWW\GreenCMS\ThinkPHP\Common\functions.php 第 1272 行.
INFO: [ view_parse ] --START--
INFO: [ template_filter ] --START--
INFO: Run Behavior\ContentReplaceBehavior [ RunTime:0.000000s ]
INFO: [ template_filter ] --END-- [ RunTime:0.000000s ]
INFO: Run Behavior\ParseTemplateBehavior [ RunTime:0.080005s ]
INFO: [ view_parse ] --END-- [ RunTime:0.080005s ]
INFO: [ view_filter ] --START--
INFO: Run Behavior\WriteHtmlCacheBehavior [ RunTime:0.000000s ]
INFO: [ view_filter ] --END-- [ RunTime:0.000000s ]
INFO: [ app_end ] --START--
INFO: Run Behavior\ShowPageTraceBehavior [ RunTime:0.001000s ]
INFO: [ app_end ] --END-- [ RunTime:0.001000s ]

[ 2017-08-23T09:17:12+08:00 ] 127.0.0.1 /GreenCMS/index.php/Admin/Product/index.html
INFO: [ app_init ] --START--
INFO: Run Behavior\BuildLiteBehavior [ RunTime:0.000000s ]
INFO: [ app_init ] --END-- [ RunTime:0.000000s ]
INFO: [ app_begin ] --START--
INFO: Run Behavior\ReadHtmlCacheBehavior [ RunTime:0.001001s ]
INFO: [ app_begin ] --END-- [ RunTime:0.001001s ]
NOTIC: [8] A session had already been started - ignoring session_start() D:\phpStudy\WWW\GreenCMS\ThinkPHP\Common\functions.php 第 1272 行.
SQL: SHOW COLUMNS FROM `green_product` [ RunTime:0.0060s ]
SQL: SHOW COLUMNS FROM `green_product_cate` [ RunTime:0.0570s ]
SQL: SELECT COUNT(*) AS tp_count FROM `green_product` LIMIT 1   [ RunTime:0.0000s ]
SQL: SELECT * FROM green_product pro LEFT JOIN green_product_cate AS cate ON pro.procate_id = cate.procate_id  ORDER BY pro.product_id DESC LIMIT 0,7   [ RunTime:0.0390s ]

[ 2017-08-23T09:17:14+08:00 ] 127.0.0.1 /GreenCMS/index.php/Admin/Product/index.html
INFO: [ app_init ] --START--
INFO: Run Behavior\BuildLiteBehavior [ RunTime:0.000000s ]
INFO: [ app_init ] --END-- [ RunTime:0.000000s ]
INFO: [ app_begin ] --START--
INFO: Run Behavior\ReadHtmlCacheBehavior [ RunTime:0.001001s ]
INFO: [ app_begin ] --END-- [ RunTime:0.001001s ]
NOTIC: [8] A session had already been started - ignoring session_start() D:\phpStudy\WWW\GreenCMS\ThinkPHP\Common\functions.php 第 1272 行.
SQL: SHOW COLUMNS FROM `green_product` [ RunTime:0.0050s ]
SQL: SHOW COLUMNS FROM `green_product_cate` [ RunTime:0.0070s ]
SQL: SELECT COUNT(*) AS tp_count FROM `green_product` LIMIT 1   [ RunTime:0.0010s ]
SQL: SELECT * FROM green_product pro LEFT JOIN green_product_cate AS cate ON pro.procate_id = cate.procate_id  ORDER BY pro.product_id DESC LIMIT 0,7   [ RunTime:0.0010s ]

[ 2017-08-23T09:18:19+08:00 ] 127.0.0.1 /GreenCMS/index.php/Admin/Product/index.html
INFO: [ app_init ] --START--
INFO: Run Behavior\BuildLiteBehavior [ RunTime:0.000000s ]
INFO: [ app_init ] --END-- [ RunTime:0.001000s ]
INFO: [ app_begin ] --START--
INFO: Run Behavior\ReadHtmlCacheBehavior [ RunTime:0.000000s ]
INFO: [ app_begin ] --END-- [ RunTime:0.001000s ]
NOTIC: [8] A session had already been started - ignoring session_start() D:\phpStudy\WWW\GreenCMS\ThinkPHP\Common\functions.php 第 1272 行.
SQL: SHOW COLUMNS FROM `green_product` [ RunTime:0.0060s ]
SQL: SHOW COLUMNS FROM `green_product_cate` [ RunTime:0.0050s ]
SQL: SELECT COUNT(*) AS tp_count FROM `green_product` LIMIT 1   [ RunTime:0.0000s ]
SQL: SELECT * FROM green_product pro LEFT JOIN green_product_cate AS cate ON pro.procate_id = cate.procate_id  ORDER BY pro.product_id DESC LIMIT 0,7   [ RunTime:0.0000s ]
INFO: [ view_parse ] --START--
INFO: [ template_filter ] --START--
INFO: Run Behavior\ContentReplaceBehavior [ RunTime:0.001000s ]
INFO: [ template_filter ] --END-- [ RunTime:0.001000s ]
INFO: Run Behavior\ParseTemplateBehavior [ RunTime:0.008001s ]
INFO: [ view_parse ] --END-- [ RunTime:0.008001s ]
INFO: [ view_filter ] --START--
INFO: Run Behavior\WriteHtmlCacheBehavior [ RunTime:0.000000s ]
INFO: [ view_filter ] --END-- [ RunTime:0.000000s ]
INFO: [ app_end ] --START--
INFO: Run Behavior\ShowPageTraceBehavior [ RunTime:0.000000s ]
INFO: [ app_end ] --END-- [ RunTime:0.000000s ]

[ 2017-08-23T09:29:17+08:00 ] 127.0.0.1 /GreenCMS/index.php/Admin/Product/index.html
INFO: [ app_init ] --START--
INFO: Run Behavior\BuildLiteBehavior [ RunTime:0.000000s ]
INFO: [ app_init ] --END-- [ RunTime:0.001000s ]
INFO: [ app_begin ] --START--
INFO: Run Behavior\ReadHtmlCacheBehavior [ RunTime:0.001000s ]
INFO: [ app_begin ] --END-- [ RunTime:0.001000s ]
NOTIC: [8] A session had already been started - ignoring session_start() D:\phpStudy\WWW\GreenCMS\ThinkPHP\Common\functions.php 第 1272 行.
SQL: SHOW COLUMNS FROM `green_product` [ RunTime:0.0050s ]
SQL: SHOW COLUMNS FROM `green_product_cate` [ RunTime:0.0050s ]
SQL: SELECT COUNT(*) AS tp_count FROM `green_product` LIMIT 1   [ RunTime:0.0000s ]
SQL: SELECT * FROM green_product pro LEFT JOIN green_product_cate AS cate ON pro.procate_id = cate.procate_id  ORDER BY pro.product_id DESC LIMIT 0,7   [ RunTime:0.0010s ]

[ 2017-08-23T09:29:23+08:00 ] 127.0.0.1 /GreenCMS/index.php/Admin/Product/index.html
INFO: [ app_init ] --START--
INFO: Run Behavior\BuildLiteBehavior [ RunTime:0.000000s ]
INFO: [ app_init ] --END-- [ RunTime:0.000000s ]
INFO: [ app_begin ] --START--
INFO: Run Behavior\ReadHtmlCacheBehavior [ RunTime:0.000000s ]
INFO: [ app_begin ] --END-- [ RunTime:0.001000s ]
NOTIC: [8] A session had already been started - ignoring session_start() D:\phpStudy\WWW\GreenCMS\ThinkPHP\Common\functions.php 第 1272 行.
SQL: SHOW COLUMNS FROM `green_product` [ RunTime:0.0060s ]
SQL: SHOW COLUMNS FROM `green_product_cate` [ RunTime:0.0060s ]
SQL: SELECT COUNT(*) AS tp_count FROM `green_product` LIMIT 1   [ RunTime:0.0010s ]
SQL: SELECT * FROM green_product pro LEFT JOIN green_product_cate AS cate ON pro.procate_id = cate.procate_id  ORDER BY pro.product_id DESC LIMIT 0,7   [ RunTime:0.0000s ]

[ 2017-08-23T09:29:31+08:00 ] 127.0.0.1 /GreenCMS/index.php/Admin/Product/index.html
INFO: [ app_init ] --START--
INFO: Run Behavior\BuildLiteBehavior [ RunTime:0.000000s ]
INFO: [ app_init ] --END-- [ RunTime:0.001000s ]
INFO: [ app_begin ] --START--
INFO: Run Behavior\ReadHtmlCacheBehavior [ RunTime:0.000000s ]
INFO: [ app_begin ] --END-- [ RunTime:0.000000s ]
NOTIC: [8] A session had already been started - ignoring session_start() D:\phpStudy\WWW\GreenCMS\ThinkPHP\Common\functions.php 第 1272 行.
SQL: SHOW COLUMNS FROM `green_product` [ RunTime:0.0060s ]
SQL: SHOW COLUMNS FROM `green_product_cate` [ RunTime:0.0050s ]
SQL: SELECT COUNT(*) AS tp_count FROM `green_product` LIMIT 1   [ RunTime:0.0000s ]
SQL: SELECT * FROM green_product pro LEFT JOIN green_product_cate AS cate ON pro.procate_id = cate.procate_id  ORDER BY pro.product_id DESC LIMIT 0,7   [ RunTime:0.0000s ]
NOTIC: [8] A session had already been started - ignoring session_start() D:\phpStudy\WWW\GreenCMS\ThinkPHP\Common\functions.php 第 1272 行.
SQL: SHOW COLUMNS FROM `green_article` [ RunTime:0.0050s ]
ERR: Think\Controller:a方法不存在！

[ 2017-08-23T09:30:52+08:00 ] 127.0.0.1 /GreenCMS/index.php/Admin/Product/index.html
INFO: [ app_init ] --START--
INFO: Run Behavior\BuildLiteBehavior [ RunTime:0.000000s ]
INFO: [ app_init ] --END-- [ RunTime:0.001000s ]
INFO: [ app_begin ] --START--
INFO: Run Behavior\ReadHtmlCacheBehavior [ RunTime:0.000000s ]
INFO: [ app_begin ] --END-- [ RunTime:0.000000s ]
NOTIC: [8] A session had already been started - ignoring session_start() D:\phpStudy\WWW\GreenCMS\ThinkPHP\Common\functions.php 第 1272 行.
SQL: SHOW COLUMNS FROM `green_product` [ RunTime:0.0060s ]
SQL: SHOW COLUMNS FROM `green_product_cate` [ RunTime:0.0050s ]
SQL: SELECT COUNT(*) AS tp_count FROM `green_product` LIMIT 1   [ RunTime:0.0010s ]
SQL: SELECT * FROM green_product pro LEFT JOIN green_product_cate AS cate ON pro.procate_id = cate.procate_id  ORDER BY pro.product_id DESC LIMIT 0,7   [ RunTime:0.0010s ]
NOTIC: [8] A session had already been started - ignoring session_start() D:\phpStudy\WWW\GreenCMS\ThinkPHP\Common\functions.php 第 1272 行.
SQL: SHOW COLUMNS FROM `green_article` [ RunTime:0.0060s ]
ERR: Think\Controller:a方法不存在！

[ 2017-08-23T09:30:53+08:00 ] 127.0.0.1 /GreenCMS/index.php/Admin/Product/index.html
INFO: [ app_init ] --START--
INFO: Run Behavior\BuildLiteBehavior [ RunTime:0.000000s ]
INFO: [ app_init ] --END-- [ RunTime:0.001000s ]
INFO: [ app_begin ] --START--
INFO: Run Behavior\ReadHtmlCacheBehavior [ RunTime:0.000000s ]
INFO: [ app_begin ] --END-- [ RunTime:0.000000s ]
NOTIC: [8] A session had already been started - ignoring session_start() D:\phpStudy\WWW\GreenCMS\ThinkPHP\Common\functions.php 第 1272 行.
SQL: SHOW COLUMNS FROM `green_product` [ RunTime:0.0080s ]
SQL: SHOW COLUMNS FROM `green_product_cate` [ RunTime:0.0070s ]
SQL: SELECT COUNT(*) AS tp_count FROM `green_product` LIMIT 1   [ RunTime:0.0000s ]
SQL: SELECT * FROM green_product pro LEFT JOIN green_product_cate AS cate ON pro.procate_id = cate.procate_id  ORDER BY pro.product_id DESC LIMIT 0,7   [ RunTime:0.0000s ]
NOTIC: [8] A session had already been started - ignoring session_start() D:\phpStudy\WWW\GreenCMS\ThinkPHP\Common\functions.php 第 1272 行.
SQL: SHOW COLUMNS FROM `green_article` [ RunTime:0.0070s ]
ERR: Think\Controller:a方法不存在！

[ 2017-08-23T09:30:53+08:00 ] 127.0.0.1 /GreenCMS/index.php/Admin/Product/index.html
INFO: [ app_init ] --START--
INFO: Run Behavior\BuildLiteBehavior [ RunTime:0.000000s ]
INFO: [ app_init ] --END-- [ RunTime:0.001000s ]
INFO: [ app_begin ] --START--
INFO: Run Behavior\ReadHtmlCacheBehavior [ RunTime:0.001000s ]
INFO: [ app_begin ] --END-- [ RunTime:0.001000s ]
NOTIC: [8] A session had already been started - ignoring session_start() D:\phpStudy\WWW\GreenCMS\ThinkPHP\Common\functions.php 第 1272 行.
SQL: SHOW COLUMNS FROM `green_product` [ RunTime:0.0080s ]
SQL: SHOW COLUMNS FROM `green_product_cate` [ RunTime:0.0050s ]
SQL: SELECT COUNT(*) AS tp_count FROM `green_product` LIMIT 1   [ RunTime:0.0000s ]
SQL: SELECT * FROM green_product pro LEFT JOIN green_product_cate AS cate ON pro.procate_id = cate.procate_id  ORDER BY pro.product_id DESC LIMIT 0,7   [ RunTime:0.0010s ]
NOTIC: [8] A session had already been started - ignoring session_start() D:\phpStudy\WWW\GreenCMS\ThinkPHP\Common\functions.php 第 1272 行.
SQL: SHOW COLUMNS FROM `green_article` [ RunTime:0.0080s ]
ERR: Think\Controller:a方法不存在！

[ 2017-08-23T09:33:34+08:00 ] 127.0.0.1 /GreenCMS/index.php/Admin/Product/index.html
INFO: [ app_init ] --START--
INFO: Run Behavior\BuildLiteBehavior [ RunTime:0.000000s ]
INFO: [ app_init ] --END-- [ RunTime:0.001000s ]
INFO: [ app_begin ] --START--
INFO: Run Behavior\ReadHtmlCacheBehavior [ RunTime:0.001000s ]
INFO: [ app_begin ] --END-- [ RunTime:0.001000s ]
NOTIC: [8] A session had already been started - ignoring session_start() D:\phpStudy\WWW\GreenCMS\ThinkPHP\Common\functions.php 第 1272 行.
SQL: SHOW COLUMNS FROM `green_product` [ RunTime:0.0050s ]
SQL: SHOW COLUMNS FROM `green_product_cate` [ RunTime:0.0060s ]
SQL: SELECT COUNT(*) AS tp_count FROM `green_product` LIMIT 1   [ RunTime:0.0000s ]
SQL: SELECT * FROM green_product pro LEFT JOIN green_product_cate AS cate ON pro.procate_id = cate.procate_id  ORDER BY pro.product_id DESC LIMIT 0,7   [ RunTime:0.0010s ]
NOTIC: [8] A session had already been started - ignoring session_start() D:\phpStudy\WWW\GreenCMS\ThinkPHP\Common\functions.php 第 1272 行.
SQL: SHOW COLUMNS FROM `green_article` [ RunTime:0.0060s ]
ERR: Think\Controller:a方法不存在！

[ 2017-08-23T09:33:35+08:00 ] 127.0.0.1 /GreenCMS/index.php/Admin/Product/index.html
INFO: [ app_init ] --START--
INFO: Run Behavior\BuildLiteBehavior [ RunTime:0.000000s ]
INFO: [ app_init ] --END-- [ RunTime:0.000000s ]
INFO: [ app_begin ] --START--
INFO: Run Behavior\ReadHtmlCacheBehavior [ RunTime:0.000000s ]
INFO: [ app_begin ] --END-- [ RunTime:0.000000s ]
NOTIC: [8] A session had already been started - ignoring session_start() D:\phpStudy\WWW\GreenCMS\ThinkPHP\Common\functions.php 第 1272 行.
SQL: SHOW COLUMNS FROM `green_product` [ RunTime:0.0060s ]
SQL: SHOW COLUMNS FROM `green_product_cate` [ RunTime:0.0060s ]
SQL: SELECT COUNT(*) AS tp_count FROM `green_product` LIMIT 1   [ RunTime:0.0010s ]
SQL: SELECT * FROM green_product pro LEFT JOIN green_product_cate AS cate ON pro.procate_id = cate.procate_id  ORDER BY pro.product_id DESC LIMIT 0,7   [ RunTime:0.0010s ]
NOTIC: [8] A session had already been started - ignoring session_start() D:\phpStudy\WWW\GreenCMS\ThinkPHP\Common\functions.php 第 1272 行.
SQL: SHOW COLUMNS FROM `green_article` [ RunTime:0.0060s ]
ERR: Think\Controller:a方法不存在！

[ 2017-08-23T09:33:35+08:00 ] 127.0.0.1 /GreenCMS/index.php/Admin/Product/index.html
INFO: [ app_init ] --START--
INFO: Run Behavior\BuildLiteBehavior [ RunTime:0.000000s ]
INFO: [ app_init ] --END-- [ RunTime:0.000000s ]
INFO: [ app_begin ] --START--
INFO: Run Behavior\ReadHtmlCacheBehavior [ RunTime:0.000000s ]
INFO: [ app_begin ] --END-- [ RunTime:0.000000s ]
NOTIC: [8] A session had already been started - ignoring session_start() D:\phpStudy\WWW\GreenCMS\ThinkPHP\Common\functions.php 第 1272 行.
SQL: SHOW COLUMNS FROM `green_product` [ RunTime:0.0070s ]
SQL: SHOW COLUMNS FROM `green_product_cate` [ RunTime:0.0070s ]
SQL: SELECT COUNT(*) AS tp_count FROM `green_product` LIMIT 1   [ RunTime:0.0010s ]
SQL: SELECT * FROM green_product pro LEFT JOIN green_product_cate AS cate ON pro.procate_id = cate.procate_id  ORDER BY pro.product_id DESC LIMIT 0,7   [ RunTime:0.0010s ]
NOTIC: [8] A session had already been started - ignoring session_start() D:\phpStudy\WWW\GreenCMS\ThinkPHP\Common\functions.php 第 1272 行.
SQL: SHOW COLUMNS FROM `green_article` [ RunTime:0.0080s ]
ERR: Think\Controller:a方法不存在！

[ 2017-08-23T09:33:35+08:00 ] 127.0.0.1 /GreenCMS/index.php/Admin/Product/index.html
INFO: [ app_init ] --START--
INFO: Run Behavior\BuildLiteBehavior [ RunTime:0.000000s ]
INFO: [ app_init ] --END-- [ RunTime:0.000000s ]
INFO: [ app_begin ] --START--
INFO: Run Behavior\ReadHtmlCacheBehavior [ RunTime:0.000000s ]
INFO: [ app_begin ] --END-- [ RunTime:0.000000s ]
NOTIC: [8] A session had already been started - ignoring session_start() D:\phpStudy\WWW\GreenCMS\ThinkPHP\Common\functions.php 第 1272 行.
SQL: SHOW COLUMNS FROM `green_product` [ RunTime:0.0080s ]
SQL: SHOW COLUMNS FROM `green_product_cate` [ RunTime:0.0060s ]
SQL: SELECT COUNT(*) AS tp_count FROM `green_product` LIMIT 1   [ RunTime:0.0000s ]
SQL: SELECT * FROM green_product pro LEFT JOIN green_product_cate AS cate ON pro.procate_id = cate.procate_id  ORDER BY pro.product_id DESC LIMIT 0,7   [ RunTime:0.0010s ]
NOTIC: [8] A session had already been started - ignoring session_start() D:\phpStudy\WWW\GreenCMS\ThinkPHP\Common\functions.php 第 1272 行.
SQL: SHOW COLUMNS FROM `green_article` [ RunTime:0.0070s ]
ERR: Think\Controller:a方法不存在！

[ 2017-08-23T09:33:36+08:00 ] 127.0.0.1 /GreenCMS/index.php/Admin/Product/index.html
INFO: [ app_init ] --START--
INFO: Run Behavior\BuildLiteBehavior [ RunTime:0.000000s ]
INFO: [ app_init ] --END-- [ RunTime:0.001000s ]
INFO: [ app_begin ] --START--
INFO: Run Behavior\ReadHtmlCacheBehavior [ RunTime:0.001000s ]
INFO: [ app_begin ] --END-- [ RunTime:0.001000s ]
NOTIC: [8] A session had already been started - ignoring session_start() D:\phpStudy\WWW\GreenCMS\ThinkPHP\Common\functions.php 第 1272 行.
SQL: SHOW COLUMNS FROM `green_product` [ RunTime:0.0060s ]
SQL: SHOW COLUMNS FROM `green_product_cate` [ RunTime:0.0070s ]
SQL: SELECT COUNT(*) AS tp_count FROM `green_product` LIMIT 1   [ RunTime:0.0010s ]
SQL: SELECT * FROM green_product pro LEFT JOIN green_product_cate AS cate ON pro.procate_id = cate.procate_id  ORDER BY pro.product_id DESC LIMIT 0,7   [ RunTime:0.0000s ]
NOTIC: [8] A session had already been started - ignoring session_start() D:\phpStudy\WWW\GreenCMS\ThinkPHP\Common\functions.php 第 1272 行.
SQL: SHOW COLUMNS FROM `green_article` [ RunTime:0.0060s ]
ERR: Think\Controller:a方法不存在！

[ 2017-08-23T09:33:45+08:00 ] 127.0.0.1 /GreenCMS/index.php/Admin/Product/index.html
INFO: [ app_init ] --START--
INFO: Run Behavior\BuildLiteBehavior [ RunTime:0.000000s ]
INFO: [ app_init ] --END-- [ RunTime:0.000000s ]
INFO: [ app_begin ] --START--
INFO: Run Behavior\ReadHtmlCacheBehavior [ RunTime:0.001000s ]
INFO: [ app_begin ] --END-- [ RunTime:0.001000s ]
NOTIC: [8] A session had already been started - ignoring session_start() D:\phpStudy\WWW\GreenCMS\ThinkPHP\Common\functions.php 第 1272 行.
SQL: SHOW COLUMNS FROM `green_product` [ RunTime:0.0070s ]
SQL: SHOW COLUMNS FROM `green_product_cate` [ RunTime:0.0070s ]
SQL: SELECT COUNT(*) AS tp_count FROM `green_product` LIMIT 1   [ RunTime:0.0000s ]
SQL: SELECT * FROM green_product pro LEFT JOIN green_product_cate AS cate ON pro.procate_id = cate.procate_id  ORDER BY pro.product_id DESC LIMIT 0,7   [ RunTime:0.0010s ]
NOTIC: [8] A session had already been started - ignoring session_start() D:\phpStudy\WWW\GreenCMS\ThinkPHP\Common\functions.php 第 1272 行.
SQL: SHOW COLUMNS FROM `green_article` [ RunTime:0.0070s ]
ERR: Think\Controller:a方法不存在！

[ 2017-08-23T09:33:46+08:00 ] 127.0.0.1 /GreenCMS/index.php/Admin/Product/index.html
INFO: [ app_init ] --START--
INFO: Run Behavior\BuildLiteBehavior [ RunTime:0.000000s ]
INFO: [ app_init ] --END-- [ RunTime:0.001000s ]
INFO: [ app_begin ] --START--
INFO: Run Behavior\ReadHtmlCacheBehavior [ RunTime:0.001000s ]
INFO: [ app_begin ] --END-- [ RunTime:0.001000s ]
NOTIC: [8] A session had already been started - ignoring session_start() D:\phpStudy\WWW\GreenCMS\ThinkPHP\Common\functions.php 第 1272 行.
SQL: SHOW COLUMNS FROM `green_product` [ RunTime:0.0070s ]
SQL: SHOW COLUMNS FROM `green_product_cate` [ RunTime:0.0060s ]
SQL: SELECT COUNT(*) AS tp_count FROM `green_product` LIMIT 1   [ RunTime:0.0010s ]
SQL: SELECT * FROM green_product pro LEFT JOIN green_product_cate AS cate ON pro.procate_id = cate.procate_id  ORDER BY pro.product_id DESC LIMIT 0,7   [ RunTime:0.0000s ]
NOTIC: [8] A session had already been started - ignoring session_start() D:\phpStudy\WWW\GreenCMS\ThinkPHP\Common\functions.php 第 1272 行.
SQL: SHOW COLUMNS FROM `green_article` [ RunTime:0.0080s ]
ERR: Think\Controller:a方法不存在！

[ 2017-08-23T09:33:46+08:00 ] 127.0.0.1 /GreenCMS/index.php/Admin/Product/index.html
INFO: [ app_init ] --START--
INFO: Run Behavior\BuildLiteBehavior [ RunTime:0.000000s ]
INFO: [ app_init ] --END-- [ RunTime:0.000000s ]
INFO: [ app_begin ] --START--
INFO: Run Behavior\ReadHtmlCacheBehavior [ RunTime:0.001000s ]
INFO: [ app_begin ] --END-- [ RunTime:0.001000s ]
NOTIC: [8] A session had already been started - ignoring session_start() D:\phpStudy\WWW\GreenCMS\ThinkPHP\Common\functions.php 第 1272 行.
SQL: SHOW COLUMNS FROM `green_product` [ RunTime:0.0080s ]
SQL: SHOW COLUMNS FROM `green_product_cate` [ RunTime:0.0060s ]
SQL: SELECT COUNT(*) AS tp_count FROM `green_product` LIMIT 1   [ RunTime:0.0010s ]
SQL: SELECT * FROM green_product pro LEFT JOIN green_product_cate AS cate ON pro.procate_id = cate.procate_id  ORDER BY pro.product_id DESC LIMIT 0,7   [ RunTime:0.0010s ]
NOTIC: [8] A session had already been started - ignoring session_start() D:\phpStudy\WWW\GreenCMS\ThinkPHP\Common\functions.php 第 1272 行.
SQL: SHOW COLUMNS FROM `green_article` [ RunTime:0.0080s ]
ERR: Think\Controller:a方法不存在！

[ 2017-08-23T09:33:57+08:00 ] 127.0.0.1 /GreenCMS/index.php/Admin/Product/index.html
INFO: [ app_init ] --START--
INFO: Run Behavior\BuildLiteBehavior [ RunTime:0.000000s ]
INFO: [ app_init ] --END-- [ RunTime:0.001000s ]
INFO: [ app_begin ] --START--
INFO: Run Behavior\ReadHtmlCacheBehavior [ RunTime:0.000000s ]
INFO: [ app_begin ] --END-- [ RunTime:0.000000s ]
NOTIC: [8] A session had already been started - ignoring session_start() D:\phpStudy\WWW\GreenCMS\ThinkPHP\Common\functions.php 第 1272 行.
SQL: SHOW COLUMNS FROM `green_product` [ RunTime:0.0090s ]
SQL: SHOW COLUMNS FROM `green_product_cate` [ RunTime:0.0050s ]
SQL: SELECT COUNT(*) AS tp_count FROM `green_product` LIMIT 1   [ RunTime:0.0000s ]
SQL: SELECT * FROM green_product pro LEFT JOIN green_product_cate AS cate ON pro.procate_id = cate.procate_id  ORDER BY pro.product_id DESC LIMIT 0,7   [ RunTime:0.0000s ]
NOTIC: [8] A session had already been started - ignoring session_start() D:\phpStudy\WWW\GreenCMS\ThinkPHP\Common\functions.php 第 1272 行.
SQL: SHOW COLUMNS FROM `green_article` [ RunTime:0.0060s ]
ERR: Think\Controller:a方法不存在！

[ 2017-08-23T09:33:58+08:00 ] 127.0.0.1 /GreenCMS/index.php/Admin/Product/index.html
INFO: [ app_init ] --START--
INFO: Run Behavior\BuildLiteBehavior [ RunTime:0.000000s ]
INFO: [ app_init ] --END-- [ RunTime:0.001000s ]
INFO: [ app_begin ] --START--
INFO: Run Behavior\ReadHtmlCacheBehavior [ RunTime:0.000000s ]
INFO: [ app_begin ] --END-- [ RunTime:0.001000s ]
NOTIC: [8] A session had already been started - ignoring session_start() D:\phpStudy\WWW\GreenCMS\ThinkPHP\Common\functions.php 第 1272 行.
SQL: SHOW COLUMNS FROM `green_product` [ RunTime:0.0060s ]
SQL: SHOW COLUMNS FROM `green_product_cate` [ RunTime:0.0060s ]
SQL: SELECT COUNT(*) AS tp_count FROM `green_product` LIMIT 1   [ RunTime:0.0010s ]
SQL: SELECT * FROM green_product pro LEFT JOIN green_product_cate AS cate ON pro.procate_id = cate.procate_id  ORDER BY pro.product_id DESC LIMIT 0,7   [ RunTime:0.0000s ]
NOTIC: [8] A session had already been started - ignoring session_start() D:\phpStudy\WWW\GreenCMS\ThinkPHP\Common\functions.php 第 1272 行.
SQL: SHOW COLUMNS FROM `green_article` [ RunTime:0.0080s ]
ERR: Think\Controller:a方法不存在！

[ 2017-08-23T09:33:58+08:00 ] 127.0.0.1 /GreenCMS/index.php/Admin/Product/index.html
INFO: [ app_init ] --START--
INFO: Run Behavior\BuildLiteBehavior [ RunTime:0.000000s ]
INFO: [ app_init ] --END-- [ RunTime:0.001000s ]
INFO: [ app_begin ] --START--
INFO: Run Behavior\ReadHtmlCacheBehavior [ RunTime:0.000000s ]
INFO: [ app_begin ] --END-- [ RunTime:0.001000s ]
NOTIC: [8] A session had already been started - ignoring session_start() D:\phpStudy\WWW\GreenCMS\ThinkPHP\Common\functions.php 第 1272 行.
SQL: SHOW COLUMNS FROM `green_product` [ RunTime:0.0070s ]
SQL: SHOW COLUMNS FROM `green_product_cate` [ RunTime:0.0060s ]
SQL: SELECT COUNT(*) AS tp_count FROM `green_product` LIMIT 1   [ RunTime:0.0000s ]
SQL: SELECT * FROM green_product pro LEFT JOIN green_product_cate AS cate ON pro.procate_id = cate.procate_id  ORDER BY pro.product_id DESC LIMIT 0,7   [ RunTime:0.0010s ]
NOTIC: [8] A session had already been started - ignoring session_start() D:\phpStudy\WWW\GreenCMS\ThinkPHP\Common\functions.php 第 1272 行.
SQL: SHOW COLUMNS FROM `green_article` [ RunTime:0.0060s ]
ERR: Think\Controller:a方法不存在！

[ 2017-08-23T09:33:58+08:00 ] 127.0.0.1 /GreenCMS/index.php/Admin/Product/index.html
INFO: [ app_init ] --START--
INFO: Run Behavior\BuildLiteBehavior [ RunTime:0.000000s ]
INFO: [ app_init ] --END-- [ RunTime:0.000000s ]
INFO: [ app_begin ] --START--
INFO: Run Behavior\ReadHtmlCacheBehavior [ RunTime:0.001000s ]
INFO: [ app_begin ] --END-- [ RunTime:0.001000s ]
NOTIC: [8] A session had already been started - ignoring session_start() D:\phpStudy\WWW\GreenCMS\ThinkPHP\Common\functions.php 第 1272 行.
SQL: SHOW COLUMNS FROM `green_product` [ RunTime:0.0080s ]
SQL: SHOW COLUMNS FROM `green_product_cate` [ RunTime:0.0050s ]
SQL: SELECT COUNT(*) AS tp_count FROM `green_product` LIMIT 1   [ RunTime:0.0000s ]
SQL: SELECT * FROM green_product pro LEFT JOIN green_product_cate AS cate ON pro.procate_id = cate.procate_id  ORDER BY pro.product_id DESC LIMIT 0,7   [ RunTime:0.0000s ]
NOTIC: [8] A session had already been started - ignoring session_start() D:\phpStudy\WWW\GreenCMS\ThinkPHP\Common\functions.php 第 1272 行.
SQL: SHOW COLUMNS FROM `green_article` [ RunTime:0.0070s ]
ERR: Think\Controller:a方法不存在！

[ 2017-08-23T09:33:58+08:00 ] 127.0.0.1 /GreenCMS/index.php/Admin/Product/index.html
INFO: [ app_init ] --START--
INFO: Run Behavior\BuildLiteBehavior [ RunTime:0.000000s ]
INFO: [ app_init ] --END-- [ RunTime:0.001000s ]
INFO: [ app_begin ] --START--
INFO: Run Behavior\ReadHtmlCacheBehavior [ RunTime:0.001000s ]
INFO: [ app_begin ] --END-- [ RunTime:0.001000s ]
NOTIC: [8] A session had already been started - ignoring session_start() D:\phpStudy\WWW\GreenCMS\ThinkPHP\Common\functions.php 第 1272 行.
SQL: SHOW COLUMNS FROM `green_product` [ RunTime:0.0060s ]
SQL: SHOW COLUMNS FROM `green_product_cate` [ RunTime:0.0080s ]
SQL: SELECT COUNT(*) AS tp_count FROM `green_product` LIMIT 1   [ RunTime:0.0010s ]
SQL: SELECT * FROM green_product pro LEFT JOIN green_product_cate AS cate ON pro.procate_id = cate.procate_id  ORDER BY pro.product_id DESC LIMIT 0,7   [ RunTime:0.0010s ]
NOTIC: [8] A session had already been started - ignoring session_start() D:\phpStudy\WWW\GreenCMS\ThinkPHP\Common\functions.php 第 1272 行.
SQL: SHOW COLUMNS FROM `green_article` [ RunTime:0.0100s ]
ERR: Think\Controller:a方法不存在！

[ 2017-08-23T09:41:29+08:00 ] 127.0.0.1 /GreenCMS/index.php/Admin/Product/index.html
INFO: [ app_init ] --START--
INFO: Run Behavior\BuildLiteBehavior [ RunTime:0.000000s ]
INFO: [ app_init ] --END-- [ RunTime:0.001000s ]
INFO: [ app_begin ] --START--
INFO: Run Behavior\ReadHtmlCacheBehavior [ RunTime:0.001000s ]
INFO: [ app_begin ] --END-- [ RunTime:0.001000s ]
NOTIC: [8] A session had already been started - ignoring session_start() D:\phpStudy\WWW\GreenCMS\ThinkPHP\Common\functions.php 第 1272 行.
SQL: SHOW COLUMNS FROM `green_product` [ RunTime:0.0060s ]
SQL: SHOW COLUMNS FROM `green_product_cate` [ RunTime:0.0050s ]
SQL: SELECT COUNT(*) AS tp_count FROM `green_product` LIMIT 1   [ RunTime:0.0000s ]
SQL: SELECT * FROM green_product pro LEFT JOIN green_product_cate AS cate ON pro.procate_id = cate.procate_id  ORDER BY pro.product_id DESC LIMIT 0,7   [ RunTime:0.0010s ]
NOTIC: [8] A session had already been started - ignoring session_start() D:\phpStudy\WWW\GreenCMS\ThinkPHP\Common\functions.php 第 1272 行.
SQL: SHOW COLUMNS FROM `green_article` [ RunTime:0.0060s ]
ERR: Think\Controller:a方法不存在！

[ 2017-08-23T09:41:30+08:00 ] 127.0.0.1 /GreenCMS/index.php/Admin/Product/index.html
INFO: [ app_init ] --START--
INFO: Run Behavior\BuildLiteBehavior [ RunTime:0.000000s ]
INFO: [ app_init ] --END-- [ RunTime:0.000000s ]
INFO: [ app_begin ] --START--
INFO: Run Behavior\ReadHtmlCacheBehavior [ RunTime:0.001000s ]
INFO: [ app_begin ] --END-- [ RunTime:0.001000s ]
NOTIC: [8] A session had already been started - ignoring session_start() D:\phpStudy\WWW\GreenCMS\ThinkPHP\Common\functions.php 第 1272 行.
SQL: SHOW COLUMNS FROM `green_product` [ RunTime:0.0060s ]
SQL: SHOW COLUMNS FROM `green_product_cate` [ RunTime:0.0060s ]
SQL: SELECT COUNT(*) AS tp_count FROM `green_product` LIMIT 1   [ RunTime:0.0000s ]
SQL: SELECT * FROM green_product pro LEFT JOIN green_product_cate AS cate ON pro.procate_id = cate.procate_id  ORDER BY pro.product_id DESC LIMIT 0,7   [ RunTime:0.0000s ]
NOTIC: [8] A session had already been started - ignoring session_start() D:\phpStudy\WWW\GreenCMS\ThinkPHP\Common\functions.php 第 1272 行.
SQL: SHOW COLUMNS FROM `green_article` [ RunTime:0.0060s ]
ERR: Think\Controller:a方法不存在！

[ 2017-08-23T09:41:30+08:00 ] 127.0.0.1 /GreenCMS/index.php/Admin/Product/index.html
INFO: [ app_init ] --START--
INFO: Run Behavior\BuildLiteBehavior [ RunTime:0.000000s ]
INFO: [ app_init ] --END-- [ RunTime:0.001000s ]
INFO: [ app_begin ] --START--
INFO: Run Behavior\ReadHtmlCacheBehavior [ RunTime:0.000000s ]
INFO: [ app_begin ] --END-- [ RunTime:0.000000s ]
NOTIC: [8] A session had already been started - ignoring session_start() D:\phpStudy\WWW\GreenCMS\ThinkPHP\Common\functions.php 第 1272 行.
SQL: SHOW COLUMNS FROM `green_product` [ RunTime:0.0070s ]
SQL: SHOW COLUMNS FROM `green_product_cate` [ RunTime:0.0080s ]
SQL: SELECT COUNT(*) AS tp_count FROM `green_product` LIMIT 1   [ RunTime:0.0010s ]
SQL: SELECT * FROM green_product pro LEFT JOIN green_product_cate AS cate ON pro.procate_id = cate.procate_id  ORDER BY pro.product_id DESC LIMIT 0,7   [ RunTime:0.0010s ]
NOTIC: [8] A session had already been started - ignoring session_start() D:\phpStudy\WWW\GreenCMS\ThinkPHP\Common\functions.php 第 1272 行.
SQL: SHOW COLUMNS FROM `green_article` [ RunTime:0.0080s ]
ERR: Think\Controller:a方法不存在！

[ 2017-08-23T09:41:30+08:00 ] 127.0.0.1 /GreenCMS/index.php/Admin/Product/index.html
INFO: [ app_init ] --START--
INFO: Run Behavior\BuildLiteBehavior [ RunTime:0.000000s ]
INFO: [ app_init ] --END-- [ RunTime:0.000000s ]
INFO: [ app_begin ] --START--
INFO: Run Behavior\ReadHtmlCacheBehavior [ RunTime:0.000000s ]
INFO: [ app_begin ] --END-- [ RunTime:0.000000s ]
NOTIC: [8] A session had already been started - ignoring session_start() D:\phpStudy\WWW\GreenCMS\ThinkPHP\Common\functions.php 第 1272 行.
SQL: SHOW COLUMNS FROM `green_product` [ RunTime:0.0070s ]
SQL: SHOW COLUMNS FROM `green_product_cate` [ RunTime:0.0060s ]
SQL: SELECT COUNT(*) AS tp_count FROM `green_product` LIMIT 1   [ RunTime:0.0000s ]
SQL: SELECT * FROM green_product pro LEFT JOIN green_product_cate AS cate ON pro.procate_id = cate.procate_id  ORDER BY pro.product_id DESC LIMIT 0,7   [ RunTime:0.0010s ]
NOTIC: [8] A session had already been started - ignoring session_start() D:\phpStudy\WWW\GreenCMS\ThinkPHP\Common\functions.php 第 1272 行.
SQL: SHOW COLUMNS FROM `green_article` [ RunTime:0.0060s ]
ERR: Think\Controller:a方法不存在！

[ 2017-08-23T09:41:30+08:00 ] 127.0.0.1 /GreenCMS/index.php/Admin/Product/index.html
INFO: [ app_init ] --START--
INFO: Run Behavior\BuildLiteBehavior [ RunTime:0.000000s ]
INFO: [ app_init ] --END-- [ RunTime:0.001000s ]
INFO: [ app_begin ] --START--
INFO: Run Behavior\ReadHtmlCacheBehavior [ RunTime:0.000000s ]
INFO: [ app_begin ] --END-- [ RunTime:0.000000s ]
NOTIC: [8] A session had already been started - ignoring session_start() D:\phpStudy\WWW\GreenCMS\ThinkPHP\Common\functions.php 第 1272 行.
SQL: SHOW COLUMNS FROM `green_product` [ RunTime:0.0080s ]
SQL: SHOW COLUMNS FROM `green_product_cate` [ RunTime:0.0070s ]
SQL: SELECT COUNT(*) AS tp_count FROM `green_product` LIMIT 1   [ RunTime:0.0000s ]
SQL: SELECT * FROM green_product pro LEFT JOIN green_product_cate AS cate ON pro.procate_id = cate.procate_id  ORDER BY pro.product_id DESC LIMIT 0,7   [ RunTime:0.0010s ]
NOTIC: [8] A session had already been started - ignoring session_start() D:\phpStudy\WWW\GreenCMS\ThinkPHP\Common\functions.php 第 1272 行.
SQL: SHOW COLUMNS FROM `green_article` [ RunTime:0.0080s ]
ERR: Think\Controller:a方法不存在！

[ 2017-08-23T09:41:31+08:00 ] 127.0.0.1 /GreenCMS/index.php/Admin/Product/index.html
INFO: [ app_init ] --START--
INFO: Run Behavior\BuildLiteBehavior [ RunTime:0.000000s ]
INFO: [ app_init ] --END-- [ RunTime:0.001000s ]
INFO: [ app_begin ] --START--
INFO: Run Behavior\ReadHtmlCacheBehavior [ RunTime:0.001000s ]
INFO: [ app_begin ] --END-- [ RunTime:0.001000s ]
NOTIC: [8] A session had already been started - ignoring session_start() D:\phpStudy\WWW\GreenCMS\ThinkPHP\Common\functions.php 第 1272 行.
SQL: SHOW COLUMNS FROM `green_product` [ RunTime:0.0060s ]
SQL: SHOW COLUMNS FROM `green_product_cate` [ RunTime:0.0070s ]
SQL: SELECT COUNT(*) AS tp_count FROM `green_product` LIMIT 1   [ RunTime:0.0010s ]
SQL: SELECT * FROM green_product pro LEFT JOIN green_product_cate AS cate ON pro.procate_id = cate.procate_id  ORDER BY pro.product_id DESC LIMIT 0,7   [ RunTime:0.0010s ]
NOTIC: [8] A session had already been started - ignoring session_start() D:\phpStudy\WWW\GreenCMS\ThinkPHP\Common\functions.php 第 1272 行.
SQL: SHOW COLUMNS FROM `green_article` [ RunTime:0.0080s ]
ERR: Think\Controller:a方法不存在！

[ 2017-08-23T09:41:31+08:00 ] 127.0.0.1 /GreenCMS/index.php/Admin/Product/index.html
INFO: [ app_init ] --START--
INFO: Run Behavior\BuildLiteBehavior [ RunTime:0.000000s ]
INFO: [ app_init ] --END-- [ RunTime:0.001000s ]
INFO: [ app_begin ] --START--
INFO: Run Behavior\ReadHtmlCacheBehavior [ RunTime:0.000000s ]
INFO: [ app_begin ] --END-- [ RunTime:0.001000s ]
NOTIC: [8] A session had already been started - ignoring session_start() D:\phpStudy\WWW\GreenCMS\ThinkPHP\Common\functions.php 第 1272 行.
SQL: SHOW COLUMNS FROM `green_product` [ RunTime:0.0070s ]
SQL: SHOW COLUMNS FROM `green_product_cate` [ RunTime:0.0060s ]
SQL: SELECT COUNT(*) AS tp_count FROM `green_product` LIMIT 1   [ RunTime:0.0010s ]
SQL: SELECT * FROM green_product pro LEFT JOIN green_product_cate AS cate ON pro.procate_id = cate.procate_id  ORDER BY pro.product_id DESC LIMIT 0,7   [ RunTime:0.0000s ]
NOTIC: [8] A session had already been started - ignoring session_start() D:\phpStudy\WWW\GreenCMS\ThinkPHP\Common\functions.php 第 1272 行.
SQL: SHOW COLUMNS FROM `green_article` [ RunTime:0.0070s ]
ERR: Think\Controller:a方法不存在！

[ 2017-08-23T09:41:31+08:00 ] 127.0.0.1 /GreenCMS/index.php/Admin/Product/index.html
INFO: [ app_init ] --START--
INFO: Run Behavior\BuildLiteBehavior [ RunTime:0.000000s ]
INFO: [ app_init ] --END-- [ RunTime:0.000000s ]
INFO: [ app_begin ] --START--
INFO: Run Behavior\ReadHtmlCacheBehavior [ RunTime:0.001000s ]
INFO: [ app_begin ] --END-- [ RunTime:0.001000s ]
NOTIC: [8] A session had already been started - ignoring session_start() D:\phpStudy\WWW\GreenCMS\ThinkPHP\Common\functions.php 第 1272 行.
SQL: SHOW COLUMNS FROM `green_product` [ RunTime:0.0070s ]
SQL: SHOW COLUMNS FROM `green_product_cate` [ RunTime:0.0050s ]
SQL: SELECT COUNT(*) AS tp_count FROM `green_product` LIMIT 1   [ RunTime:0.0000s ]
SQL: SELECT * FROM green_product pro LEFT JOIN green_product_cate AS cate ON pro.procate_id = cate.procate_id  ORDER BY pro.product_id DESC LIMIT 0,7   [ RunTime:0.0010s ]
NOTIC: [8] A session had already been started - ignoring session_start() D:\phpStudy\WWW\GreenCMS\ThinkPHP\Common\functions.php 第 1272 行.
SQL: SHOW COLUMNS FROM `green_article` [ RunTime:0.0080s ]
ERR: Think\Controller:a方法不存在！

[ 2017-08-23T09:41:31+08:00 ] 127.0.0.1 /GreenCMS/index.php/Admin/Product/index.html
INFO: [ app_init ] --START--
INFO: Run Behavior\BuildLiteBehavior [ RunTime:0.000000s ]
INFO: [ app_init ] --END-- [ RunTime:0.001000s ]
INFO: [ app_begin ] --START--
INFO: Run Behavior\ReadHtmlCacheBehavior [ RunTime:0.001000s ]
INFO: [ app_begin ] --END-- [ RunTime:0.001000s ]
NOTIC: [8] A session had already been started - ignoring session_start() D:\phpStudy\WWW\GreenCMS\ThinkPHP\Common\functions.php 第 1272 行.
SQL: SHOW COLUMNS FROM `green_product` [ RunTime:0.0070s ]
SQL: SHOW COLUMNS FROM `green_product_cate` [ RunTime:0.0070s ]
SQL: SELECT COUNT(*) AS tp_count FROM `green_product` LIMIT 1   [ RunTime:0.0000s ]
SQL: SELECT * FROM green_product pro LEFT JOIN green_product_cate AS cate ON pro.procate_id = cate.procate_id  ORDER BY pro.product_id DESC LIMIT 0,7   [ RunTime:0.0010s ]
NOTIC: [8] A session had already been started - ignoring session_start() D:\phpStudy\WWW\GreenCMS\ThinkPHP\Common\functions.php 第 1272 行.
SQL: SHOW COLUMNS FROM `green_article` [ RunTime:0.0080s ]
ERR: Think\Controller:a方法不存在！

[ 2017-08-23T09:41:31+08:00 ] 127.0.0.1 /GreenCMS/index.php/Admin/Product/index.html
INFO: [ app_init ] --START--
INFO: Run Behavior\BuildLiteBehavior [ RunTime:0.000000s ]
INFO: [ app_init ] --END-- [ RunTime:0.000000s ]
INFO: [ app_begin ] --START--
INFO: Run Behavior\ReadHtmlCacheBehavior [ RunTime:0.001000s ]
INFO: [ app_begin ] --END-- [ RunTime:0.001000s ]
NOTIC: [8] A session had already been started - ignoring session_start() D:\phpStudy\WWW\GreenCMS\ThinkPHP\Common\functions.php 第 1272 行.
SQL: SHOW COLUMNS FROM `green_product` [ RunTime:0.0060s ]
SQL: SHOW COLUMNS FROM `green_product_cate` [ RunTime:0.0080s ]
SQL: SELECT COUNT(*) AS tp_count FROM `green_product` LIMIT 1   [ RunTime:0.0020s ]
SQL: SELECT * FROM green_product pro LEFT JOIN green_product_cate AS cate ON pro.procate_id = cate.procate_id  ORDER BY pro.product_id DESC LIMIT 0,7   [ RunTime:0.0010s ]
NOTIC: [8] A session had already been started - ignoring session_start() D:\phpStudy\WWW\GreenCMS\ThinkPHP\Common\functions.php 第 1272 行.
SQL: SHOW COLUMNS FROM `green_article` [ RunTime:0.0080s ]
ERR: Think\Controller:a方法不存在！

[ 2017-08-23T09:41:31+08:00 ] 127.0.0.1 /GreenCMS/index.php/Admin/Product/index.html
INFO: [ app_init ] --START--
INFO: Run Behavior\BuildLiteBehavior [ RunTime:0.000000s ]
INFO: [ app_init ] --END-- [ RunTime:0.001000s ]
INFO: [ app_begin ] --START--
INFO: Run Behavior\ReadHtmlCacheBehavior [ RunTime:0.001000s ]
INFO: [ app_begin ] --END-- [ RunTime:0.001000s ]
NOTIC: [8] A session had already been started - ignoring session_start() D:\phpStudy\WWW\GreenCMS\ThinkPHP\Common\functions.php 第 1272 行.
SQL: SHOW COLUMNS FROM `green_product` [ RunTime:0.0060s ]
SQL: SHOW COLUMNS FROM `green_product_cate` [ RunTime:0.0070s ]
SQL: SELECT COUNT(*) AS tp_count FROM `green_product` LIMIT 1   [ RunTime:0.0000s ]
SQL: SELECT * FROM green_product pro LEFT JOIN green_product_cate AS cate ON pro.procate_id = cate.procate_id  ORDER BY pro.product_id DESC LIMIT 0,7   [ RunTime:0.0010s ]
NOTIC: [8] A session had already been started - ignoring session_start() D:\phpStudy\WWW\GreenCMS\ThinkPHP\Common\functions.php 第 1272 行.
SQL: SHOW COLUMNS FROM `green_article` [ RunTime:0.0070s ]
ERR: Think\Controller:a方法不存在！

[ 2017-08-23T09:41:53+08:00 ] 127.0.0.1 /GreenCMS/index.php/Admin/Product/index.html
INFO: [ app_init ] --START--
INFO: Run Behavior\BuildLiteBehavior [ RunTime:0.000000s ]
INFO: [ app_init ] --END-- [ RunTime:0.000000s ]
INFO: [ app_begin ] --START--
INFO: Run Behavior\ReadHtmlCacheBehavior [ RunTime:0.000000s ]
INFO: [ app_begin ] --END-- [ RunTime:0.000000s ]
NOTIC: [8] A session had already been started - ignoring session_start() D:\phpStudy\WWW\GreenCMS\ThinkPHP\Common\functions.php 第 1272 行.
SQL: SHOW COLUMNS FROM `green_product` [ RunTime:0.0070s ]
SQL: SHOW COLUMNS FROM `green_product_cate` [ RunTime:0.0050s ]
SQL: SELECT COUNT(*) AS tp_count FROM `green_product` LIMIT 1   [ RunTime:0.0010s ]
SQL: SELECT * FROM green_product pro LEFT JOIN green_product_cate AS cate ON pro.procate_id = cate.procate_id  ORDER BY pro.product_id DESC LIMIT 0,7   [ RunTime:0.0010s ]
NOTIC: [8] A session had already been started - ignoring session_start() D:\phpStudy\WWW\GreenCMS\ThinkPHP\Common\functions.php 第 1272 行.
SQL: SHOW COLUMNS FROM `green_article` [ RunTime:0.0060s ]
ERR: Think\Controller:g方法不存在！

[ 2017-08-23T09:41:55+08:00 ] 127.0.0.1 /GreenCMS/index.php/Admin/Product/index.html
INFO: [ app_init ] --START--
INFO: Run Behavior\BuildLiteBehavior [ RunTime:0.000000s ]
INFO: [ app_init ] --END-- [ RunTime:0.000000s ]
INFO: [ app_begin ] --START--
INFO: Run Behavior\ReadHtmlCacheBehavior [ RunTime:0.001000s ]
INFO: [ app_begin ] --END-- [ RunTime:0.001000s ]
NOTIC: [8] A session had already been started - ignoring session_start() D:\phpStudy\WWW\GreenCMS\ThinkPHP\Common\functions.php 第 1272 行.
SQL: SHOW COLUMNS FROM `green_product` [ RunTime:0.0050s ]
SQL: SHOW COLUMNS FROM `green_product_cate` [ RunTime:0.0050s ]
SQL: SELECT COUNT(*) AS tp_count FROM `green_product` LIMIT 1   [ RunTime:0.0000s ]
SQL: SELECT * FROM green_product pro LEFT JOIN green_product_cate AS cate ON pro.procate_id = cate.procate_id  ORDER BY pro.product_id DESC LIMIT 0,7   [ RunTime:0.0010s ]
NOTIC: [8] A session had already been started - ignoring session_start() D:\phpStudy\WWW\GreenCMS\ThinkPHP\Common\functions.php 第 1272 行.
SQL: SHOW COLUMNS FROM `green_article` [ RunTime:0.0050s ]
ERR: Think\Controller:g方法不存在！

[ 2017-08-23T09:41:55+08:00 ] 127.0.0.1 /GreenCMS/index.php/Admin/Product/index.html
INFO: [ app_init ] --START--
INFO: Run Behavior\BuildLiteBehavior [ RunTime:0.000000s ]
INFO: [ app_init ] --END-- [ RunTime:0.000000s ]
INFO: [ app_begin ] --START--
INFO: Run Behavior\ReadHtmlCacheBehavior [ RunTime:0.000000s ]
INFO: [ app_begin ] --END-- [ RunTime:0.000000s ]
NOTIC: [8] A session had already been started - ignoring session_start() D:\phpStudy\WWW\GreenCMS\ThinkPHP\Common\functions.php 第 1272 行.
SQL: SHOW COLUMNS FROM `green_product` [ RunTime:0.0070s ]
SQL: SHOW COLUMNS FROM `green_product_cate` [ RunTime:0.0070s ]
SQL: SELECT COUNT(*) AS tp_count FROM `green_product` LIMIT 1   [ RunTime:0.0000s ]
SQL: SELECT * FROM green_product pro LEFT JOIN green_product_cate AS cate ON pro.procate_id = cate.procate_id  ORDER BY pro.product_id DESC LIMIT 0,7   [ RunTime:0.0010s ]
NOTIC: [8] A session had already been started - ignoring session_start() D:\phpStudy\WWW\GreenCMS\ThinkPHP\Common\functions.php 第 1272 行.
SQL: SHOW COLUMNS FROM `green_article` [ RunTime:0.0080s ]
ERR: Think\Controller:g方法不存在！

[ 2017-08-23T09:41:55+08:00 ] 127.0.0.1 /GreenCMS/index.php/Admin/Product/index.html
INFO: [ app_init ] --START--
INFO: Run Behavior\BuildLiteBehavior [ RunTime:0.000000s ]
INFO: [ app_init ] --END-- [ RunTime:0.001000s ]
INFO: [ app_begin ] --START--
INFO: Run Behavior\ReadHtmlCacheBehavior [ RunTime:0.000000s ]
INFO: [ app_begin ] --END-- [ RunTime:0.000000s ]
NOTIC: [8] A session had already been started - ignoring session_start() D:\phpStudy\WWW\GreenCMS\ThinkPHP\Common\functions.php 第 1272 行.
SQL: SHOW COLUMNS FROM `green_product` [ RunTime:0.0080s ]
SQL: SHOW COLUMNS FROM `green_product_cate` [ RunTime:0.0080s ]
SQL: SELECT COUNT(*) AS tp_count FROM `green_product` LIMIT 1   [ RunTime:0.0000s ]
SQL: SELECT * FROM green_product pro LEFT JOIN green_product_cate AS cate ON pro.procate_id = cate.procate_id  ORDER BY pro.product_id DESC LIMIT 0,7   [ RunTime:0.0010s ]
NOTIC: [8] A session had already been started - ignoring session_start() D:\phpStudy\WWW\GreenCMS\ThinkPHP\Common\functions.php 第 1272 行.
SQL: SHOW COLUMNS FROM `green_article` [ RunTime:0.0060s ]
ERR: Think\Controller:g方法不存在！

[ 2017-08-23T09:42:40+08:00 ] 127.0.0.1 /GreenCMS/index.php/Admin/Product/index.html
INFO: [ app_init ] --START--
INFO: Run Behavior\BuildLiteBehavior [ RunTime:0.000000s ]
INFO: [ app_init ] --END-- [ RunTime:0.000000s ]
INFO: [ app_begin ] --START--
INFO: Run Behavior\ReadHtmlCacheBehavior [ RunTime:0.001000s ]
INFO: [ app_begin ] --END-- [ RunTime:0.001000s ]
NOTIC: [8] A session had already been started - ignoring session_start() D:\phpStudy\WWW\GreenCMS\ThinkPHP\Common\functions.php 第 1272 行.
SQL: SHOW COLUMNS FROM `green_product` [ RunTime:0.0060s ]
SQL: SHOW COLUMNS FROM `green_product_cate` [ RunTime:0.0050s ]
SQL: SELECT COUNT(*) AS tp_count FROM `green_product` LIMIT 1   [ RunTime:0.0000s ]
SQL: SELECT * FROM green_product pro LEFT JOIN green_product_cate AS cate ON pro.procate_id = cate.procate_id  ORDER BY pro.product_id DESC LIMIT 0,7   [ RunTime:0.0000s ]
NOTIC: [8] A session had already been started - ignoring session_start() D:\phpStudy\WWW\GreenCMS\ThinkPHP\Common\functions.php 第 1272 行.
SQL: SHOW COLUMNS FROM `green_article` [ RunTime:0.0060s ]
ERR: Think\Controller:g方法不存在！

[ 2017-08-23T09:42:41+08:00 ] 127.0.0.1 /GreenCMS/index.php/Admin/Product/index.html
INFO: [ app_init ] --START--
INFO: Run Behavior\BuildLiteBehavior [ RunTime:0.000000s ]
INFO: [ app_init ] --END-- [ RunTime:0.000000s ]
INFO: [ app_begin ] --START--
INFO: Run Behavior\ReadHtmlCacheBehavior [ RunTime:0.001000s ]
INFO: [ app_begin ] --END-- [ RunTime:0.001000s ]
NOTIC: [8] A session had already been started - ignoring session_start() D:\phpStudy\WWW\GreenCMS\ThinkPHP\Common\functions.php 第 1272 行.
SQL: SHOW COLUMNS FROM `green_product` [ RunTime:0.0070s ]
SQL: SHOW COLUMNS FROM `green_product_cate` [ RunTime:0.0070s ]
SQL: SELECT COUNT(*) AS tp_count FROM `green_product` LIMIT 1   [ RunTime:0.0000s ]
SQL: SELECT * FROM green_product pro LEFT JOIN green_product_cate AS cate ON pro.procate_id = cate.procate_id  ORDER BY pro.product_id DESC LIMIT 0,7   [ RunTime:0.0010s ]
NOTIC: [8] A session had already been started - ignoring session_start() D:\phpStudy\WWW\GreenCMS\ThinkPHP\Common\functions.php 第 1272 行.
SQL: SHOW COLUMNS FROM `green_article` [ RunTime:0.0070s ]
ERR: Think\Controller:g方法不存在！

[ 2017-08-23T09:42:41+08:00 ] 127.0.0.1 /GreenCMS/index.php/Admin/Product/index.html
INFO: [ app_init ] --START--
INFO: Run Behavior\BuildLiteBehavior [ RunTime:0.000000s ]
INFO: [ app_init ] --END-- [ RunTime:0.001000s ]
INFO: [ app_begin ] --START--
INFO: Run Behavior\ReadHtmlCacheBehavior [ RunTime:0.000000s ]
INFO: [ app_begin ] --END-- [ RunTime:0.000000s ]
NOTIC: [8] A session had already been started - ignoring session_start() D:\phpStudy\WWW\GreenCMS\ThinkPHP\Common\functions.php 第 1272 行.
SQL: SHOW COLUMNS FROM `green_product` [ RunTime:0.0090s ]
SQL: SHOW COLUMNS FROM `green_product_cate` [ RunTime:0.0070s ]
SQL: SELECT COUNT(*) AS tp_count FROM `green_product` LIMIT 1   [ RunTime:0.0000s ]
SQL: SELECT * FROM green_product pro LEFT JOIN green_product_cate AS cate ON pro.procate_id = cate.procate_id  ORDER BY pro.product_id DESC LIMIT 0,7   [ RunTime:0.0010s ]
NOTIC: [8] A session had already been started - ignoring session_start() D:\phpStudy\WWW\GreenCMS\ThinkPHP\Common\functions.php 第 1272 行.
SQL: SHOW COLUMNS FROM `green_article` [ RunTime:0.0080s ]
ERR: Think\Controller:g方法不存在！

[ 2017-08-23T09:44:20+08:00 ] 127.0.0.1 /GreenCMS/index.php/Admin/Product/index.html
INFO: [ app_init ] --START--
INFO: Run Behavior\BuildLiteBehavior [ RunTime:0.000000s ]
INFO: [ app_init ] --END-- [ RunTime:0.000000s ]
INFO: [ app_begin ] --START--
INFO: Run Behavior\ReadHtmlCacheBehavior [ RunTime:0.001000s ]
INFO: [ app_begin ] --END-- [ RunTime:0.001000s ]
NOTIC: [8] A session had already been started - ignoring session_start() D:\phpStudy\WWW\GreenCMS\ThinkPHP\Common\functions.php 第 1272 行.
SQL: SHOW COLUMNS FROM `green_product` [ RunTime:0.0050s ]
SQL: SHOW COLUMNS FROM `green_product_cate` [ RunTime:0.0060s ]
SQL: SELECT COUNT(*) AS tp_count FROM `green_product` LIMIT 1   [ RunTime:0.0000s ]
SQL: SELECT * FROM green_product pro LEFT JOIN green_product_cate AS cate ON pro.procate_id = cate.procate_id  ORDER BY pro.product_id DESC LIMIT 0,7   [ RunTime:0.0010s ]
INFO: [ view_parse ] --START--
INFO: [ template_filter ] --START--
INFO: Run Behavior\ContentReplaceBehavior [ RunTime:0.000000s ]
INFO: [ template_filter ] --END-- [ RunTime:0.001000s ]
INFO: Run Behavior\ParseTemplateBehavior [ RunTime:0.045002s ]
INFO: [ view_parse ] --END-- [ RunTime:0.045002s ]
INFO: [ view_filter ] --START--
INFO: Run Behavior\WriteHtmlCacheBehavior [ RunTime:0.001000s ]
INFO: [ view_filter ] --END-- [ RunTime:0.001000s ]
INFO: [ app_end ] --START--
INFO: Run Behavior\ShowPageTraceBehavior [ RunTime:0.001000s ]
INFO: [ app_end ] --END-- [ RunTime:0.001000s ]

[ 2017-08-23T09:44:25+08:00 ] 127.0.0.1 /GreenCMS/index.php/Admin/Product/index.html
INFO: [ app_init ] --START--
INFO: Run Behavior\BuildLiteBehavior [ RunTime:0.000000s ]
INFO: [ app_init ] --END-- [ RunTime:0.000000s ]
INFO: [ app_begin ] --START--
INFO: Run Behavior\ReadHtmlCacheBehavior [ RunTime:0.001000s ]
INFO: [ app_begin ] --END-- [ RunTime:0.001000s ]
NOTIC: [8] A session had already been started - ignoring session_start() D:\phpStudy\WWW\GreenCMS\ThinkPHP\Common\functions.php 第 1272 行.
SQL: SHOW COLUMNS FROM `green_product` [ RunTime:0.0050s ]
SQL: SHOW COLUMNS FROM `green_product_cate` [ RunTime:0.0060s ]
SQL: SELECT COUNT(*) AS tp_count FROM `green_product` LIMIT 1   [ RunTime:0.0000s ]
SQL: SELECT * FROM green_product pro LEFT JOIN green_product_cate AS cate ON pro.procate_id = cate.procate_id  ORDER BY pro.product_id DESC LIMIT 0,7   [ RunTime:0.0010s ]
INFO: [ view_parse ] --START--
INFO: [ template_filter ] --START--
INFO: Run Behavior\ContentReplaceBehavior [ RunTime:0.000000s ]
INFO: [ template_filter ] --END-- [ RunTime:0.000000s ]
INFO: Run Behavior\ParseTemplateBehavior [ RunTime:0.044002s ]
INFO: [ view_parse ] --END-- [ RunTime:0.045002s ]
INFO: [ view_filter ] --START--
INFO: Run Behavior\WriteHtmlCacheBehavior [ RunTime:0.000000s ]
INFO: [ view_filter ] --END-- [ RunTime:0.000000s ]
INFO: [ app_end ] --START--
INFO: Run Behavior\ShowPageTraceBehavior [ RunTime:0.001000s ]
INFO: [ app_end ] --END-- [ RunTime:0.001000s ]

[ 2017-08-23T09:44:25+08:00 ] 127.0.0.1 /GreenCMS/index.php/Admin/Product/index.html
INFO: [ app_init ] --START--
INFO: Run Behavior\BuildLiteBehavior [ RunTime:0.000000s ]
INFO: [ app_init ] --END-- [ RunTime:0.000000s ]
INFO: [ app_begin ] --START--
INFO: Run Behavior\ReadHtmlCacheBehavior [ RunTime:0.001000s ]
INFO: [ app_begin ] --END-- [ RunTime:0.001000s ]
NOTIC: [8] A session had already been started - ignoring session_start() D:\phpStudy\WWW\GreenCMS\ThinkPHP\Common\functions.php 第 1272 行.
SQL: SHOW COLUMNS FROM `green_product` [ RunTime:0.0080s ]
SQL: SHOW COLUMNS FROM `green_product_cate` [ RunTime:0.0070s ]
SQL: SELECT COUNT(*) AS tp_count FROM `green_product` LIMIT 1   [ RunTime:0.0010s ]
SQL: SELECT * FROM green_product pro LEFT JOIN green_product_cate AS cate ON pro.procate_id = cate.procate_id  ORDER BY pro.product_id DESC LIMIT 0,7   [ RunTime:0.0000s ]
INFO: [ view_parse ] --START--
INFO: [ template_filter ] --START--
INFO: Run Behavior\ContentReplaceBehavior [ RunTime:0.000000s ]
INFO: [ template_filter ] --END-- [ RunTime:0.000000s ]
INFO: Run Behavior\ParseTemplateBehavior [ RunTime:0.014001s ]
INFO: [ view_parse ] --END-- [ RunTime:0.014001s ]
INFO: [ view_filter ] --START--
INFO: Run Behavior\WriteHtmlCacheBehavior [ RunTime:0.000000s ]
INFO: [ view_filter ] --END-- [ RunTime:0.000000s ]
INFO: [ app_end ] --START--
INFO: Run Behavior\ShowPageTraceBehavior [ RunTime:0.001000s ]
INFO: [ app_end ] --END-- [ RunTime:0.001000s ]

[ 2017-08-23T09:44:41+08:00 ] 127.0.0.1 /GreenCMS/index.php/Admin/Product/index.html
INFO: [ app_init ] --START--
INFO: Run Behavior\BuildLiteBehavior [ RunTime:0.000000s ]
INFO: [ app_init ] --END-- [ RunTime:0.001000s ]
INFO: [ app_begin ] --START--
INFO: Run Behavior\ReadHtmlCacheBehavior [ RunTime:0.001000s ]
INFO: [ app_begin ] --END-- [ RunTime:0.001000s ]
NOTIC: [8] A session had already been started - ignoring session_start() D:\phpStudy\WWW\GreenCMS\ThinkPHP\Common\functions.php 第 1272 行.
SQL: SHOW COLUMNS FROM `green_product` [ RunTime:0.0080s ]
SQL: SHOW COLUMNS FROM `green_product_cate` [ RunTime:0.0080s ]
SQL: SELECT COUNT(*) AS tp_count FROM `green_product` LIMIT 1   [ RunTime:0.0000s ]
SQL: SELECT * FROM green_product pro LEFT JOIN green_product_cate AS cate ON pro.procate_id = cate.procate_id  ORDER BY pro.product_id DESC LIMIT 0,7   [ RunTime:0.0010s ]
INFO: [ view_parse ] --START--
INFO: [ template_filter ] --START--
INFO: Run Behavior\ContentReplaceBehavior [ RunTime:0.000000s ]
INFO: [ template_filter ] --END-- [ RunTime:0.000000s ]
INFO: Run Behavior\ParseTemplateBehavior [ RunTime:0.010001s ]
INFO: [ view_parse ] --END-- [ RunTime:0.010001s ]
INFO: [ view_filter ] --START--
INFO: Run Behavior\WriteHtmlCacheBehavior [ RunTime:0.000000s ]
INFO: [ view_filter ] --END-- [ RunTime:0.000000s ]
INFO: [ app_end ] --START--
INFO: Run Behavior\ShowPageTraceBehavior [ RunTime:0.000000s ]
INFO: [ app_end ] --END-- [ RunTime:0.000000s ]

[ 2017-08-23T09:44:41+08:00 ] 127.0.0.1 /GreenCMS/index.php/Admin/Product/index.html
INFO: [ app_init ] --START--
INFO: Run Behavior\BuildLiteBehavior [ RunTime:0.000000s ]
INFO: [ app_init ] --END-- [ RunTime:0.001000s ]
INFO: [ app_begin ] --START--
INFO: Run Behavior\ReadHtmlCacheBehavior [ RunTime:0.001000s ]
INFO: [ app_begin ] --END-- [ RunTime:0.001000s ]
NOTIC: [8] A session had already been started - ignoring session_start() D:\phpStudy\WWW\GreenCMS\ThinkPHP\Common\functions.php 第 1272 行.
SQL: SHOW COLUMNS FROM `green_product` [ RunTime:0.0070s ]
SQL: SHOW COLUMNS FROM `green_product_cate` [ RunTime:0.0070s ]
SQL: SELECT COUNT(*) AS tp_count FROM `green_product` LIMIT 1   [ RunTime:0.0000s ]
SQL: SELECT * FROM green_product pro LEFT JOIN green_product_cate AS cate ON pro.procate_id = cate.procate_id  ORDER BY pro.product_id DESC LIMIT 0,7   [ RunTime:0.0010s ]
INFO: [ view_parse ] --START--
INFO: [ template_filter ] --START--
INFO: Run Behavior\ContentReplaceBehavior [ RunTime:0.000000s ]
INFO: [ template_filter ] --END-- [ RunTime:0.000000s ]
INFO: Run Behavior\ParseTemplateBehavior [ RunTime:0.009001s ]
INFO: [ view_parse ] --END-- [ RunTime:0.009001s ]
INFO: [ view_filter ] --START--
INFO: Run Behavior\WriteHtmlCacheBehavior [ RunTime:0.001000s ]
INFO: [ view_filter ] --END-- [ RunTime:0.001000s ]
INFO: [ app_end ] --START--
INFO: Run Behavior\ShowPageTraceBehavior [ RunTime:0.001000s ]
INFO: [ app_end ] --END-- [ RunTime:0.001000s ]

[ 2017-08-23T09:45:44+08:00 ] 127.0.0.1 /GreenCMS/index.php/Admin/Product/index.html
INFO: [ app_init ] --START--
INFO: Run Behavior\BuildLiteBehavior [ RunTime:0.000000s ]
INFO: [ app_init ] --END-- [ RunTime:0.001000s ]
INFO: [ app_begin ] --START--
INFO: Run Behavior\ReadHtmlCacheBehavior [ RunTime:0.000000s ]
INFO: [ app_begin ] --END-- [ RunTime:0.000000s ]
NOTIC: [8] A session had already been started - ignoring session_start() D:\phpStudy\WWW\GreenCMS\ThinkPHP\Common\functions.php 第 1272 行.
SQL: SHOW COLUMNS FROM `green_product` [ RunTime:0.0060s ]
SQL: SHOW COLUMNS FROM `green_product_cate` [ RunTime:0.0060s ]
SQL: SELECT COUNT(*) AS tp_count FROM `green_product` LIMIT 1   [ RunTime:0.0000s ]
SQL: SELECT * FROM green_product pro LEFT JOIN green_product_cate AS cate ON pro.procate_id = cate.procate_id  ORDER BY pro.product_id DESC LIMIT 0,7   [ RunTime:0.0000s ]
INFO: [ view_parse ] --START--
INFO: [ template_filter ] --START--
INFO: Run Behavior\ContentReplaceBehavior [ RunTime:0.000000s ]
INFO: [ template_filter ] --END-- [ RunTime:0.000000s ]
INFO: Run Behavior\ParseTemplateBehavior [ RunTime:0.008001s ]
INFO: [ view_parse ] --END-- [ RunTime:0.008001s ]
INFO: [ view_filter ] --START--
INFO: Run Behavior\WriteHtmlCacheBehavior [ RunTime:0.001000s ]
INFO: [ view_filter ] --END-- [ RunTime:0.001000s ]
INFO: [ app_end ] --START--
INFO: Run Behavior\ShowPageTraceBehavior [ RunTime:0.000000s ]
INFO: [ app_end ] --END-- [ RunTime:0.000000s ]

[ 2017-08-23T09:45:45+08:00 ] 127.0.0.1 /GreenCMS/index.php/Admin/Product/index.html
INFO: [ app_init ] --START--
INFO: Run Behavior\BuildLiteBehavior [ RunTime:0.000000s ]
INFO: [ app_init ] --END-- [ RunTime:0.000000s ]
INFO: [ app_begin ] --START--
INFO: Run Behavior\ReadHtmlCacheBehavior [ RunTime:0.000000s ]
INFO: [ app_begin ] --END-- [ RunTime:0.000000s ]
NOTIC: [8] A session had already been started - ignoring session_start() D:\phpStudy\WWW\GreenCMS\ThinkPHP\Common\functions.php 第 1272 行.
SQL: SHOW COLUMNS FROM `green_product` [ RunTime:0.0080s ]
SQL: SHOW COLUMNS FROM `green_product_cate` [ RunTime:0.0070s ]
SQL: SELECT COUNT(*) AS tp_count FROM `green_product` LIMIT 1   [ RunTime:0.0000s ]
SQL: SELECT * FROM green_product pro LEFT JOIN green_product_cate AS cate ON pro.procate_id = cate.procate_id  ORDER BY pro.product_id DESC LIMIT 0,7   [ RunTime:0.0010s ]
INFO: [ view_parse ] --START--
INFO: [ template_filter ] --START--
INFO: Run Behavior\ContentReplaceBehavior [ RunTime:0.000000s ]
INFO: [ template_filter ] --END-- [ RunTime:0.000000s ]
INFO: Run Behavior\ParseTemplateBehavior [ RunTime:0.011000s ]
INFO: [ view_parse ] --END-- [ RunTime:0.011000s ]
INFO: [ view_filter ] --START--
INFO: Run Behavior\WriteHtmlCacheBehavior [ RunTime:0.000000s ]
INFO: [ view_filter ] --END-- [ RunTime:0.000000s ]
INFO: [ app_end ] --START--
INFO: Run Behavior\ShowPageTraceBehavior [ RunTime:0.000000s ]
INFO: [ app_end ] --END-- [ RunTime:0.000000s ]

[ 2017-08-23T09:45:46+08:00 ] 127.0.0.1 /GreenCMS/index.php/Admin/Procate/index.html
INFO: [ app_init ] --START--
INFO: Run Behavior\BuildLiteBehavior [ RunTime:0.000000s ]
INFO: [ app_init ] --END-- [ RunTime:0.000000s ]
INFO: [ app_begin ] --START--
INFO: Run Behavior\ReadHtmlCacheBehavior [ RunTime:0.001001s ]
INFO: [ app_begin ] --END-- [ RunTime:0.001001s ]
SQL: SHOW COLUMNS FROM `green_product_cate` [ RunTime:0.0060s ]
SQL: SELECT COUNT(*) AS tp_count FROM `green_product_cate` LIMIT 1   [ RunTime:0.0000s ]
SQL: SELECT * FROM `green_product_cate` ORDER BY procate_id LIMIT 0,7   [ RunTime:0.0010s ]
INFO: [ view_parse ] --START--
INFO: [ template_filter ] --START--
INFO: Run Behavior\ContentReplaceBehavior [ RunTime:0.000000s ]
INFO: [ template_filter ] --END-- [ RunTime:0.001000s ]
INFO: Run Behavior\ParseTemplateBehavior [ RunTime:0.031002s ]
INFO: [ view_parse ] --END-- [ RunTime:0.031002s ]
INFO: [ view_filter ] --START--
INFO: Run Behavior\WriteHtmlCacheBehavior [ RunTime:0.000000s ]
INFO: [ view_filter ] --END-- [ RunTime:0.000000s ]
INFO: [ app_end ] --START--
INFO: Run Behavior\ShowPageTraceBehavior [ RunTime:0.001000s ]
INFO: [ app_end ] --END-- [ RunTime:0.001000s ]

[ 2017-08-23T09:45:47+08:00 ] 127.0.0.1 /GreenCMS/index.php/Admin/Product/index.html
INFO: [ app_init ] --START--
INFO: Run Behavior\BuildLiteBehavior [ RunTime:0.000000s ]
INFO: [ app_init ] --END-- [ RunTime:0.000000s ]
INFO: [ app_begin ] --START--
INFO: Run Behavior\ReadHtmlCacheBehavior [ RunTime:0.001000s ]
INFO: [ app_begin ] --END-- [ RunTime:0.001000s ]
NOTIC: [8] A session had already been started - ignoring session_start() D:\phpStudy\WWW\GreenCMS\ThinkPHP\Common\functions.php 第 1272 行.
SQL: SHOW COLUMNS FROM `green_product` [ RunTime:0.0090s ]
SQL: SHOW COLUMNS FROM `green_product_cate` [ RunTime:0.0090s ]
SQL: SELECT COUNT(*) AS tp_count FROM `green_product` LIMIT 1   [ RunTime:0.0000s ]
SQL: SELECT * FROM green_product pro LEFT JOIN green_product_cate AS cate ON pro.procate_id = cate.procate_id  ORDER BY pro.product_id DESC LIMIT 0,7   [ RunTime:0.0010s ]
INFO: [ view_parse ] --START--
INFO: [ template_filter ] --START--
INFO: Run Behavior\ContentReplaceBehavior [ RunTime:0.000000s ]
INFO: [ template_filter ] --END-- [ RunTime:0.000000s ]
INFO: Run Behavior\ParseTemplateBehavior [ RunTime:0.053003s ]
INFO: [ view_parse ] --END-- [ RunTime:0.053003s ]
INFO: [ view_filter ] --START--
INFO: Run Behavior\WriteHtmlCacheBehavior [ RunTime:0.000000s ]
INFO: [ view_filter ] --END-- [ RunTime:0.000000s ]
INFO: [ app_end ] --START--
INFO: Run Behavior\ShowPageTraceBehavior [ RunTime:0.001000s ]
INFO: [ app_end ] --END-- [ RunTime:0.001000s ]

[ 2017-08-23T09:45:49+08:00 ] 127.0.0.1 /GreenCMS/index.php/Admin/Product/add.html
INFO: [ app_init ] --START--
INFO: Run Behavior\BuildLiteBehavior [ RunTime:0.000000s ]
INFO: [ app_init ] --END-- [ RunTime:0.000000s ]
INFO: [ app_begin ] --START--
INFO: Run Behavior\ReadHtmlCacheBehavior [ RunTime:0.000000s ]
INFO: [ app_begin ] --END-- [ RunTime:0.000000s ]
NOTIC: [8] A session had already been started - ignoring session_start() D:\phpStudy\WWW\GreenCMS\ThinkPHP\Common\functions.php 第 1272 行.
SQL: SHOW COLUMNS FROM `green_product` [ RunTime:0.0090s ]
SQL: SHOW COLUMNS FROM `green_product_cate` [ RunTime:0.0060s ]
SQL: SHOW COLUMNS FROM `green_product` [ RunTime:0.0060s ]
SQL: SELECT * FROM `green_product_cate`  [ RunTime:0.0000s ]
INFO: [ view_parse ] --START--
INFO: [ template_filter ] --START--
INFO: Run Behavior\ContentReplaceBehavior [ RunTime:0.000000s ]
INFO: [ template_filter ] --END-- [ RunTime:0.000000s ]
INFO: Run Behavior\ParseTemplateBehavior [ RunTime:0.021001s ]
INFO: [ view_parse ] --END-- [ RunTime:0.021001s ]
INFO: [ view_filter ] --START--
INFO: Run Behavior\WriteHtmlCacheBehavior [ RunTime:0.000000s ]
INFO: [ view_filter ] --END-- [ RunTime:0.000000s ]
INFO: [ app_end ] --START--
INFO: Run Behavior\ShowPageTraceBehavior [ RunTime:0.001000s ]
INFO: [ app_end ] --END-- [ RunTime:0.001000s ]

[ 2017-08-23T09:47:33+08:00 ] 127.0.0.1 /GreenCMS/index.php/Admin/Product/index.html
INFO: [ app_init ] --START--
INFO: Run Behavior\BuildLiteBehavior [ RunTime:0.000000s ]
INFO: [ app_init ] --END-- [ RunTime:0.000000s ]
INFO: [ app_begin ] --START--
INFO: Run Behavior\ReadHtmlCacheBehavior [ RunTime:0.001000s ]
INFO: [ app_begin ] --END-- [ RunTime:0.001000s ]
NOTIC: [8] A session had already been started - ignoring session_start() D:\phpStudy\WWW\GreenCMS\ThinkPHP\Common\functions.php 第 1272 行.
SQL: SHOW COLUMNS FROM `green_product` [ RunTime:0.0070s ]
SQL: SHOW COLUMNS FROM `green_product_cate` [ RunTime:0.0060s ]
SQL: SELECT COUNT(*) AS tp_count FROM `green_product` LIMIT 1   [ RunTime:0.0000s ]
SQL: SELECT * FROM green_product pro LEFT JOIN green_product_cate AS cate ON pro.procate_id = cate.procate_id  ORDER BY pro.product_id DESC LIMIT 0,7   [ RunTime:0.0000s ]
NOTIC: [8] A session had already been started - ignoring session_start() D:\phpStudy\WWW\GreenCMS\ThinkPHP\Common\functions.php 第 1272 行.
SQL: SHOW COLUMNS FROM `green_article` [ RunTime:0.0070s ]
ERR: Think\Controller:a方法不存在！

[ 2017-08-23T09:47:34+08:00 ] 127.0.0.1 /GreenCMS/index.php/Admin/Product/index.html
INFO: [ app_init ] --START--
INFO: Run Behavior\BuildLiteBehavior [ RunTime:0.000000s ]
INFO: [ app_init ] --END-- [ RunTime:0.001000s ]
INFO: [ app_begin ] --START--
INFO: Run Behavior\ReadHtmlCacheBehavior [ RunTime:0.000000s ]
INFO: [ app_begin ] --END-- [ RunTime:0.000000s ]
NOTIC: [8] A session had already been started - ignoring session_start() D:\phpStudy\WWW\GreenCMS\ThinkPHP\Common\functions.php 第 1272 行.
SQL: SHOW COLUMNS FROM `green_product` [ RunTime:0.0050s ]
SQL: SHOW COLUMNS FROM `green_product_cate` [ RunTime:0.0050s ]
SQL: SELECT COUNT(*) AS tp_count FROM `green_product` LIMIT 1   [ RunTime:0.0010s ]
SQL: SELECT * FROM green_product pro LEFT JOIN green_product_cate AS cate ON pro.procate_id = cate.procate_id  ORDER BY pro.product_id DESC LIMIT 0,7   [ RunTime:0.0010s ]
NOTIC: [8] A session had already been started - ignoring session_start() D:\phpStudy\WWW\GreenCMS\ThinkPHP\Common\functions.php 第 1272 行.
SQL: SHOW COLUMNS FROM `green_article` [ RunTime:0.0060s ]
ERR: Think\Controller:a方法不存在！

[ 2017-08-23T09:47:34+08:00 ] 127.0.0.1 /GreenCMS/index.php/Admin/Product/index.html
INFO: [ app_init ] --START--
INFO: Run Behavior\BuildLiteBehavior [ RunTime:0.000000s ]
INFO: [ app_init ] --END-- [ RunTime:0.000000s ]
INFO: [ app_begin ] --START--
INFO: Run Behavior\ReadHtmlCacheBehavior [ RunTime:0.001000s ]
INFO: [ app_begin ] --END-- [ RunTime:0.001000s ]
NOTIC: [8] A session had already been started - ignoring session_start() D:\phpStudy\WWW\GreenCMS\ThinkPHP\Common\functions.php 第 1272 行.
SQL: SHOW COLUMNS FROM `green_product` [ RunTime:0.0070s ]
SQL: SHOW COLUMNS FROM `green_product_cate` [ RunTime:0.0060s ]
SQL: SELECT COUNT(*) AS tp_count FROM `green_product` LIMIT 1   [ RunTime:0.0000s ]
SQL: SELECT * FROM green_product pro LEFT JOIN green_product_cate AS cate ON pro.procate_id = cate.procate_id  ORDER BY pro.product_id DESC LIMIT 0,7   [ RunTime:0.0010s ]
NOTIC: [8] A session had already been started - ignoring session_start() D:\phpStudy\WWW\GreenCMS\ThinkPHP\Common\functions.php 第 1272 行.
SQL: SHOW COLUMNS FROM `green_article` [ RunTime:0.0060s ]
ERR: Think\Controller:a方法不存在！

[ 2017-08-23T09:47:35+08:00 ] 127.0.0.1 /GreenCMS/index.php/Admin/Product/index.html
INFO: [ app_init ] --START--
INFO: Run Behavior\BuildLiteBehavior [ RunTime:0.000000s ]
INFO: [ app_init ] --END-- [ RunTime:0.001000s ]
INFO: [ app_begin ] --START--
INFO: Run Behavior\ReadHtmlCacheBehavior [ RunTime:0.000000s ]
INFO: [ app_begin ] --END-- [ RunTime:0.001000s ]
NOTIC: [8] A session had already been started - ignoring session_start() D:\phpStudy\WWW\GreenCMS\ThinkPHP\Common\functions.php 第 1272 行.
SQL: SHOW COLUMNS FROM `green_product` [ RunTime:0.0070s ]
SQL: SHOW COLUMNS FROM `green_product_cate` [ RunTime:0.0080s ]
SQL: SELECT COUNT(*) AS tp_count FROM `green_product` LIMIT 1   [ RunTime:0.0010s ]
SQL: SELECT * FROM green_product pro LEFT JOIN green_product_cate AS cate ON pro.procate_id = cate.procate_id  ORDER BY pro.product_id DESC LIMIT 0,7   [ RunTime:0.0010s ]
NOTIC: [8] A session had already been started - ignoring session_start() D:\phpStudy\WWW\GreenCMS\ThinkPHP\Common\functions.php 第 1272 行.
SQL: SHOW COLUMNS FROM `green_article` [ RunTime:0.0080s ]
ERR: Think\Controller:a方法不存在！

[ 2017-08-23T09:47:35+08:00 ] 127.0.0.1 /GreenCMS/index.php/Admin/Product/index.html
INFO: [ app_init ] --START--
INFO: Run Behavior\BuildLiteBehavior [ RunTime:0.000000s ]
INFO: [ app_init ] --END-- [ RunTime:0.001000s ]
INFO: [ app_begin ] --START--
INFO: Run Behavior\ReadHtmlCacheBehavior [ RunTime:0.001001s ]
INFO: [ app_begin ] --END-- [ RunTime:0.001001s ]
NOTIC: [8] A session had already been started - ignoring session_start() D:\phpStudy\WWW\GreenCMS\ThinkPHP\Common\functions.php 第 1272 行.
SQL: SHOW COLUMNS FROM `green_product` [ RunTime:0.0060s ]
SQL: SHOW COLUMNS FROM `green_product_cate` [ RunTime:0.0060s ]
SQL: SELECT COUNT(*) AS tp_count FROM `green_product` LIMIT 1   [ RunTime:0.0000s ]
SQL: SELECT * FROM green_product pro LEFT JOIN green_product_cate AS cate ON pro.procate_id = cate.procate_id  ORDER BY pro.product_id DESC LIMIT 0,7   [ RunTime:0.0010s ]
NOTIC: [8] A session had already been started - ignoring session_start() D:\phpStudy\WWW\GreenCMS\ThinkPHP\Common\functions.php 第 1272 行.
SQL: SHOW COLUMNS FROM `green_article` [ RunTime:0.0070s ]
ERR: Think\Controller:a方法不存在！

[ 2017-08-23T09:51:30+08:00 ] 127.0.0.1 /GreenCMS/index.php/Admin/Product/index.html
INFO: [ app_init ] --START--
INFO: Run Behavior\BuildLiteBehavior [ RunTime:0.000000s ]
INFO: [ app_init ] --END-- [ RunTime:0.000000s ]
INFO: [ app_begin ] --START--
INFO: Run Behavior\ReadHtmlCacheBehavior [ RunTime:0.001000s ]
INFO: [ app_begin ] --END-- [ RunTime:0.001000s ]
NOTIC: [8] A session had already been started - ignoring session_start() D:\phpStudy\WWW\GreenCMS\ThinkPHP\Common\functions.php 第 1272 行.
SQL: SHOW COLUMNS FROM `green_product` [ RunTime:0.0070s ]
SQL: SHOW COLUMNS FROM `green_product_cate` [ RunTime:0.0060s ]
SQL: SELECT COUNT(*) AS tp_count FROM `green_product` LIMIT 1   [ RunTime:0.0000s ]
SQL: SELECT * FROM green_product pro LEFT JOIN green_product_cate AS cate ON pro.procate_id = cate.procate_id  ORDER BY pro.product_id DESC LIMIT 0,7   [ RunTime:0.0010s ]

[ 2017-08-23T09:52:05+08:00 ] 127.0.0.1 /GreenCMS/index.php/Admin/Product/index.html
INFO: [ app_init ] --START--
INFO: Run Behavior\BuildLiteBehavior [ RunTime:0.000000s ]
INFO: [ app_init ] --END-- [ RunTime:0.000000s ]
INFO: [ app_begin ] --START--
INFO: Run Behavior\ReadHtmlCacheBehavior [ RunTime:0.001000s ]
INFO: [ app_begin ] --END-- [ RunTime:0.001000s ]
NOTIC: [8] A session had already been started - ignoring session_start() D:\phpStudy\WWW\GreenCMS\ThinkPHP\Common\functions.php 第 1272 行.
SQL: SHOW COLUMNS FROM `green_product` [ RunTime:0.0060s ]
SQL: SHOW COLUMNS FROM `green_product_cate` [ RunTime:0.0050s ]
SQL: SELECT COUNT(*) AS tp_count FROM `green_product` LIMIT 1   [ RunTime:0.0010s ]
SQL: SELECT * FROM green_product pro LEFT JOIN green_product_cate AS cate ON pro.procate_id = cate.procate_id  ORDER BY pro.product_id DESC LIMIT 0,7   [ RunTime:0.0010s ]

[ 2017-08-23T09:52:06+08:00 ] 127.0.0.1 /GreenCMS/index.php/Admin/Product/index.html
INFO: [ app_init ] --START--
INFO: Run Behavior\BuildLiteBehavior [ RunTime:0.000000s ]
INFO: [ app_init ] --END-- [ RunTime:0.000000s ]
INFO: [ app_begin ] --START--
INFO: Run Behavior\ReadHtmlCacheBehavior [ RunTime:0.000000s ]
INFO: [ app_begin ] --END-- [ RunTime:0.000000s ]
NOTIC: [8] A session had already been started - ignoring session_start() D:\phpStudy\WWW\GreenCMS\ThinkPHP\Common\functions.php 第 1272 行.
SQL: SHOW COLUMNS FROM `green_product` [ RunTime:0.0060s ]
SQL: SHOW COLUMNS FROM `green_product_cate` [ RunTime:0.0060s ]
SQL: SELECT COUNT(*) AS tp_count FROM `green_product` LIMIT 1   [ RunTime:0.0010s ]
SQL: SELECT * FROM green_product pro LEFT JOIN green_product_cate AS cate ON pro.procate_id = cate.procate_id  ORDER BY pro.product_id DESC LIMIT 0,7   [ RunTime:0.0010s ]

[ 2017-08-23T09:52:06+08:00 ] 127.0.0.1 /GreenCMS/index.php/Admin/Product/index.html
INFO: [ app_init ] --START--
INFO: Run Behavior\BuildLiteBehavior [ RunTime:0.000000s ]
INFO: [ app_init ] --END-- [ RunTime:0.000000s ]
INFO: [ app_begin ] --START--
INFO: Run Behavior\ReadHtmlCacheBehavior [ RunTime:0.000000s ]
INFO: [ app_begin ] --END-- [ RunTime:0.000000s ]
NOTIC: [8] A session had already been started - ignoring session_start() D:\phpStudy\WWW\GreenCMS\ThinkPHP\Common\functions.php 第 1272 行.
SQL: SHOW COLUMNS FROM `green_product` [ RunTime:0.0080s ]
SQL: SHOW COLUMNS FROM `green_product_cate` [ RunTime:0.0060s ]
SQL: SELECT COUNT(*) AS tp_count FROM `green_product` LIMIT 1   [ RunTime:0.0000s ]
SQL: SELECT * FROM green_product pro LEFT JOIN green_product_cate AS cate ON pro.procate_id = cate.procate_id  ORDER BY pro.product_id DESC LIMIT 0,7   [ RunTime:0.0010s ]

[ 2017-08-23T09:52:48+08:00 ] 127.0.0.1 /GreenCMS/index.php/Admin/Product/index.html
INFO: [ app_init ] --START--
INFO: Run Behavior\BuildLiteBehavior [ RunTime:0.000000s ]
INFO: [ app_init ] --END-- [ RunTime:0.001000s ]
INFO: [ app_begin ] --START--
INFO: Run Behavior\ReadHtmlCacheBehavior [ RunTime:0.000000s ]
INFO: [ app_begin ] --END-- [ RunTime:0.000000s ]
NOTIC: [8] A session had already been started - ignoring session_start() D:\phpStudy\WWW\GreenCMS\ThinkPHP\Common\functions.php 第 1272 行.
SQL: SHOW COLUMNS FROM `green_product` [ RunTime:0.0060s ]
SQL: SHOW COLUMNS FROM `green_product_cate` [ RunTime:0.0060s ]
SQL: SELECT COUNT(*) AS tp_count FROM `green_product` LIMIT 1   [ RunTime:0.0000s ]
SQL: SELECT * FROM green_product pro LEFT JOIN green_product_cate AS cate ON pro.procate_id = cate.procate_id  ORDER BY pro.product_id DESC LIMIT 0,7   [ RunTime:0.0000s ]

[ 2017-08-23T09:52:49+08:00 ] 127.0.0.1 /GreenCMS/index.php/Admin/Product/index.html
INFO: [ app_init ] --START--
INFO: Run Behavior\BuildLiteBehavior [ RunTime:0.000000s ]
INFO: [ app_init ] --END-- [ RunTime:0.001000s ]
INFO: [ app_begin ] --START--
INFO: Run Behavior\ReadHtmlCacheBehavior [ RunTime:0.001001s ]
INFO: [ app_begin ] --END-- [ RunTime:0.001001s ]
NOTIC: [8] A session had already been started - ignoring session_start() D:\phpStudy\WWW\GreenCMS\ThinkPHP\Common\functions.php 第 1272 行.
SQL: SHOW COLUMNS FROM `green_product` [ RunTime:0.0070s ]
SQL: SHOW COLUMNS FROM `green_product_cate` [ RunTime:0.0080s ]
SQL: SELECT COUNT(*) AS tp_count FROM `green_product` LIMIT 1   [ RunTime:0.0000s ]
SQL: SELECT * FROM green_product pro LEFT JOIN green_product_cate AS cate ON pro.procate_id = cate.procate_id  ORDER BY pro.product_id DESC LIMIT 0,7   [ RunTime:0.0010s ]

[ 2017-08-23T09:52:49+08:00 ] 127.0.0.1 /GreenCMS/index.php/Admin/Product/index.html
INFO: [ app_init ] --START--
INFO: Run Behavior\BuildLiteBehavior [ RunTime:0.000000s ]
INFO: [ app_init ] --END-- [ RunTime:0.000000s ]
INFO: [ app_begin ] --START--
INFO: Run Behavior\ReadHtmlCacheBehavior [ RunTime:0.000000s ]
INFO: [ app_begin ] --END-- [ RunTime:0.000000s ]
NOTIC: [8] A session had already been started - ignoring session_start() D:\phpStudy\WWW\GreenCMS\ThinkPHP\Common\functions.php 第 1272 行.
SQL: SHOW COLUMNS FROM `green_product` [ RunTime:0.0070s ]
SQL: SHOW COLUMNS FROM `green_product_cate` [ RunTime:0.0080s ]
SQL: SELECT COUNT(*) AS tp_count FROM `green_product` LIMIT 1   [ RunTime:0.0010s ]
SQL: SELECT * FROM green_product pro LEFT JOIN green_product_cate AS cate ON pro.procate_id = cate.procate_id  ORDER BY pro.product_id DESC LIMIT 0,7   [ RunTime:0.0000s ]

[ 2017-08-23T09:52:49+08:00 ] 127.0.0.1 /GreenCMS/index.php/Admin/Product/index.html
INFO: [ app_init ] --START--
INFO: Run Behavior\BuildLiteBehavior [ RunTime:0.000000s ]
INFO: [ app_init ] --END-- [ RunTime:0.001000s ]
INFO: [ app_begin ] --START--
INFO: Run Behavior\ReadHtmlCacheBehavior [ RunTime:0.001000s ]
INFO: [ app_begin ] --END-- [ RunTime:0.001000s ]
NOTIC: [8] A session had already been started - ignoring session_start() D:\phpStudy\WWW\GreenCMS\ThinkPHP\Common\functions.php 第 1272 行.
SQL: SHOW COLUMNS FROM `green_product` [ RunTime:0.0070s ]
SQL: SHOW COLUMNS FROM `green_product_cate` [ RunTime:0.0060s ]
SQL: SELECT COUNT(*) AS tp_count FROM `green_product` LIMIT 1   [ RunTime:0.0000s ]
SQL: SELECT * FROM green_product pro LEFT JOIN green_product_cate AS cate ON pro.procate_id = cate.procate_id  ORDER BY pro.product_id DESC LIMIT 0,7   [ RunTime:0.0010s ]

[ 2017-08-23T09:52:50+08:00 ] 127.0.0.1 /GreenCMS/index.php/Admin/Product/index.html
INFO: [ app_init ] --START--
INFO: Run Behavior\BuildLiteBehavior [ RunTime:0.000000s ]
INFO: [ app_init ] --END-- [ RunTime:0.000000s ]
INFO: [ app_begin ] --START--
INFO: Run Behavior\ReadHtmlCacheBehavior [ RunTime:0.001000s ]
INFO: [ app_begin ] --END-- [ RunTime:0.001000s ]
NOTIC: [8] A session had already been started - ignoring session_start() D:\phpStudy\WWW\GreenCMS\ThinkPHP\Common\functions.php 第 1272 行.
SQL: SHOW COLUMNS FROM `green_product` [ RunTime:0.0060s ]
SQL: SHOW COLUMNS FROM `green_product_cate` [ RunTime:0.0070s ]
SQL: SELECT COUNT(*) AS tp_count FROM `green_product` LIMIT 1   [ RunTime:0.0000s ]
SQL: SELECT * FROM green_product pro LEFT JOIN green_product_cate AS cate ON pro.procate_id = cate.procate_id  ORDER BY pro.product_id DESC LIMIT 0,7   [ RunTime:0.0010s ]

[ 2017-08-23T09:53:03+08:00 ] 127.0.0.1 /GreenCMS/index.php/Admin/Product/index.html
INFO: [ app_init ] --START--
INFO: Run Behavior\BuildLiteBehavior [ RunTime:0.000000s ]
INFO: [ app_init ] --END-- [ RunTime:0.000000s ]
INFO: [ app_begin ] --START--
INFO: Run Behavior\ReadHtmlCacheBehavior [ RunTime:0.000000s ]
INFO: [ app_begin ] --END-- [ RunTime:0.000000s ]
NOTIC: [8] A session had already been started - ignoring session_start() D:\phpStudy\WWW\GreenCMS\ThinkPHP\Common\functions.php 第 1272 行.
SQL: SHOW COLUMNS FROM `green_product` [ RunTime:0.0060s ]
SQL: SHOW COLUMNS FROM `green_product_cate` [ RunTime:0.0060s ]
SQL: SELECT COUNT(*) AS tp_count FROM `green_product` LIMIT 1   [ RunTime:0.0000s ]
SQL: SELECT * FROM green_product pro LEFT JOIN green_product_cate AS cate ON pro.procate_id = cate.procate_id  ORDER BY pro.product_id DESC LIMIT 0,7   [ RunTime:0.0010s ]
NOTIC: [8] A session had already been started - ignoring session_start() D:\phpStudy\WWW\GreenCMS\ThinkPHP\Common\functions.php 第 1272 行.
SQL: SHOW COLUMNS FROM `green_article` [ RunTime:0.0070s ]
INFO: [ view_parse ] --START--
INFO: [ template_filter ] --START--
INFO: Run Behavior\ContentReplaceBehavior [ RunTime:0.000000s ]
INFO: [ template_filter ] --END-- [ RunTime:0.000000s ]
INFO: Run Behavior\ParseTemplateBehavior [ RunTime:0.010001s ]
INFO: [ view_parse ] --END-- [ RunTime:0.010001s ]
INFO: [ view_filter ] --START--
INFO: Run Behavior\WriteHtmlCacheBehavior [ RunTime:0.001000s ]
INFO: [ view_filter ] --END-- [ RunTime:0.001000s ]
INFO: [ app_end ] --START--
INFO: Run Behavior\ShowPageTraceBehavior [ RunTime:0.001000s ]
INFO: [ app_end ] --END-- [ RunTime:0.001000s ]

[ 2017-08-23T09:54:02+08:00 ] 127.0.0.1 /GreenCMS/index.php/Admin/Product/index.html
INFO: [ app_init ] --START--
INFO: Run Behavior\BuildLiteBehavior [ RunTime:0.000000s ]
INFO: [ app_init ] --END-- [ RunTime:0.001001s ]
INFO: [ app_begin ] --START--
INFO: Run Behavior\ReadHtmlCacheBehavior [ RunTime:0.001000s ]
INFO: [ app_begin ] --END-- [ RunTime:0.001000s ]
NOTIC: [8] A session had already been started - ignoring session_start() D:\phpStudy\WWW\GreenCMS\ThinkPHP\Common\functions.php 第 1272 行.
SQL: SHOW COLUMNS FROM `green_product` [ RunTime:0.0060s ]
SQL: SHOW COLUMNS FROM `green_product_cate` [ RunTime:0.0060s ]
SQL: SELECT COUNT(*) AS tp_count FROM `green_product` LIMIT 1   [ RunTime:0.0010s ]
SQL: SELECT * FROM green_product pro LEFT JOIN green_product_cate AS cate ON pro.procate_id = cate.procate_id  ORDER BY pro.product_id DESC LIMIT 0,7   [ RunTime:0.0000s ]
INFO: [ view_parse ] --START--
INFO: [ template_filter ] --START--
INFO: Run Behavior\ContentReplaceBehavior [ RunTime:0.000000s ]
INFO: [ template_filter ] --END-- [ RunTime:0.000000s ]
INFO: Run Behavior\ParseTemplateBehavior [ RunTime:0.008001s ]
INFO: [ view_parse ] --END-- [ RunTime:0.008001s ]
INFO: [ view_filter ] --START--
INFO: Run Behavior\WriteHtmlCacheBehavior [ RunTime:0.000000s ]
INFO: [ view_filter ] --END-- [ RunTime:0.000000s ]
INFO: [ app_end ] --START--
INFO: Run Behavior\ShowPageTraceBehavior [ RunTime:0.001000s ]
INFO: [ app_end ] --END-- [ RunTime:0.001000s ]

