[ 2017-10-05T11:06:30+08:00 ] 127.0.0.1 /GreenCMS/index.php/admin/index/index
INFO: [ app_init ] --START--
INFO: Run Behavior\BuildLiteBehavior [ RunTime:0.000000s ]
INFO: [ app_init ] --END-- [ RunTime:0.000000s ]
INFO: [ app_begin ] --START--
INFO: Run Behavior\ReadHtmlCacheBehavior [ RunTime:0.000000s ]
INFO: Run Behavior\CheckLangBehavior [ RunTime:0.020600s ]
INFO: [ app_begin ] --END-- [ RunTime:0.020600s ]
NOTIC: [8] A session had already been started - ignoring session_start() D:\phpStudy\WWW\GreenCMS\ThinkPHP\Common\functions.php 第 1273 行.
INFO: [ view_parse ] --START--
INFO: [ template_filter ] --START--
INFO: Run Behavior\ContentReplaceBehavior [ RunTime:0.001000s ]
INFO: [ template_filter ] --END-- [ RunTime:0.001000s ]
INFO: Run Behavior\ParseTemplateBehavior [ RunTime:0.177010s ]
INFO: [ view_parse ] --END-- [ RunTime:0.177010s ]
INFO: [ view_filter ] --START--
INFO: Run Behavior\WriteHtmlCacheBehavior [ RunTime:0.001000s ]
INFO: [ view_filter ] --END-- [ RunTime:0.002000s ]

[ 2017-10-05T11:06:35+08:00 ] 127.0.0.1 /GreenCMS/index.php/Admin/login/index.html
INFO: [ app_init ] --START--
INFO: Run Behavior\BuildLiteBehavior [ RunTime:0.000000s ]
INFO: [ app_init ] --END-- [ RunTime:0.000000s ]
INFO: [ app_begin ] --START--
INFO: Run Behavior\ReadHtmlCacheBehavior [ RunTime:0.000000s ]
INFO: Run Behavior\CheckLangBehavior [ RunTime:0.000000s ]
INFO: [ app_begin ] --END-- [ RunTime:0.000000s ]
SQL: SHOW COLUMNS FROM `green_admin` [ RunTime:0.2122s ]
NOTIC: [8] A session had already been started - ignoring session_start() D:\phpStudy\WWW\GreenCMS\ThinkPHP\Common\functions.php 第 1273 行.
SQL: SHOW COLUMNS FROM `green_admin` [ RunTime:0.0156s ]
INFO: [ view_parse ] --START--
INFO: [ template_filter ] --START--
INFO: Run Behavior\ContentReplaceBehavior [ RunTime:0.000000s ]
INFO: [ template_filter ] --END-- [ RunTime:0.000000s ]
INFO: Run Behavior\ParseTemplateBehavior [ RunTime:0.065400s ]
INFO: [ view_parse ] --END-- [ RunTime:0.065400s ]
INFO: [ view_filter ] --START--
INFO: Run Behavior\WriteHtmlCacheBehavior [ RunTime:0.000000s ]
INFO: [ view_filter ] --END-- [ RunTime:0.000000s ]
INFO: [ app_end ] --START--
INFO: Run Behavior\ShowPageTraceBehavior [ RunTime:0.015600s ]
INFO: [ app_end ] --END-- [ RunTime:0.015600s ]

[ 2017-10-05T11:06:38+08:00 ] 127.0.0.1 /GreenCMS/index.php/Admin/login/imgcode.html
INFO: [ app_init ] --START--
INFO: Run Behavior\BuildLiteBehavior [ RunTime:0.000000s ]
INFO: [ app_init ] --END-- [ RunTime:0.002000s ]
INFO: [ app_begin ] --START--
INFO: Run Behavior\ReadHtmlCacheBehavior [ RunTime:0.002000s ]
INFO: Run Behavior\CheckLangBehavior [ RunTime:0.003001s ]
INFO: [ app_begin ] --END-- [ RunTime:0.006001s ]
SQL: SHOW COLUMNS FROM `green_admin` [ RunTime:0.0220s ]
NOTIC: [8] A session had already been started - ignoring session_start() D:\phpStudy\WWW\GreenCMS\ThinkPHP\Common\functions.php 第 1273 行.
INFO: [ app_end ] --START--
INFO: Run Behavior\ShowPageTraceBehavior [ RunTime:0.000000s ]
INFO: [ app_end ] --END-- [ RunTime:0.000000s ]

[ 2017-10-05T11:06:48+08:00 ] 127.0.0.1 /GreenCMS/index.php/Admin/login/index.html
INFO: [ app_init ] --START--
INFO: Run Behavior\BuildLiteBehavior [ RunTime:0.000000s ]
INFO: [ app_init ] --END-- [ RunTime:0.000000s ]
INFO: [ app_begin ] --START--
INFO: Run Behavior\ReadHtmlCacheBehavior [ RunTime:0.000000s ]
INFO: Run Behavior\CheckLangBehavior [ RunTime:0.000000s ]
INFO: [ app_begin ] --END-- [ RunTime:0.000000s ]
SQL: SHOW COLUMNS FROM `green_admin` [ RunTime:0.0156s ]
NOTIC: [8] A session had already been started - ignoring session_start() D:\phpStudy\WWW\GreenCMS\ThinkPHP\Common\functions.php 第 1273 行.
SQL: SHOW COLUMNS FROM `green_admin` [ RunTime:0.0276s ]
NOTIC: [8] Undefined index: validate D:\phpStudy\WWW\GreenCMS\ThinkPHP\Library\Think\Model.class.php 第 1185 行.
NOTIC: [8] Undefined index: auto D:\phpStudy\WWW\GreenCMS\ThinkPHP\Library\Think\Model.class.php 第 1128 行.
SQL: SELECT * FROM `green_admin` WHERE `admin_name` = 'admin' AND `admin_pwd` = 'e10adc3949ba59abbe56e057f20f883e' LIMIT 1   [ RunTime:0.0000s ]
INFO: [ view_parse ] --START--
INFO: [ template_filter ] --START--
INFO: Run Behavior\ContentReplaceBehavior [ RunTime:0.000000s ]
INFO: [ template_filter ] --END-- [ RunTime:0.000000s ]
INFO: Run Behavior\ParseTemplateBehavior [ RunTime:0.015600s ]
INFO: [ view_parse ] --END-- [ RunTime:0.015600s ]
INFO: [ view_filter ] --START--
INFO: Run Behavior\WriteHtmlCacheBehavior [ RunTime:0.000000s ]
INFO: [ view_filter ] --END-- [ RunTime:0.000000s ]

[ 2017-10-05T11:06:50+08:00 ] 127.0.0.1 /GreenCMS/index.php/Admin/index/index.html
INFO: [ app_init ] --START--
INFO: Run Behavior\BuildLiteBehavior [ RunTime:0.000000s ]
INFO: [ app_init ] --END-- [ RunTime:0.002000s ]
INFO: [ app_begin ] --START--
INFO: Run Behavior\ReadHtmlCacheBehavior [ RunTime:0.003001s ]
INFO: Run Behavior\CheckLangBehavior [ RunTime:0.005000s ]
INFO: [ app_begin ] --END-- [ RunTime:0.009001s ]
NOTIC: [8] A session had already been started - ignoring session_start() D:\phpStudy\WWW\GreenCMS\ThinkPHP\Common\functions.php 第 1273 行.
INFO: [ view_parse ] --START--
INFO: [ template_filter ] --START--
INFO: Run Behavior\ContentReplaceBehavior [ RunTime:0.000000s ]
INFO: [ template_filter ] --END-- [ RunTime:0.000000s ]
INFO: Run Behavior\ParseTemplateBehavior [ RunTime:0.136602s ]
INFO: [ view_parse ] --END-- [ RunTime:0.136602s ]
INFO: [ view_filter ] --START--
INFO: Run Behavior\WriteHtmlCacheBehavior [ RunTime:0.000000s ]
INFO: [ view_filter ] --END-- [ RunTime:0.000000s ]
INFO: [ app_end ] --START--
INFO: Run Behavior\ShowPageTraceBehavior [ RunTime:0.000000s ]
INFO: [ app_end ] --END-- [ RunTime:0.000000s ]

[ 2017-10-05T11:09:00+08:00 ] 127.0.0.1 /GreenCMS/index.php/Admin/Article/index.html
INFO: [ app_init ] --START--
INFO: Run Behavior\BuildLiteBehavior [ RunTime:0.000000s ]
INFO: [ app_init ] --END-- [ RunTime:0.000000s ]
INFO: [ app_begin ] --START--
INFO: Run Behavior\ReadHtmlCacheBehavior [ RunTime:0.015600s ]
INFO: Run Behavior\CheckLangBehavior [ RunTime:0.000000s ]
INFO: [ app_begin ] --END-- [ RunTime:0.015600s ]
NOTIC: [8] A session had already been started - ignoring session_start() D:\phpStudy\WWW\GreenCMS\ThinkPHP\Common\functions.php 第 1273 行.
SQL: SHOW COLUMNS FROM `green_article` [ RunTime:0.0186s ]
SQL: SELECT COUNT(*) AS tp_count FROM `green_article` LIMIT 1   [ RunTime:0.0000s ]
SQL: SELECT * FROM `green_article` ORDER BY article_id LIMIT 0,7   [ RunTime:0.0000s ]
INFO: [ view_parse ] --START--
INFO: [ template_filter ] --START--
INFO: Run Behavior\ContentReplaceBehavior [ RunTime:0.000000s ]
INFO: [ template_filter ] --END-- [ RunTime:0.000000s ]
INFO: Run Behavior\ParseTemplateBehavior [ RunTime:0.065401s ]
INFO: [ view_parse ] --END-- [ RunTime:0.065401s ]
INFO: [ view_filter ] --START--
INFO: Run Behavior\WriteHtmlCacheBehavior [ RunTime:0.000000s ]
INFO: [ view_filter ] --END-- [ RunTime:0.000000s ]
INFO: [ app_end ] --START--
INFO: Run Behavior\ShowPageTraceBehavior [ RunTime:0.015600s ]
INFO: [ app_end ] --END-- [ RunTime:0.015600s ]

[ 2017-10-05T11:09:01+08:00 ] 127.0.0.1 /GreenCMS/index.php/Admin/Article/jquery-3.1.1.min.js
INFO: [ app_init ] --START--
INFO: Run Behavior\BuildLiteBehavior [ RunTime:0.000000s ]
INFO: [ app_init ] --END-- [ RunTime:0.002000s ]
INFO: [ app_begin ] --START--
INFO: Run Behavior\ReadHtmlCacheBehavior [ RunTime:0.003000s ]
INFO: Run Behavior\CheckLangBehavior [ RunTime:0.005000s ]
INFO: [ app_begin ] --END-- [ RunTime:0.009000s ]
NOTIC: [8] A session had already been started - ignoring session_start() D:\phpStudy\WWW\GreenCMS\ThinkPHP\Common\functions.php 第 1273 行.
SQL: SHOW COLUMNS FROM `green_article` [ RunTime:0.0210s ]
ERR: 非法操作:jquery-3.1.1.min.js

[ 2017-10-05T11:09:03+08:00 ] 127.0.0.1 /GreenCMS/index.php/Admin/Product/index.html
INFO: [ app_init ] --START--
INFO: Run Behavior\BuildLiteBehavior [ RunTime:0.000000s ]
INFO: [ app_init ] --END-- [ RunTime:0.003000s ]
INFO: [ app_begin ] --START--
INFO: Run Behavior\ReadHtmlCacheBehavior [ RunTime:0.003000s ]
INFO: Run Behavior\CheckLangBehavior [ RunTime:0.005000s ]
INFO: [ app_begin ] --END-- [ RunTime:0.008000s ]
NOTIC: [8] A session had already been started - ignoring session_start() D:\phpStudy\WWW\GreenCMS\ThinkPHP\Common\functions.php 第 1273 行.
SQL: SHOW COLUMNS FROM `green_product` [ RunTime:0.0312s ]
SQL: SHOW COLUMNS FROM `green_product_cate` [ RunTime:0.0664s ]
SQL: SELECT COUNT(*) AS tp_count FROM `green_product` LIMIT 1   [ RunTime:0.0000s ]
SQL: SELECT * FROM green_product pro LEFT JOIN green_product_cate AS cate ON pro.procate_id = cate.procate_id  ORDER BY pro.product_id DESC LIMIT 0,7   [ RunTime:0.0000s ]
INFO: [ view_parse ] --START--
INFO: [ template_filter ] --START--
INFO: Run Behavior\ContentReplaceBehavior [ RunTime:0.000000s ]
INFO: [ template_filter ] --END-- [ RunTime:0.000000s ]
INFO: Run Behavior\ParseTemplateBehavior [ RunTime:0.053800s ]
INFO: [ view_parse ] --END-- [ RunTime:0.053800s ]
INFO: [ view_filter ] --START--
INFO: Run Behavior\WriteHtmlCacheBehavior [ RunTime:0.000000s ]
INFO: [ view_filter ] --END-- [ RunTime:0.000000s ]
INFO: [ app_end ] --START--
INFO: Run Behavior\ShowPageTraceBehavior [ RunTime:0.002000s ]
INFO: [ app_end ] --END-- [ RunTime:0.002000s ]

[ 2017-10-05T11:09:05+08:00 ] 127.0.0.1 /GreenCMS/index.php/Admin/Article/index.html
INFO: [ app_init ] --START--
INFO: Run Behavior\BuildLiteBehavior [ RunTime:0.001000s ]
INFO: [ app_init ] --END-- [ RunTime:0.002000s ]
INFO: [ app_begin ] --START--
INFO: Run Behavior\ReadHtmlCacheBehavior [ RunTime:0.003000s ]
INFO: Run Behavior\CheckLangBehavior [ RunTime:0.005001s ]
INFO: [ app_begin ] --END-- [ RunTime:0.008001s ]
NOTIC: [8] A session had already been started - ignoring session_start() D:\phpStudy\WWW\GreenCMS\ThinkPHP\Common\functions.php 第 1273 行.
SQL: SHOW COLUMNS FROM `green_article` [ RunTime:0.0160s ]
SQL: SELECT COUNT(*) AS tp_count FROM `green_article` LIMIT 1   [ RunTime:0.0000s ]
SQL: SELECT * FROM `green_article` ORDER BY article_id LIMIT 0,7   [ RunTime:0.0000s ]
INFO: [ view_parse ] --START--
INFO: [ template_filter ] --START--
INFO: Run Behavior\ContentReplaceBehavior [ RunTime:0.000000s ]
INFO: [ template_filter ] --END-- [ RunTime:0.000000s ]
INFO: Run Behavior\ParseTemplateBehavior [ RunTime:0.051800s ]
INFO: [ view_parse ] --END-- [ RunTime:0.051800s ]
INFO: [ view_filter ] --START--
INFO: Run Behavior\WriteHtmlCacheBehavior [ RunTime:0.000000s ]
INFO: [ view_filter ] --END-- [ RunTime:0.000000s ]
INFO: [ app_end ] --START--
INFO: Run Behavior\ShowPageTraceBehavior [ RunTime:0.000000s ]
INFO: [ app_end ] --END-- [ RunTime:0.000000s ]

[ 2017-10-05T11:09:05+08:00 ] 127.0.0.1 /GreenCMS/index.php/Admin/Article/jquery-3.1.1.min.js
INFO: [ app_init ] --START--
INFO: Run Behavior\BuildLiteBehavior [ RunTime:0.000000s ]
INFO: [ app_init ] --END-- [ RunTime:0.002000s ]
INFO: [ app_begin ] --START--
INFO: Run Behavior\ReadHtmlCacheBehavior [ RunTime:0.003000s ]
INFO: Run Behavior\CheckLangBehavior [ RunTime:0.013001s ]
INFO: [ app_begin ] --END-- [ RunTime:0.017001s ]
NOTIC: [8] A session had already been started - ignoring session_start() D:\phpStudy\WWW\GreenCMS\ThinkPHP\Common\functions.php 第 1273 行.
SQL: SHOW COLUMNS FROM `green_article` [ RunTime:0.0350s ]
ERR: 非法操作:jquery-3.1.1.min.js

[ 2017-10-05T11:09:14+08:00 ] 127.0.0.1 /GreenCMS/index.php/Admin/Product/index.html
INFO: [ app_init ] --START--
INFO: Run Behavior\BuildLiteBehavior [ RunTime:0.000000s ]
INFO: [ app_init ] --END-- [ RunTime:0.002000s ]
INFO: [ app_begin ] --START--
INFO: Run Behavior\ReadHtmlCacheBehavior [ RunTime:0.002000s ]
INFO: Run Behavior\CheckLangBehavior [ RunTime:0.003000s ]
INFO: [ app_begin ] --END-- [ RunTime:0.005000s ]
NOTIC: [8] A session had already been started - ignoring session_start() D:\phpStudy\WWW\GreenCMS\ThinkPHP\Common\functions.php 第 1273 行.
SQL: SHOW COLUMNS FROM `green_product` [ RunTime:0.0180s ]
SQL: SHOW COLUMNS FROM `green_product_cate` [ RunTime:0.0186s ]
SQL: SELECT COUNT(*) AS tp_count FROM `green_product` LIMIT 1   [ RunTime:0.0010s ]
SQL: SELECT * FROM green_product pro LEFT JOIN green_product_cate AS cate ON pro.procate_id = cate.procate_id  ORDER BY pro.product_id DESC LIMIT 0,7   [ RunTime:0.0020s ]
INFO: [ view_parse ] --START--
INFO: [ template_filter ] --START--
INFO: Run Behavior\ContentReplaceBehavior [ RunTime:0.001000s ]
INFO: [ template_filter ] --END-- [ RunTime:0.001000s ]
INFO: Run Behavior\ParseTemplateBehavior [ RunTime:0.023001s ]
INFO: [ view_parse ] --END-- [ RunTime:0.023001s ]
INFO: [ view_filter ] --START--
INFO: Run Behavior\WriteHtmlCacheBehavior [ RunTime:0.000000s ]
INFO: [ view_filter ] --END-- [ RunTime:0.000000s ]
INFO: [ app_end ] --START--
INFO: Run Behavior\ShowPageTraceBehavior [ RunTime:0.000000s ]
INFO: [ app_end ] --END-- [ RunTime:0.000000s ]

[ 2017-10-05T11:09:16+08:00 ] 127.0.0.1 /GreenCMS/index.php/Admin/Procate/index.html
INFO: [ app_init ] --START--
INFO: Run Behavior\BuildLiteBehavior [ RunTime:0.001000s ]
INFO: [ app_init ] --END-- [ RunTime:0.002000s ]
INFO: [ app_begin ] --START--
INFO: Run Behavior\ReadHtmlCacheBehavior [ RunTime:0.003000s ]
INFO: Run Behavior\CheckLangBehavior [ RunTime:0.005000s ]
INFO: [ app_begin ] --END-- [ RunTime:0.008000s ]
NOTIC: [8] A session had already been started - ignoring session_start() D:\phpStudy\WWW\GreenCMS\ThinkPHP\Common\functions.php 第 1273 行.
SQL: SHOW COLUMNS FROM `green_product_cate` [ RunTime:0.0156s ]
SQL: SELECT COUNT(*) AS tp_count FROM `green_product_cate` LIMIT 1   [ RunTime:0.0000s ]
SQL: SELECT * FROM `green_product_cate` ORDER BY procate_id LIMIT 0,7   [ RunTime:0.0000s ]
INFO: [ view_parse ] --START--
INFO: [ template_filter ] --START--
INFO: Run Behavior\ContentReplaceBehavior [ RunTime:0.000000s ]
INFO: [ template_filter ] --END-- [ RunTime:0.000000s ]
INFO: Run Behavior\ParseTemplateBehavior [ RunTime:0.034200s ]
INFO: [ view_parse ] --END-- [ RunTime:0.034200s ]
INFO: [ view_filter ] --START--
INFO: Run Behavior\WriteHtmlCacheBehavior [ RunTime:0.000000s ]
INFO: [ view_filter ] --END-- [ RunTime:0.015600s ]
INFO: [ app_end ] --START--
INFO: Run Behavior\ShowPageTraceBehavior [ RunTime:0.003000s ]
INFO: [ app_end ] --END-- [ RunTime:0.004000s ]

[ 2017-10-05T11:09:18+08:00 ] 127.0.0.1 /GreenCMS/index.php/Admin/Article/index.html
INFO: [ app_init ] --START--
INFO: Run Behavior\BuildLiteBehavior [ RunTime:0.000000s ]
INFO: [ app_init ] --END-- [ RunTime:0.002000s ]
INFO: [ app_begin ] --START--
INFO: Run Behavior\ReadHtmlCacheBehavior [ RunTime:0.003000s ]
INFO: Run Behavior\CheckLangBehavior [ RunTime:0.005001s ]
INFO: [ app_begin ] --END-- [ RunTime:0.009001s ]
NOTIC: [8] A session had already been started - ignoring session_start() D:\phpStudy\WWW\GreenCMS\ThinkPHP\Common\functions.php 第 1273 行.
SQL: SHOW COLUMNS FROM `green_article` [ RunTime:0.0352s ]
SQL: SELECT COUNT(*) AS tp_count FROM `green_article` LIMIT 1   [ RunTime:0.0010s ]
SQL: SELECT * FROM `green_article` ORDER BY article_id LIMIT 0,7   [ RunTime:0.0000s ]
INFO: [ view_parse ] --START--
INFO: [ template_filter ] --START--
INFO: Run Behavior\ContentReplaceBehavior [ RunTime:0.000000s ]
INFO: [ template_filter ] --END-- [ RunTime:0.000000s ]
INFO: Run Behavior\ParseTemplateBehavior [ RunTime:0.046800s ]
INFO: [ view_parse ] --END-- [ RunTime:0.046800s ]
INFO: [ view_filter ] --START--
INFO: Run Behavior\WriteHtmlCacheBehavior [ RunTime:0.000000s ]
INFO: [ view_filter ] --END-- [ RunTime:0.000000s ]
INFO: [ app_end ] --START--
INFO: Run Behavior\ShowPageTraceBehavior [ RunTime:0.000000s ]
INFO: [ app_end ] --END-- [ RunTime:0.000000s ]

[ 2017-10-05T11:09:19+08:00 ] 127.0.0.1 /GreenCMS/index.php/Admin/Article/jquery-3.1.1.min.js
INFO: [ app_init ] --START--
INFO: Run Behavior\BuildLiteBehavior [ RunTime:0.000000s ]
INFO: [ app_init ] --END-- [ RunTime:0.002001s ]
INFO: [ app_begin ] --START--
INFO: Run Behavior\ReadHtmlCacheBehavior [ RunTime:0.003000s ]
INFO: Run Behavior\CheckLangBehavior [ RunTime:0.005000s ]
INFO: [ app_begin ] --END-- [ RunTime:0.009000s ]
NOTIC: [8] A session had already been started - ignoring session_start() D:\phpStudy\WWW\GreenCMS\ThinkPHP\Common\functions.php 第 1273 行.
SQL: SHOW COLUMNS FROM `green_article` [ RunTime:0.0520s ]
ERR: 非法操作:jquery-3.1.1.min.js

[ 2017-10-05T11:09:19+08:00 ] 127.0.0.1 /GreenCMS/index.php/Admin/Article/index.html
INFO: [ app_init ] --START--
INFO: Run Behavior\BuildLiteBehavior [ RunTime:0.000000s ]
INFO: [ app_init ] --END-- [ RunTime:0.002000s ]
INFO: [ app_begin ] --START--
INFO: Run Behavior\ReadHtmlCacheBehavior [ RunTime:0.002000s ]
INFO: Run Behavior\CheckLangBehavior [ RunTime:0.006000s ]
INFO: [ app_begin ] --END-- [ RunTime:0.008000s ]
NOTIC: [8] A session had already been started - ignoring session_start() D:\phpStudy\WWW\GreenCMS\ThinkPHP\Common\functions.php 第 1273 行.
SQL: SHOW COLUMNS FROM `green_article` [ RunTime:0.0270s ]
SQL: SELECT COUNT(*) AS tp_count FROM `green_article` LIMIT 1   [ RunTime:0.0010s ]
SQL: SELECT * FROM `green_article` ORDER BY article_id LIMIT 0,7   [ RunTime:0.0030s ]
INFO: [ view_parse ] --START--
INFO: [ template_filter ] --START--
INFO: Run Behavior\ContentReplaceBehavior [ RunTime:0.000000s ]
INFO: [ template_filter ] --END-- [ RunTime:0.000000s ]
INFO: Run Behavior\ParseTemplateBehavior [ RunTime:0.029002s ]
INFO: [ view_parse ] --END-- [ RunTime:0.029002s ]
INFO: [ view_filter ] --START--
INFO: Run Behavior\WriteHtmlCacheBehavior [ RunTime:0.000000s ]
INFO: [ view_filter ] --END-- [ RunTime:0.000000s ]
INFO: [ app_end ] --START--
INFO: Run Behavior\ShowPageTraceBehavior [ RunTime:0.000000s ]
INFO: [ app_end ] --END-- [ RunTime:0.000000s ]

[ 2017-10-05T11:09:20+08:00 ] 127.0.0.1 /GreenCMS/index.php/Admin/Article/jquery-3.1.1.min.js
INFO: [ app_init ] --START--
INFO: Run Behavior\BuildLiteBehavior [ RunTime:0.000000s ]
INFO: [ app_init ] --END-- [ RunTime:0.002000s ]
INFO: [ app_begin ] --START--
INFO: Run Behavior\ReadHtmlCacheBehavior [ RunTime:0.003001s ]
INFO: Run Behavior\CheckLangBehavior [ RunTime:0.005000s ]
INFO: [ app_begin ] --END-- [ RunTime:0.009001s ]
NOTIC: [8] A session had already been started - ignoring session_start() D:\phpStudy\WWW\GreenCMS\ThinkPHP\Common\functions.php 第 1273 行.
SQL: SHOW COLUMNS FROM `green_article` [ RunTime:0.0250s ]
ERR: 非法操作:jquery-3.1.1.min.js

[ 2017-10-05T11:09:25+08:00 ] 127.0.0.1 /GreenCMS/index.php/Admin/Article/index/p/2.html
INFO: [ app_init ] --START--
INFO: Run Behavior\BuildLiteBehavior [ RunTime:0.000000s ]
INFO: [ app_init ] --END-- [ RunTime:0.001000s ]
INFO: [ app_begin ] --START--
INFO: Run Behavior\ReadHtmlCacheBehavior [ RunTime:0.003001s ]
INFO: Run Behavior\CheckLangBehavior [ RunTime:0.003000s ]
INFO: [ app_begin ] --END-- [ RunTime:0.007001s ]
NOTIC: [8] A session had already been started - ignoring session_start() D:\phpStudy\WWW\GreenCMS\ThinkPHP\Common\functions.php 第 1273 行.
SQL: SHOW COLUMNS FROM `green_article` [ RunTime:0.0210s ]
SQL: SELECT COUNT(*) AS tp_count FROM `green_article` LIMIT 1   [ RunTime:0.0020s ]
SQL: SELECT * FROM `green_article` ORDER BY article_id LIMIT 7,7   [ RunTime:0.0020s ]
INFO: [ view_parse ] --START--
INFO: [ template_filter ] --START--
INFO: Run Behavior\ContentReplaceBehavior [ RunTime:0.000000s ]
INFO: [ template_filter ] --END-- [ RunTime:0.000000s ]
INFO: Run Behavior\ParseTemplateBehavior [ RunTime:0.018600s ]
INFO: [ view_parse ] --END-- [ RunTime:0.018600s ]
INFO: [ view_filter ] --START--
INFO: Run Behavior\WriteHtmlCacheBehavior [ RunTime:0.000000s ]
INFO: [ view_filter ] --END-- [ RunTime:0.000000s ]
INFO: [ app_end ] --START--
INFO: Run Behavior\ShowPageTraceBehavior [ RunTime:0.015600s ]
INFO: [ app_end ] --END-- [ RunTime:0.015600s ]

[ 2017-10-05T11:09:26+08:00 ] 127.0.0.1 /GreenCMS/index.php/Admin/Article/index/p/jquery-3.1.1.min.js
INFO: [ app_init ] --START--
INFO: Run Behavior\BuildLiteBehavior [ RunTime:0.000000s ]
INFO: [ app_init ] --END-- [ RunTime:0.008000s ]
INFO: [ app_begin ] --START--
INFO: Run Behavior\ReadHtmlCacheBehavior [ RunTime:0.003000s ]
INFO: Run Behavior\CheckLangBehavior [ RunTime:0.008001s ]
INFO: [ app_begin ] --END-- [ RunTime:0.012001s ]
NOTIC: [8] A session had already been started - ignoring session_start() D:\phpStudy\WWW\GreenCMS\ThinkPHP\Common\functions.php 第 1273 行.
SQL: SHOW COLUMNS FROM `green_article` [ RunTime:0.0290s ]
SQL: SELECT COUNT(*) AS tp_count FROM `green_article` LIMIT 1   [ RunTime:0.0020s ]
SQL: SELECT * FROM `green_article` ORDER BY article_id LIMIT 0,7   [ RunTime:0.0040s ]
INFO: [ view_parse ] --START--
INFO: [ template_filter ] --START--
INFO: Run Behavior\ContentReplaceBehavior [ RunTime:0.000000s ]
INFO: [ template_filter ] --END-- [ RunTime:0.000000s ]
INFO: Run Behavior\ParseTemplateBehavior [ RunTime:0.030601s ]
INFO: [ view_parse ] --END-- [ RunTime:0.030601s ]
INFO: [ view_filter ] --START--
INFO: Run Behavior\WriteHtmlCacheBehavior [ RunTime:0.000000s ]
INFO: [ view_filter ] --END-- [ RunTime:0.000000s ]
INFO: [ app_end ] --START--
INFO: Run Behavior\ShowPageTraceBehavior [ RunTime:0.000000s ]
INFO: [ app_end ] --END-- [ RunTime:0.000000s ]

[ 2017-10-05T11:09:28+08:00 ] 127.0.0.1 /GreenCMS/index.php/Admin/Article/index/p/1.html
INFO: [ app_init ] --START--
INFO: Run Behavior\BuildLiteBehavior [ RunTime:0.000000s ]
INFO: [ app_init ] --END-- [ RunTime:0.002000s ]
INFO: [ app_begin ] --START--
INFO: Run Behavior\ReadHtmlCacheBehavior [ RunTime:0.004000s ]
INFO: Run Behavior\CheckLangBehavior [ RunTime:0.005000s ]
INFO: [ app_begin ] --END-- [ RunTime:0.010000s ]
NOTIC: [8] A session had already been started - ignoring session_start() D:\phpStudy\WWW\GreenCMS\ThinkPHP\Common\functions.php 第 1273 行.
SQL: SHOW COLUMNS FROM `green_article` [ RunTime:0.0200s ]
SQL: SELECT COUNT(*) AS tp_count FROM `green_article` LIMIT 1   [ RunTime:0.0000s ]
SQL: SELECT * FROM `green_article` ORDER BY article_id LIMIT 0,7   [ RunTime:0.0000s ]
INFO: [ view_parse ] --START--
INFO: [ template_filter ] --START--
INFO: Run Behavior\ContentReplaceBehavior [ RunTime:0.000000s ]
INFO: [ template_filter ] --END-- [ RunTime:0.000000s ]
INFO: Run Behavior\ParseTemplateBehavior [ RunTime:0.034200s ]
INFO: [ view_parse ] --END-- [ RunTime:0.034200s ]
INFO: [ view_filter ] --START--
INFO: Run Behavior\WriteHtmlCacheBehavior [ RunTime:0.015600s ]
INFO: [ view_filter ] --END-- [ RunTime:0.015600s ]
INFO: [ app_end ] --START--
INFO: Run Behavior\ShowPageTraceBehavior [ RunTime:0.000000s ]
INFO: [ app_end ] --END-- [ RunTime:0.000000s ]

[ 2017-10-05T11:09:29+08:00 ] 127.0.0.1 /GreenCMS/index.php/Admin/Article/index/p/jquery-3.1.1.min.js
INFO: [ app_init ] --START--
INFO: Run Behavior\BuildLiteBehavior [ RunTime:0.000000s ]
INFO: [ app_init ] --END-- [ RunTime:0.003000s ]
INFO: [ app_begin ] --START--
INFO: Run Behavior\ReadHtmlCacheBehavior [ RunTime:0.003000s ]
INFO: Run Behavior\CheckLangBehavior [ RunTime:0.005000s ]
INFO: [ app_begin ] --END-- [ RunTime:0.009000s ]
NOTIC: [8] A session had already been started - ignoring session_start() D:\phpStudy\WWW\GreenCMS\ThinkPHP\Common\functions.php 第 1273 行.
SQL: SHOW COLUMNS FROM `green_article` [ RunTime:0.0270s ]
SQL: SELECT COUNT(*) AS tp_count FROM `green_article` LIMIT 1   [ RunTime:0.0010s ]
SQL: SELECT * FROM `green_article` ORDER BY article_id LIMIT 0,7   [ RunTime:0.0030s ]
INFO: [ view_parse ] --START--
INFO: [ template_filter ] --START--
INFO: Run Behavior\ContentReplaceBehavior [ RunTime:0.000000s ]
INFO: [ template_filter ] --END-- [ RunTime:0.001000s ]
INFO: Run Behavior\ParseTemplateBehavior [ RunTime:0.115006s ]
INFO: [ view_parse ] --END-- [ RunTime:0.115006s ]
INFO: [ view_filter ] --START--
INFO: Run Behavior\WriteHtmlCacheBehavior [ RunTime:0.002001s ]
INFO: [ view_filter ] --END-- [ RunTime:0.002001s ]
INFO: [ app_end ] --START--
INFO: Run Behavior\ShowPageTraceBehavior [ RunTime:0.002000s ]
INFO: [ app_end ] --END-- [ RunTime:0.003000s ]

[ 2017-10-05T11:12:58+08:00 ] 127.0.0.1 /GreenCMS/index.php/Admin/Article/add.html
INFO: [ app_init ] --START--
INFO: Run Behavior\BuildLiteBehavior [ RunTime:0.000000s ]
INFO: [ app_init ] --END-- [ RunTime:0.000000s ]
INFO: [ app_begin ] --START--
INFO: Run Behavior\ReadHtmlCacheBehavior [ RunTime:0.000000s ]
INFO: Run Behavior\CheckLangBehavior [ RunTime:0.000000s ]
INFO: [ app_begin ] --END-- [ RunTime:0.000000s ]
NOTIC: [8] A session had already been started - ignoring session_start() D:\phpStudy\WWW\GreenCMS\ThinkPHP\Common\functions.php 第 1273 行.
SQL: SHOW COLUMNS FROM `green_article` [ RunTime:0.0186s ]
SQL: SHOW COLUMNS FROM `green_article` [ RunTime:0.0312s ]
INFO: [ view_parse ] --START--
INFO: [ template_filter ] --START--
INFO: Run Behavior\ContentReplaceBehavior [ RunTime:0.000000s ]
INFO: [ template_filter ] --END-- [ RunTime:0.000000s ]
INFO: Run Behavior\ParseTemplateBehavior [ RunTime:0.037200s ]
INFO: [ view_parse ] --END-- [ RunTime:0.037200s ]
INFO: [ view_filter ] --START--
INFO: Run Behavior\WriteHtmlCacheBehavior [ RunTime:0.000000s ]
INFO: [ view_filter ] --END-- [ RunTime:0.000000s ]
INFO: [ app_end ] --START--
INFO: Run Behavior\ShowPageTraceBehavior [ RunTime:0.000000s ]
INFO: [ app_end ] --END-- [ RunTime:0.015600s ]

[ 2017-10-05T11:34:51+08:00 ] 127.0.0.1 /GreenCMS/index.php/Admin/Contact/index.html
INFO: [ app_init ] --START--
INFO: Run Behavior\BuildLiteBehavior [ RunTime:0.000000s ]
INFO: [ app_init ] --END-- [ RunTime:0.000000s ]
INFO: [ app_begin ] --START--
INFO: Run Behavior\ReadHtmlCacheBehavior [ RunTime:0.017600s ]
INFO: Run Behavior\CheckLangBehavior [ RunTime:0.001000s ]
INFO: [ app_begin ] --END-- [ RunTime:0.018600s ]
NOTIC: [8] A session had already been started - ignoring session_start() D:\phpStudy\WWW\GreenCMS\ThinkPHP\Common\functions.php 第 1273 行.
SQL: SHOW COLUMNS FROM `green_contact` [ RunTime:0.0156s ]
SQL: SELECT COUNT(*) AS tp_count FROM `green_contact` LIMIT 1   [ RunTime:0.0000s ]
SQL: SELECT * FROM `green_contact` ORDER BY contact_id LIMIT 0,8   [ RunTime:0.0000s ]
INFO: [ view_parse ] --START--
INFO: [ template_filter ] --START--
INFO: Run Behavior\ContentReplaceBehavior [ RunTime:0.000000s ]
INFO: [ template_filter ] --END-- [ RunTime:0.000000s ]
INFO: Run Behavior\ParseTemplateBehavior [ RunTime:0.064400s ]
INFO: [ view_parse ] --END-- [ RunTime:0.064400s ]
INFO: [ view_filter ] --START--
INFO: Run Behavior\WriteHtmlCacheBehavior [ RunTime:0.000000s ]
INFO: [ view_filter ] --END-- [ RunTime:0.000000s ]
INFO: [ app_end ] --START--
INFO: Run Behavior\ShowPageTraceBehavior [ RunTime:0.000000s ]
INFO: [ app_end ] --END-- [ RunTime:0.000000s ]

[ 2017-10-05T11:34:54+08:00 ] 127.0.0.1 /GreenCMS/index.php/Admin/Contact/index/p/2.html
INFO: [ app_init ] --START--
INFO: Run Behavior\BuildLiteBehavior [ RunTime:0.000000s ]
INFO: [ app_init ] --END-- [ RunTime:0.002000s ]
INFO: [ app_begin ] --START--
INFO: Run Behavior\ReadHtmlCacheBehavior [ RunTime:0.009001s ]
INFO: Run Behavior\CheckLangBehavior [ RunTime:0.006000s ]
INFO: [ app_begin ] --END-- [ RunTime:0.015001s ]
NOTIC: [8] A session had already been started - ignoring session_start() D:\phpStudy\WWW\GreenCMS\ThinkPHP\Common\functions.php 第 1273 行.
SQL: SHOW COLUMNS FROM `green_contact` [ RunTime:0.0322s ]
SQL: SELECT COUNT(*) AS tp_count FROM `green_contact` LIMIT 1   [ RunTime:0.0000s ]
SQL: SELECT * FROM `green_contact` ORDER BY contact_id LIMIT 8,8   [ RunTime:0.0000s ]
INFO: [ view_parse ] --START--
INFO: [ template_filter ] --START--
INFO: Run Behavior\ContentReplaceBehavior [ RunTime:0.000000s ]
INFO: [ template_filter ] --END-- [ RunTime:0.000000s ]
INFO: Run Behavior\ParseTemplateBehavior [ RunTime:0.046800s ]
INFO: [ view_parse ] --END-- [ RunTime:0.046800s ]
INFO: [ view_filter ] --START--
INFO: Run Behavior\WriteHtmlCacheBehavior [ RunTime:0.000000s ]
INFO: [ view_filter ] --END-- [ RunTime:0.000000s ]
INFO: [ app_end ] --START--
INFO: Run Behavior\ShowPageTraceBehavior [ RunTime:0.015600s ]
INFO: [ app_end ] --END-- [ RunTime:0.015600s ]

[ 2017-10-05T11:34:57+08:00 ] 127.0.0.1 /GreenCMS/index.php/Admin/Product/index.html
INFO: [ app_init ] --START--
INFO: Run Behavior\BuildLiteBehavior [ RunTime:0.000000s ]
INFO: [ app_init ] --END-- [ RunTime:0.002000s ]
INFO: [ app_begin ] --START--
INFO: Run Behavior\ReadHtmlCacheBehavior [ RunTime:0.003000s ]
INFO: Run Behavior\CheckLangBehavior [ RunTime:0.006000s ]
INFO: [ app_begin ] --END-- [ RunTime:0.010000s ]
NOTIC: [8] A session had already been started - ignoring session_start() D:\phpStudy\WWW\GreenCMS\ThinkPHP\Common\functions.php 第 1273 行.
SQL: SHOW COLUMNS FROM `green_product` [ RunTime:0.0186s ]
SQL: SHOW COLUMNS FROM `green_product_cate` [ RunTime:0.0312s ]
SQL: SELECT COUNT(*) AS tp_count FROM `green_product` LIMIT 1   [ RunTime:0.0000s ]
SQL: SELECT * FROM green_product pro LEFT JOIN green_product_cate AS cate ON pro.procate_id = cate.procate_id  ORDER BY pro.product_id DESC LIMIT 0,7   [ RunTime:0.0000s ]
INFO: [ view_parse ] --START--
INFO: [ template_filter ] --START--
INFO: Run Behavior\ContentReplaceBehavior [ RunTime:0.000000s ]
INFO: [ template_filter ] --END-- [ RunTime:0.000000s ]
INFO: Run Behavior\ParseTemplateBehavior [ RunTime:0.052201s ]
INFO: [ view_parse ] --END-- [ RunTime:0.052201s ]
INFO: [ view_filter ] --START--
INFO: Run Behavior\WriteHtmlCacheBehavior [ RunTime:0.000000s ]
INFO: [ view_filter ] --END-- [ RunTime:0.000000s ]
INFO: [ app_end ] --START--
INFO: Run Behavior\ShowPageTraceBehavior [ RunTime:0.000000s ]
INFO: [ app_end ] --END-- [ RunTime:0.000000s ]

[ 2017-10-05T11:35:00+08:00 ] 127.0.0.1 /GreenCMS/index.php/Admin/Product/index/p/2.html
INFO: [ app_init ] --START--
INFO: Run Behavior\BuildLiteBehavior [ RunTime:0.000000s ]
INFO: [ app_init ] --END-- [ RunTime:0.003001s ]
INFO: [ app_begin ] --START--
INFO: Run Behavior\ReadHtmlCacheBehavior [ RunTime:0.008000s ]
INFO: Run Behavior\CheckLangBehavior [ RunTime:0.008001s ]
INFO: [ app_begin ] --END-- [ RunTime:0.016001s ]
NOTIC: [8] A session had already been started - ignoring session_start() D:\phpStudy\WWW\GreenCMS\ThinkPHP\Common\functions.php 第 1273 行.
SQL: SHOW COLUMNS FROM `green_product` [ RunTime:0.0156s ]
SQL: SHOW COLUMNS FROM `green_product_cate` [ RunTime:0.0180s ]
SQL: SELECT COUNT(*) AS tp_count FROM `green_product` LIMIT 1   [ RunTime:0.0000s ]
SQL: SELECT * FROM green_product pro LEFT JOIN green_product_cate AS cate ON pro.procate_id = cate.procate_id  ORDER BY pro.product_id DESC LIMIT 7,7   [ RunTime:0.0000s ]
INFO: [ view_parse ] --START--
INFO: [ template_filter ] --START--
INFO: Run Behavior\ContentReplaceBehavior [ RunTime:0.000000s ]
INFO: [ template_filter ] --END-- [ RunTime:0.001000s ]
INFO: Run Behavior\ParseTemplateBehavior [ RunTime:0.044201s ]
INFO: [ view_parse ] --END-- [ RunTime:0.044201s ]
INFO: [ view_filter ] --START--
INFO: Run Behavior\WriteHtmlCacheBehavior [ RunTime:0.002000s ]
INFO: [ view_filter ] --END-- [ RunTime:0.002000s ]
INFO: [ app_end ] --START--
INFO: Run Behavior\ShowPageTraceBehavior [ RunTime:0.003000s ]
INFO: [ app_end ] --END-- [ RunTime:0.003000s ]

[ 2017-10-05T11:35:02+08:00 ] 127.0.0.1 /GreenCMS/index.php/Admin/Product/index/p/3.html
INFO: [ app_init ] --START--
INFO: Run Behavior\BuildLiteBehavior [ RunTime:0.000000s ]
INFO: [ app_init ] --END-- [ RunTime:0.002000s ]
INFO: [ app_begin ] --START--
INFO: Run Behavior\ReadHtmlCacheBehavior [ RunTime:0.003000s ]
INFO: Run Behavior\CheckLangBehavior [ RunTime:0.005001s ]
INFO: [ app_begin ] --END-- [ RunTime:0.009001s ]
NOTIC: [8] A session had already been started - ignoring session_start() D:\phpStudy\WWW\GreenCMS\ThinkPHP\Common\functions.php 第 1273 行.
SQL: SHOW COLUMNS FROM `green_product` [ RunTime:0.0230s ]
SQL: SHOW COLUMNS FROM `green_product_cate` [ RunTime:0.0156s ]
SQL: SELECT COUNT(*) AS tp_count FROM `green_product` LIMIT 1   [ RunTime:0.0000s ]
SQL: SELECT * FROM green_product pro LEFT JOIN green_product_cate AS cate ON pro.procate_id = cate.procate_id  ORDER BY pro.product_id DESC LIMIT 14,7   [ RunTime:0.0156s ]
INFO: [ view_parse ] --START--
INFO: [ template_filter ] --START--
INFO: Run Behavior\ContentReplaceBehavior [ RunTime:0.000000s ]
INFO: [ template_filter ] --END-- [ RunTime:0.000000s ]
INFO: Run Behavior\ParseTemplateBehavior [ RunTime:0.042601s ]
INFO: [ view_parse ] --END-- [ RunTime:0.042601s ]
INFO: [ view_filter ] --START--
INFO: Run Behavior\WriteHtmlCacheBehavior [ RunTime:0.000000s ]
INFO: [ view_filter ] --END-- [ RunTime:0.000000s ]
INFO: [ app_end ] --START--
INFO: Run Behavior\ShowPageTraceBehavior [ RunTime:0.000000s ]
INFO: [ app_end ] --END-- [ RunTime:0.000000s ]

